<?xml version="1.0" encoding="UTF-8"?>
<testsuite xmlns:xsi="http://www.w3.org/2001/XMLSchema-instance" xsi:schemaLocation="https://maven.apache.org/surefire/maven-surefire-plugin/xsd/surefire-test-report.xsd" name="org.apache.rocketmq.client.consumer.DefaultLitePullConsumerTest" time="32.81" tests="23" errors="0" skipped="0" failures="0">
  <properties>
[...]
</properties>
  <testcase name="testAssign_PollMessageSuccess" classname="org.apache.rocketmq.client.consumer.DefaultLitePullConsumerTest" time="0.046"/>
  <testcase name="testSubscribe_PollMessageSuccess" classname="org.apache.rocketmq.client.consumer.DefaultLitePullConsumerTest" time="0.119"/>
  <testcase name="testComputePullFromWhereReturned" classname="org.apache.rocketmq.client.consumer.DefaultLitePullConsumerTest" time="0.013"/>
  <testcase name="testConsumerCommitWithMQ" classname="org.apache.rocketmq.client.consumer.DefaultLitePullConsumerTest" time="3.021"/>
  <testcase name="testSubscriptionType_AssignAndSubscribeExclusive" classname="org.apache.rocketmq.client.consumer.DefaultLitePullConsumerTest" time="0.013"/>
  <testcase name="testComputePullFromLast" classname="org.apache.rocketmq.client.consumer.DefaultLitePullConsumerTest" time="0.012"/>
  <testcase name="testSeek_MessageQueueNotInAssignList" classname="org.apache.rocketmq.client.consumer.DefaultLitePullConsumerTest" time="0.019"/>
  <testcase name="testSeek_SeekOffsetIllegal" classname="org.apache.rocketmq.client.consumer.DefaultLitePullConsumerTest" time="0.012"/>
  <testcase name="testSeek_SeekToEnd" classname="org.apache.rocketmq.client.consumer.DefaultLitePullConsumerTest" time="0.014"/>
  <testcase name="testSeek_SeekToBegin" classname="org.apache.rocketmq.client.consumer.DefaultLitePullConsumerTest" time="0.013"/>
  <testcase name="testFetchMessageQueues_FetchMessageQueuesBeforeStart" classname="org.apache.rocketmq.client.consumer.DefaultLitePullConsumerTest" time="0.006"/>
  <testcase name="testPauseAndResume_Success" classname="org.apache.rocketmq.client.consumer.DefaultLitePullConsumerTest" time="8.03"/>
  <testcase name="testSeek_SeekOffsetSuccess" classname="org.apache.rocketmq.client.consumer.DefaultLitePullConsumerTest" time="0.012"/>
  <testcase name="testComputePullByTimeStamp" classname="org.apache.rocketmq.client.consumer.DefaultLitePullConsumerTest" time="0.012"/>
  <testcase name="testFlowControl_Success" classname="org.apache.rocketmq.client.consumer.DefaultLitePullConsumerTest" time="2.041"/>
  <testcase name="testSubscribe_BroadcastPollMessageSuccess" classname="org.apache.rocketmq.client.consumer.DefaultLitePullConsumerTest" time="0.131"/>
  <testcase name="testComputePullFromWhereReturnedNotFound" classname="org.apache.rocketmq.client.consumer.DefaultLitePullConsumerTest" time="0.012"/>
  <testcase name="testPullTaskImpl_ProcessQueueNull" classname="org.apache.rocketmq.client.consumer.DefaultLitePullConsumerTest" time="3.12"/>
  <testcase name="testConsumerAfterShutdown" classname="org.apache.rocketmq.client.consumer.DefaultLitePullConsumerTest" time="2.013"/>
  <testcase name="testRegisterTopicMessageQueueChangeListener_Success" classname="org.apache.rocketmq.client.consumer.DefaultLitePullConsumerTest" time="11.013"/>
  <testcase name="testOffsetForTimestamp_FailedAndSuccess" classname="org.apache.rocketmq.client.consumer.DefaultLitePullConsumerTest" time="0.009"/>
  <testcase name="testPullTaskImpl_ProcessQueueDropped" classname="org.apache.rocketmq.client.consumer.DefaultLitePullConsumerTest" time="3.115"/>
  <testcase name="testCheckConfig_Exception" classname="org.apache.rocketmq.client.consumer.DefaultLitePullConsumerTest" time="0.006"/>
</testsuite>