<?xml version="1.0" encoding="UTF-8" standalone="yes"?><!DOCTYPE report PUBLIC "-//JACOCO//DTD Report 1.1//EN" "report.dtd"><report name="rocketmq-namesrv 5.0.0-SNAPSHOT"><sessioninfo id="Pansons-MacBook-Pro.local-c8ebaa80" start="1658374590292" dump="1658374603951"/><package name="org/apache/rocketmq/namesrv/routeinfo"><class name="org/apache/rocketmq/namesrv/routeinfo/BrokerStatusChangeInfo" sourcefilename="RouteInfoManager.java"><method name="&lt;init&gt;" desc="(Ljava/util/Map;Ljava/lang/String;Ljava/lang/String;)V" line="1179"><counter type="INSTRUCTION" missed="0" covered="12"/><counter type="LINE" missed="0" covered="5"/><counter type="COMPLEXITY" missed="0" covered="1"/><counter type="METHOD" missed="0" covered="1"/></method><method name="getBrokerAddrs" desc="()Ljava/util/Map;" line="1186"><counter type="INSTRUCTION" missed="3" covered="0"/><counter type="LINE" missed="1" covered="0"/><counter type="COMPLEXITY" missed="1" covered="0"/><counter type="METHOD" missed="1" covered="0"/></method><method name="setBrokerAddrs" desc="(Ljava/util/Map;)V" line="1190"><counter type="INSTRUCTION" missed="4" covered="0"/><counter type="LINE" missed="2" covered="0"/><counter type="COMPLEXITY" missed="1" covered="0"/><counter type="METHOD" missed="1" covered="0"/></method><method name="getOfflineBrokerAddr" desc="()Ljava/lang/String;" line="1194"><counter type="INSTRUCTION" missed="3" covered="0"/><counter type="LINE" missed="1" covered="0"/><counter type="COMPLEXITY" missed="1" covered="0"/><counter type="METHOD" missed="1" covered="0"/></method><method name="setOfflineBrokerAddr" desc="(Ljava/lang/String;)V" line="1198"><counter type="INSTRUCTION" missed="4" covered="0"/><counter type="LINE" missed="2" covered="0"/><counter type="COMPLEXITY" missed="1" covered="0"/><counter type="METHOD" missed="1" covered="0"/></method><method name="getHaBrokerAddr" desc="()Ljava/lang/String;" line="1202"><counter type="INSTRUCTION" missed="3" covered="0"/><counter type="LINE" missed="1" covered="0"/><counter type="COMPLEXITY" missed="1" covered="0"/><counter type="METHOD" missed="1" covered="0"/></method><method name="setHaBrokerAddr" desc="(Ljava/lang/String;)V" line="1206"><counter type="INSTRUCTION" missed="4" covered="0"/><counter type="LINE" missed="2" covered="0"/><counter type="COMPLEXITY" missed="1" covered="0"/><counter type="METHOD" missed="1" covered="0"/></method><counter type="INSTRUCTION" missed="21" covered="12"/><counter type="LINE" missed="9" covered="5"/><counter type="COMPLEXITY" missed="6" covered="1"/><counter type="METHOD" missed="6" covered="1"/><counter type="CLASS" missed="0" covered="1"/></class><class name="org/apache/rocketmq/namesrv/routeinfo/BatchUnRegisterService" sourcefilename="BatchUnRegisterService.java"><method name="&lt;init&gt;" desc="(Lorg/apache/rocketmq/namesrv/routeinfo/RouteInfoManager;Lorg/apache/rocketmq/common/namesrv/NamesrvConfig;)V" line="41"><counter type="INSTRUCTION" missed="0" covered="13"/><counter type="LINE" missed="0" covered="4"/><counter type="COMPLEXITY" missed="0" covered="1"/><counter type="METHOD" missed="0" covered="1"/></method><method name="submit" desc="(Lorg/apache/rocketmq/common/protocol/header/namesrv/UnRegisterBrokerRequestHeader;)Z" line="53"><counter type="INSTRUCTION" missed="0" covered="5"/><counter type="LINE" missed="0" covered="1"/><counter type="COMPLEXITY" missed="0" covered="1"/><counter type="METHOD" missed="0" covered="1"/></method><method name="getServiceName" desc="()Ljava/lang/String;" line="58"><counter type="INSTRUCTION" missed="0" covered="3"/><counter type="LINE" missed="0" covered="1"/><counter type="COMPLEXITY" missed="0" covered="1"/><counter type="METHOD" missed="0" covered="1"/></method><method name="run" desc="()V" line="63"><counter type="INSTRUCTION" missed="0" covered="37"/><counter type="BRANCH" missed="0" covered="4"/><counter type="LINE" missed="0" covered="11"/><counter type="COMPLEXITY" missed="0" covered="3"/><counter type="METHOD" missed="0" covered="1"/></method><method name="queueLength" desc="()I" line="83"><counter type="INSTRUCTION" missed="0" covered="4"/><counter type="LINE" missed="0" covered="1"/><counter type="COMPLEXITY" missed="0" covered="1"/><counter type="METHOD" missed="0" covered="1"/></method><method name="&lt;clinit&gt;" desc="()V" line="39"><counter type="INSTRUCTION" missed="0" covered="4"/><counter type="LINE" missed="0" covered="1"/><counter type="COMPLEXITY" missed="0" covered="1"/><counter type="METHOD" missed="0" covered="1"/></method><counter type="INSTRUCTION" missed="0" covered="66"/><counter type="BRANCH" missed="0" covered="4"/><counter type="LINE" missed="0" covered="19"/><counter type="COMPLEXITY" missed="0" covered="8"/><counter type="METHOD" missed="0" covered="6"/><counter type="CLASS" missed="0" covered="1"/></class><class name="org/apache/rocketmq/namesrv/routeinfo/RouteInfoManager" sourcefilename="RouteInfoManager.java"><method name="&lt;init&gt;" desc="(Lorg/apache/rocketmq/common/namesrv/NamesrvConfig;Lorg/apache/rocketmq/namesrv/NamesrvController;)V" line="70"><counter type="INSTRUCTION" missed="0" covered="57"/><counter type="LINE" missed="0" covered="12"/><counter type="COMPLEXITY" missed="0" covered="1"/><counter type="METHOD" missed="0" covered="1"/></method><method name="start" desc="()V" line="96"><counter type="INSTRUCTION" missed="0" covered="4"/><counter type="LINE" missed="0" covered="2"/><counter type="COMPLEXITY" missed="0" covered="1"/><counter type="METHOD" missed="0" covered="1"/></method><method name="shutdown" desc="()V" line="100"><counter type="INSTRUCTION" missed="0" covered="5"/><counter type="LINE" missed="0" covered="2"/><counter type="COMPLEXITY" missed="0" covered="1"/><counter type="METHOD" missed="0" covered="1"/></method><method name="submitUnRegisterBrokerRequest" desc="(Lorg/apache/rocketmq/common/protocol/header/namesrv/UnRegisterBrokerRequestHeader;)Z" line="104"><counter type="INSTRUCTION" missed="0" covered="5"/><counter type="LINE" missed="0" covered="1"/><counter type="COMPLEXITY" missed="0" covered="1"/><counter type="METHOD" missed="0" covered="1"/></method><method name="blockedUnRegisterRequests" desc="()I" line="109"><counter type="INSTRUCTION" missed="0" covered="4"/><counter type="LINE" missed="0" covered="1"/><counter type="COMPLEXITY" missed="0" covered="1"/><counter type="METHOD" missed="0" covered="1"/></method><method name="getAllClusterInfo" desc="()Lorg/apache/rocketmq/common/protocol/body/ClusterInfo;" line="113"><counter type="INSTRUCTION" missed="0" covered="14"/><counter type="LINE" missed="0" covered="4"/><counter type="COMPLEXITY" missed="0" covered="1"/><counter type="METHOD" missed="0" covered="1"/></method><method name="registerTopic" desc="(Ljava/lang/String;Ljava/util/List;)V" line="120"><counter type="INSTRUCTION" missed="79" covered="0"/><counter type="BRANCH" missed="10" covered="0"/><counter type="LINE" missed="19" covered="0"/><counter type="COMPLEXITY" missed="6" covered="0"/><counter type="METHOD" missed="1" covered="0"/></method><method name="deleteTopic" desc="(Ljava/lang/String;)V" line="153"><counter type="INSTRUCTION" missed="5" covered="15"/><counter type="LINE" missed="2" covered="5"/><counter type="COMPLEXITY" missed="0" covered="1"/><counter type="METHOD" missed="0" covered="1"/></method><method name="deleteTopic" desc="(Ljava/lang/String;Ljava/lang/String;)V" line="166"><counter type="INSTRUCTION" missed="15" covered="67"/><counter type="BRANCH" missed="4" covered="8"/><counter type="LINE" missed="4" covered="15"/><counter type="COMPLEXITY" missed="4" covered="3"/><counter type="METHOD" missed="0" covered="1"/></method><method name="getAllTopicList" desc="()Lorg/apache/rocketmq/common/protocol/body/TopicList;" line="194"><counter type="INSTRUCTION" missed="5" covered="22"/><counter type="LINE" missed="2" covered="6"/><counter type="COMPLEXITY" missed="0" covered="1"/><counter type="METHOD" missed="0" covered="1"/></method><method name="registerBroker" desc="(Ljava/lang/String;Ljava/lang/String;Ljava/lang/String;JLjava/lang/String;Ljava/lang/Long;Lorg/apache/rocketmq/common/protocol/body/TopicConfigSerializeWrapper;Ljava/util/List;Lio/netty/channel/Channel;)Lorg/apache/rocketmq/common/namesrv/RegisterBrokerResult;" line="219"><counter type="INSTRUCTION" missed="0" covered="14"/><counter type="LINE" missed="0" covered="1"/><counter type="COMPLEXITY" missed="0" covered="1"/><counter type="METHOD" missed="0" covered="1"/></method><method name="registerBroker" desc="(Ljava/lang/String;Ljava/lang/String;Ljava/lang/String;JLjava/lang/String;Ljava/lang/Long;Ljava/lang/Boolean;Lorg/apache/rocketmq/common/protocol/body/TopicConfigSerializeWrapper;Ljava/util/List;Lio/netty/channel/Channel;)Lorg/apache/rocketmq/common/namesrv/RegisterBrokerResult;" line="233"><counter type="INSTRUCTION" missed="110" covered="338"/><counter type="BRANCH" missed="13" covered="63"/><counter type="LINE" missed="13" covered="71"/><counter type="COMPLEXITY" missed="12" covered="27"/><counter type="METHOD" missed="0" covered="1"/></method><method name="getBrokerMemberGroup" desc="(Ljava/lang/String;Ljava/lang/String;)Lorg/apache/rocketmq/common/protocol/body/BrokerMemberGroup;" line="376"><counter type="INSTRUCTION" missed="35" covered="0"/><counter type="BRANCH" missed="2" covered="0"/><counter type="LINE" missed="10" covered="0"/><counter type="COMPLEXITY" missed="2" covered="0"/><counter type="METHOD" missed="1" covered="0"/></method><method name="isBrokerTopicConfigChanged" desc="(Ljava/lang/String;Ljava/lang/String;Lorg/apache/rocketmq/common/DataVersion;)Z" line="395"><counter type="INSTRUCTION" missed="0" covered="16"/><counter type="BRANCH" missed="0" covered="4"/><counter type="LINE" missed="0" covered="2"/><counter type="COMPLEXITY" missed="0" covered="3"/><counter type="METHOD" missed="0" covered="1"/></method><method name="isTopicConfigChanged" desc="(Ljava/lang/String;Ljava/lang/String;Lorg/apache/rocketmq/common/DataVersion;Ljava/lang/String;Ljava/lang/String;)Z" line="401"><counter type="INSTRUCTION" missed="2" covered="29"/><counter type="BRANCH" missed="2" covered="6"/><counter type="LINE" missed="1" covered="8"/><counter type="COMPLEXITY" missed="2" covered="3"/><counter type="METHOD" missed="0" covered="1"/></method><method name="queryBrokerTopicConfig" desc="(Ljava/lang/String;Ljava/lang/String;)Lorg/apache/rocketmq/common/DataVersion;" line="419"><counter type="INSTRUCTION" missed="0" covered="19"/><counter type="BRANCH" missed="0" covered="2"/><counter type="LINE" missed="0" covered="5"/><counter type="COMPLEXITY" missed="0" covered="2"/><counter type="METHOD" missed="0" covered="1"/></method><method name="updateBrokerInfoUpdateTimestamp" desc="(Ljava/lang/String;Ljava/lang/String;)V" line="428"><counter type="INSTRUCTION" missed="18" covered="0"/><counter type="BRANCH" missed="2" covered="0"/><counter type="LINE" missed="5" covered="0"/><counter type="COMPLEXITY" missed="2" covered="0"/><counter type="METHOD" missed="1" covered="0"/></method><method name="createAndUpdateQueueData" desc="(Ljava/lang/String;Lorg/apache/rocketmq/common/TopicConfig;)V" line="436"><counter type="INSTRUCTION" missed="0" covered="97"/><counter type="BRANCH" missed="0" covered="6"/><counter type="LINE" missed="0" covered="19"/><counter type="COMPLEXITY" missed="0" covered="4"/><counter type="METHOD" missed="0" covered="1"/></method><method name="wipeWritePermOfBrokerByLock" desc="(Ljava/lang/String;)I" line="464"><counter type="INSTRUCTION" missed="7" covered="15"/><counter type="LINE" missed="3" covered="3"/><counter type="COMPLEXITY" missed="0" covered="1"/><counter type="METHOD" missed="0" covered="1"/></method><method name="addWritePermOfBrokerByLock" desc="(Ljava/lang/String;)I" line="479"><counter type="INSTRUCTION" missed="7" covered="15"/><counter type="LINE" missed="3" covered="3"/><counter type="COMPLEXITY" missed="0" covered="1"/><counter type="METHOD" missed="0" covered="1"/></method><method name="operateWritePermOfBroker" desc="(Ljava/lang/String;I)I" line="491"><counter type="INSTRUCTION" missed="0" covered="48"/><counter type="BRANCH" missed="1" covered="6"/><counter type="LINE" missed="0" covered="17"/><counter type="COMPLEXITY" missed="1" covered="4"/><counter type="METHOD" missed="0" covered="1"/></method><method name="unregisterBroker" desc="(Ljava/lang/String;Ljava/lang/String;Ljava/lang/String;J)V" line="522"><counter type="INSTRUCTION" missed="0" covered="27"/><counter type="LINE" missed="0" covered="7"/><counter type="COMPLEXITY" missed="0" covered="1"/><counter type="METHOD" missed="0" covered="1"/></method><method name="unRegisterBroker" desc="(Ljava/util/Set;)V" line="534"><counter type="INSTRUCTION" missed="10" covered="191"/><counter type="BRANCH" missed="6" covered="22"/><counter type="LINE" missed="3" covered="44"/><counter type="COMPLEXITY" missed="6" covered="9"/><counter type="METHOD" missed="0" covered="1"/></method><method name="cleanTopicByUnRegisterRequests" desc="(Ljava/util/Set;Ljava/util/Set;)V" line="614"><counter type="INSTRUCTION" missed="0" covered="89"/><counter type="BRANCH" missed="0" covered="16"/><counter type="LINE" missed="0" covered="22"/><counter type="COMPLEXITY" missed="0" covered="9"/><counter type="METHOD" missed="0" covered="1"/></method><method name="isNoMasterExists" desc="(Ljava/lang/String;)Z" line="649"><counter type="INSTRUCTION" missed="4" covered="25"/><counter type="BRANCH" missed="2" covered="4"/><counter type="LINE" missed="2" covered="4"/><counter type="COMPLEXITY" missed="2" covered="2"/><counter type="METHOD" missed="0" covered="1"/></method><method name="pickupTopicRouteData" desc="(Ljava/lang/String;)Lorg/apache/rocketmq/common/protocol/route/TopicRouteData;" line="662"><counter type="INSTRUCTION" missed="37" covered="243"/><counter type="BRANCH" missed="13" covered="33"/><counter type="LINE" missed="8" covered="59"/><counter type="COMPLEXITY" missed="12" covered="12"/><counter type="METHOD" missed="0" covered="1"/></method><method name="scanNotActiveBroker" desc="()V" line="770"><counter type="INSTRUCTION" missed="22" covered="34"/><counter type="BRANCH" missed="1" covered="3"/><counter type="LINE" missed="5" covered="8"/><counter type="COMPLEXITY" missed="1" covered="2"/><counter type="METHOD" missed="0" covered="1"/></method><method name="onChannelDestroy" desc="(Lorg/apache/rocketmq/common/BrokerAddrInfo;)V" line="786"><counter type="INSTRUCTION" missed="40" covered="0"/><counter type="BRANCH" missed="4" covered="0"/><counter type="LINE" missed="14" covered="0"/><counter type="COMPLEXITY" missed="3" covered="0"/><counter type="METHOD" missed="1" covered="0"/></method><method name="onChannelDestroy" desc="(Lio/netty/channel/Channel;)V" line="809"><counter type="INSTRUCTION" missed="5" covered="63"/><counter type="BRANCH" missed="2" covered="8"/><counter type="LINE" missed="2" covered="19"/><counter type="COMPLEXITY" missed="2" covered="4"/><counter type="METHOD" missed="0" covered="1"/></method><method name="setupUnRegisterRequest" desc="(Lorg/apache/rocketmq/common/protocol/header/namesrv/UnRegisterBrokerRequestHeader;Lorg/apache/rocketmq/common/BrokerAddrInfo;)Z" line="843"><counter type="INSTRUCTION" missed="5" covered="64"/><counter type="BRANCH" missed="4" covered="4"/><counter type="LINE" missed="4" covered="12"/><counter type="COMPLEXITY" missed="4" covered="1"/><counter type="METHOD" missed="0" covered="1"/></method><method name="notifyMinBrokerIdChanged" desc="(Ljava/util/Map;)V" line="869"><counter type="INSTRUCTION" missed="37" covered="0"/><counter type="BRANCH" missed="6" covered="0"/><counter type="LINE" missed="8" covered="0"/><counter type="COMPLEXITY" missed="4" covered="0"/><counter type="METHOD" missed="1" covered="0"/></method><method name="notifyMinBrokerIdChanged" desc="(Ljava/util/Map;Ljava/lang/String;Ljava/lang/String;)V" line="883"><counter type="INSTRUCTION" missed="82" covered="0"/><counter type="BRANCH" missed="8" covered="0"/><counter type="LINE" missed="16" covered="0"/><counter type="COMPLEXITY" missed="5" covered="0"/><counter type="METHOD" missed="1" covered="0"/></method><method name="chooseBrokerAddrsToNotify" desc="(Ljava/util/Map;Ljava/lang/String;)Ljava/util/List;" line="904"><counter type="INSTRUCTION" missed="47" covered="0"/><counter type="BRANCH" missed="8" covered="0"/><counter type="LINE" missed="9" covered="0"/><counter type="COMPLEXITY" missed="5" covered="0"/><counter type="METHOD" missed="1" covered="0"/></method><method name="printAllPeriodically" desc="()V" line="924"><counter type="INSTRUCTION" missed="5" covered="121"/><counter type="BRANCH" missed="0" covered="8"/><counter type="LINE" missed="2" covered="29"/><counter type="COMPLEXITY" missed="0" covered="5"/><counter type="METHOD" missed="0" covered="1"/></method><method name="getSystemTopicList" desc="()Lorg/apache/rocketmq/common/protocol/body/TopicList;" line="970"><counter type="INSTRUCTION" missed="6" covered="83"/><counter type="BRANCH" missed="5" covered="7"/><counter type="LINE" missed="3" covered="18"/><counter type="COMPLEXITY" missed="5" covered="2"/><counter type="METHOD" missed="0" covered="1"/></method><method name="getTopicsByCluster" desc="(Ljava/lang/String;)Lorg/apache/rocketmq/common/protocol/body/TopicList;" line="1002"><counter type="INSTRUCTION" missed="5" covered="65"/><counter type="BRANCH" missed="1" covered="5"/><counter type="LINE" missed="2" covered="18"/><counter type="COMPLEXITY" missed="1" covered="3"/><counter type="METHOD" missed="0" covered="1"/></method><method name="getUnitTopics" desc="()Lorg/apache/rocketmq/common/protocol/body/TopicList;" line="1031"><counter type="INSTRUCTION" missed="10" covered="49"/><counter type="BRANCH" missed="3" covered="5"/><counter type="LINE" missed="3" covered="14"/><counter type="COMPLEXITY" missed="3" covered="2"/><counter type="METHOD" missed="0" covered="1"/></method><method name="getHasUnitSubTopicList" desc="()Lorg/apache/rocketmq/common/protocol/body/TopicList;" line="1057"><counter type="INSTRUCTION" missed="10" covered="49"/><counter type="BRANCH" missed="3" covered="5"/><counter type="LINE" missed="3" covered="14"/><counter type="COMPLEXITY" missed="3" covered="2"/><counter type="METHOD" missed="0" covered="1"/></method><method name="getHasUnitSubUnUnitTopicList" desc="()Lorg/apache/rocketmq/common/protocol/body/TopicList;" line="1083"><counter type="INSTRUCTION" missed="10" covered="57"/><counter type="BRANCH" missed="4" covered="6"/><counter type="LINE" missed="3" covered="15"/><counter type="COMPLEXITY" missed="4" covered="2"/><counter type="METHOD" missed="0" covered="1"/></method><method name="lambda$registerBroker$1" desc="(Ljava/lang/String;JLjava/util/Map$Entry;)Z" line="267"><counter type="INSTRUCTION" missed="0" covered="19"/><counter type="BRANCH" missed="1" covered="5"/><counter type="LINE" missed="0" covered="1"/><counter type="COMPLEXITY" missed="1" covered="3"/><counter type="METHOD" missed="0" covered="1"/></method><method name="lambda$registerBroker$0" desc="(Ljava/lang/String;)Ljava/util/Set;" line="238"><counter type="INSTRUCTION" missed="0" covered="4"/><counter type="LINE" missed="0" covered="1"/><counter type="COMPLEXITY" missed="0" covered="1"/><counter type="METHOD" missed="0" covered="1"/></method><method name="&lt;clinit&gt;" desc="()V" line="68"><counter type="INSTRUCTION" missed="0" covered="4"/><counter type="LINE" missed="0" covered="1"/><counter type="COMPLEXITY" missed="0" covered="1"/><counter type="METHOD" missed="0" covered="1"/></method><counter type="INSTRUCTION" missed="618" covered="1971"/><counter type="BRANCH" missed="105" covered="226"/><counter type="LINE" missed="149" covered="461"/><counter type="COMPLEXITY" missed="90" covered="118"/><counter type="METHOD" missed="7" covered="35"/><counter type="CLASS" missed="0" covered="1"/></class><class name="org/apache/rocketmq/namesrv/routeinfo/BrokerHousekeepingService" sourcefilename="BrokerHousekeepingService.java"><method name="&lt;init&gt;" desc="(Lorg/apache/rocketmq/namesrv/NamesrvController;)V" line="30"><counter type="INSTRUCTION" missed="0" covered="6"/><counter type="LINE" missed="0" covered="3"/><counter type="COMPLEXITY" missed="0" covered="1"/><counter type="METHOD" missed="0" covered="1"/></method><method name="onChannelConnect" desc="(Ljava/lang/String;Lio/netty/channel/Channel;)V" line="36"><counter type="INSTRUCTION" missed="1" covered="0"/><counter type="LINE" missed="1" covered="0"/><counter type="COMPLEXITY" missed="1" covered="0"/><counter type="METHOD" missed="1" covered="0"/></method><method name="onChannelClose" desc="(Ljava/lang/String;Lio/netty/channel/Channel;)V" line="40"><counter type="INSTRUCTION" missed="0" covered="6"/><counter type="LINE" missed="0" covered="2"/><counter type="COMPLEXITY" missed="0" covered="1"/><counter type="METHOD" missed="0" covered="1"/></method><method name="onChannelException" desc="(Ljava/lang/String;Lio/netty/channel/Channel;)V" line="45"><counter type="INSTRUCTION" missed="0" covered="6"/><counter type="LINE" missed="0" covered="2"/><counter type="COMPLEXITY" missed="0" covered="1"/><counter type="METHOD" missed="0" covered="1"/></method><method name="onChannelIdle" desc="(Ljava/lang/String;Lio/netty/channel/Channel;)V" line="50"><counter type="INSTRUCTION" missed="6" covered="0"/><counter type="LINE" missed="2" covered="0"/><counter type="COMPLEXITY" missed="1" covered="0"/><counter type="METHOD" missed="1" covered="0"/></method><method name="&lt;clinit&gt;" desc="()V" line="27"><counter type="INSTRUCTION" missed="0" covered="4"/><counter type="LINE" missed="0" covered="1"/><counter type="COMPLEXITY" missed="0" covered="1"/><counter type="METHOD" missed="0" covered="1"/></method><counter type="INSTRUCTION" missed="7" covered="22"/><counter type="LINE" missed="3" covered="8"/><counter type="COMPLEXITY" missed="2" covered="4"/><counter type="METHOD" missed="2" covered="4"/><counter type="CLASS" missed="0" covered="1"/></class><class name="org/apache/rocketmq/namesrv/routeinfo/BrokerLiveInfo" sourcefilename="RouteInfoManager.java"><method name="&lt;init&gt;" desc="(JJLorg/apache/rocketmq/common/DataVersion;Lio/netty/channel/Channel;Ljava/lang/String;)V" line="1119"><counter type="INSTRUCTION" missed="0" covered="18"/><counter type="LINE" missed="0" covered="7"/><counter type="COMPLEXITY" missed="0" covered="1"/><counter type="METHOD" missed="0" covered="1"/></method><method name="getLastUpdateTimestamp" desc="()J" line="1128"><counter type="INSTRUCTION" missed="0" covered="3"/><counter type="LINE" missed="0" covered="1"/><counter type="COMPLEXITY" missed="0" covered="1"/><counter type="METHOD" missed="0" covered="1"/></method><method name="setLastUpdateTimestamp" desc="(J)V" line="1132"><counter type="INSTRUCTION" missed="4" covered="0"/><counter type="LINE" missed="2" covered="0"/><counter type="COMPLEXITY" missed="1" covered="0"/><counter type="METHOD" missed="1" covered="0"/></method><method name="getHeartbeatTimeoutMillis" desc="()J" line="1136"><counter type="INSTRUCTION" missed="0" covered="3"/><counter type="LINE" missed="0" covered="1"/><counter type="COMPLEXITY" missed="0" covered="1"/><counter type="METHOD" missed="0" covered="1"/></method><method name="setHeartbeatTimeoutMillis" desc="(J)V" line="1140"><counter type="INSTRUCTION" missed="4" covered="0"/><counter type="LINE" missed="2" covered="0"/><counter type="COMPLEXITY" missed="1" covered="0"/><counter type="METHOD" missed="1" covered="0"/></method><method name="getDataVersion" desc="()Lorg/apache/rocketmq/common/DataVersion;" line="1144"><counter type="INSTRUCTION" missed="0" covered="3"/><counter type="LINE" missed="0" covered="1"/><counter type="COMPLEXITY" missed="0" covered="1"/><counter type="METHOD" missed="0" covered="1"/></method><method name="setDataVersion" desc="(Lorg/apache/rocketmq/common/DataVersion;)V" line="1148"><counter type="INSTRUCTION" missed="4" covered="0"/><counter type="LINE" missed="2" covered="0"/><counter type="COMPLEXITY" missed="1" covered="0"/><counter type="METHOD" missed="1" covered="0"/></method><method name="getChannel" desc="()Lio/netty/channel/Channel;" line="1152"><counter type="INSTRUCTION" missed="0" covered="3"/><counter type="LINE" missed="0" covered="1"/><counter type="COMPLEXITY" missed="0" covered="1"/><counter type="METHOD" missed="0" covered="1"/></method><method name="setChannel" desc="(Lio/netty/channel/Channel;)V" line="1156"><counter type="INSTRUCTION" missed="4" covered="0"/><counter type="LINE" missed="2" covered="0"/><counter type="COMPLEXITY" missed="1" covered="0"/><counter type="METHOD" missed="1" covered="0"/></method><method name="getHaServerAddr" desc="()Ljava/lang/String;" line="1160"><counter type="INSTRUCTION" missed="0" covered="3"/><counter type="LINE" missed="0" covered="1"/><counter type="COMPLEXITY" missed="0" covered="1"/><counter type="METHOD" missed="0" covered="1"/></method><method name="setHaServerAddr" desc="(Ljava/lang/String;)V" line="1164"><counter type="INSTRUCTION" missed="4" covered="0"/><counter type="LINE" missed="2" covered="0"/><counter type="COMPLEXITY" missed="1" covered="0"/><counter type="METHOD" missed="1" covered="0"/></method><method name="toString" desc="()Ljava/lang/String;" line="1169"><counter type="INSTRUCTION" missed="0" covered="27"/><counter type="LINE" missed="0" covered="1"/><counter type="COMPLEXITY" missed="0" covered="1"/><counter type="METHOD" missed="0" covered="1"/></method><counter type="INSTRUCTION" missed="20" covered="60"/><counter type="LINE" missed="10" covered="13"/><counter type="COMPLEXITY" missed="5" covered="7"/><counter type="METHOD" missed="5" covered="7"/><counter type="CLASS" missed="0" covered="1"/></class><sourcefile name="BatchUnRegisterService.java"><line nr="39" mi="0" ci="4" mb="0" cb="0"/><line nr="41" mi="0" ci="2" mb="0" cb="0"/><line nr="42" mi="0" ci="3" mb="0" cb="0"/><line nr="43" mi="0" ci="7" mb="0" cb="0"/><line nr="44" mi="0" ci="1" mb="0" cb="0"/><line nr="53" mi="0" ci="5" mb="0" cb="0"/><line nr="58" mi="0" ci="3" mb="0" cb="0"/><line nr="63" mi="0" ci="3" mb="0" cb="2"/><line nr="65" mi="0" ci="7" mb="0" cb="0"/><line nr="66" mi="0" ci="2" mb="0" cb="2"/><line nr="67" mi="0" ci="4" mb="0" cb="0"/><line nr="68" mi="0" ci="5" mb="0" cb="0"/><line nr="71" mi="0" ci="4" mb="0" cb="0"/><line nr="73" mi="0" ci="4" mb="0" cb="0"/><line nr="75" mi="0" ci="1" mb="0" cb="0"/><line nr="76" mi="0" ci="4" mb="0" cb="0"/><line nr="77" mi="0" ci="2" mb="0" cb="0"/><line nr="79" mi="0" ci="1" mb="0" cb="0"/><line nr="83" mi="0" ci="4" mb="0" cb="0"/><counter type="INSTRUCTION" missed="0" covered="66"/><counter type="BRANCH" missed="0" covered="4"/><counter type="LINE" missed="0" covered="19"/><counter type="COMPLEXITY" missed="0" covered="8"/><counter type="METHOD" missed="0" covered="6"/><counter type="CLASS" missed="0" covered="1"/></sourcefile><sourcefile name="RouteInfoManager.java"><line nr="68" mi="0" ci="4" mb="0" cb="0"/><line nr="70" mi="0" ci="5" mb="0" cb="0"/><line nr="83" mi="0" ci="2" mb="0" cb="0"/><line nr="84" mi="0" ci="6" mb="0" cb="0"/><line nr="85" mi="0" ci="6" mb="0" cb="0"/><line nr="86" mi="0" ci="6" mb="0" cb="0"/><line nr="87" mi="0" ci="6" mb="0" cb="0"/><line nr="88" mi="0" ci="6" mb="0" cb="0"/><line nr="89" mi="0" ci="6" mb="0" cb="0"/><line nr="90" mi="0" ci="7" mb="0" cb="0"/><line nr="91" mi="0" ci="3" mb="0" cb="0"/><line nr="92" mi="0" ci="3" mb="0" cb="0"/><line nr="93" mi="0" ci="1" mb="0" cb="0"/><line nr="96" mi="0" ci="3" mb="0" cb="0"/><line nr="97" mi="0" ci="1" mb="0" cb="0"/><line nr="100" mi="0" ci="4" mb="0" cb="0"/><line nr="101" mi="0" ci="1" mb="0" cb="0"/><line nr="104" mi="0" ci="5" mb="0" cb="0"/><line nr="109" mi="0" ci="4" mb="0" cb="0"/><line nr="113" mi="0" ci="4" mb="0" cb="0"/><line nr="114" mi="0" ci="4" mb="0" cb="0"/><line nr="115" mi="0" ci="4" mb="0" cb="0"/><line nr="116" mi="0" ci="2" mb="0" cb="0"/><line nr="120" mi="5" ci="0" mb="4" cb="0"/><line nr="121" mi="1" ci="0" mb="0" cb="0"/><line nr="125" mi="4" ci="0" mb="0" cb="0"/><line nr="126" mi="5" ci="0" mb="2" cb="0"/><line nr="127" mi="9" ci="0" mb="0" cb="0"/><line nr="130" mi="4" ci="0" mb="0" cb="0"/><line nr="131" mi="10" ci="0" mb="2" cb="0"/><line nr="132" mi="6" ci="0" mb="2" cb="0"/><line nr="133" mi="5" ci="0" mb="0" cb="0"/><line nr="134" mi="1" ci="0" mb="0" cb="0"/><line nr="136" mi="6" ci="0" mb="0" cb="0"/><line nr="137" mi="1" ci="0" mb="0" cb="0"/><line nr="139" mi="6" ci="0" mb="0" cb="0"/><line nr="140" mi="5" ci="0" mb="0" cb="0"/><line nr="143" mi="4" ci="0" mb="0" cb="0"/><line nr="145" mi="1" ci="0" mb="0" cb="0"/><line nr="146" mi="4" ci="0" mb="0" cb="0"/><line nr="147" mi="1" ci="0" mb="0" cb="0"/><line nr="148" mi="1" ci="0" mb="0" cb="0"/><line nr="153" mi="0" ci="4" mb="0" cb="0"/><line nr="154" mi="0" ci="5" mb="0" cb="0"/><line nr="156" mi="0" ci="4" mb="0" cb="0"/><line nr="158" mi="1" ci="0" mb="0" cb="0"/><line nr="159" mi="4" ci="0" mb="0" cb="0"/><line nr="160" mi="0" ci="1" mb="0" cb="0"/><line nr="161" mi="0" ci="1" mb="0" cb="0"/><line nr="166" mi="0" ci="4" mb="0" cb="0"/><line nr="167" mi="0" ci="6" mb="0" cb="0"/><line nr="168" mi="0" ci="3" mb="0" cb="2"/><line nr="169" mi="0" ci="2" mb="1" cb="1"/><line nr="170" mi="0" ci="6" mb="0" cb="0"/><line nr="171" mi="0" ci="2" mb="1" cb="1"/><line nr="172" mi="0" ci="10" mb="0" cb="2"/><line nr="173" mi="0" ci="5" mb="0" cb="0"/><line nr="174" mi="0" ci="2" mb="1" cb="1"/><line nr="175" mi="0" ci="17" mb="0" cb="0"/><line nr="178" mi="0" ci="1" mb="0" cb="0"/><line nr="179" mi="0" ci="3" mb="1" cb="1"/><line nr="180" mi="5" ci="0" mb="0" cb="0"/><line nr="181" mi="5" ci="0" mb="0" cb="0"/><line nr="186" mi="0" ci="4" mb="0" cb="0"/><line nr="188" mi="1" ci="0" mb="0" cb="0"/><line nr="189" mi="4" ci="0" mb="0" cb="0"/><line nr="190" mi="0" ci="1" mb="0" cb="0"/><line nr="191" mi="0" ci="1" mb="0" cb="0"/><line nr="194" mi="0" ci="4" mb="0" cb="0"/><line nr="197" mi="0" ci="4" mb="0" cb="0"/><line nr="198" mi="0" ci="7" mb="0" cb="0"/><line nr="200" mi="0" ci="4" mb="0" cb="0"/><line nr="202" mi="1" ci="0" mb="0" cb="0"/><line nr="203" mi="4" ci="0" mb="0" cb="0"/><line nr="204" mi="0" ci="1" mb="0" cb="0"/><line nr="206" mi="0" ci="2" mb="0" cb="0"/><line nr="219" mi="0" ci="14" mb="0" cb="0"/><line nr="233" mi="0" ci="4" mb="0" cb="0"/><line nr="236" mi="0" ci="4" mb="0" cb="0"/><line nr="238" mi="0" ci="11" mb="0" cb="0"/><line nr="239" mi="0" ci="4" mb="0" cb="0"/><line nr="241" mi="0" ci="2" mb="0" cb="0"/><line nr="243" mi="0" ci="6" mb="0" cb="0"/><line nr="244" mi="0" ci="3" mb="0" cb="2"/><line nr="245" mi="0" ci="2" mb="0" cb="0"/><line nr="246" mi="0" ci="9" mb="0" cb="0"/><line nr="247" mi="0" ci="6" mb="0" cb="0"/><line nr="250" mi="0" ci="6" mb="0" cb="2"/><line nr="251" mi="0" ci="10" mb="0" cb="4"/><line nr="253" mi="0" ci="3" mb="0" cb="0"/><line nr="255" mi="0" ci="2" mb="0" cb="0"/><line nr="256" mi="0" ci="2" mb="0" cb="0"/><line nr="257" mi="0" ci="3" mb="0" cb="2"/><line nr="258" mi="0" ci="6" mb="0" cb="0"/><line nr="261" mi="0" ci="4" mb="0" cb="2"/><line nr="262" mi="0" ci="2" mb="0" cb="0"/><line nr="267" mi="0" ci="26" mb="1" cb="5"/><line nr="270" mi="0" ci="6" mb="0" cb="0"/><line nr="271" mi="0" ci="7" mb="0" cb="4"/><line nr="272" mi="0" ci="10" mb="0" cb="0"/><line nr="274" mi="0" ci="3" mb="1" cb="1"/><line nr="275" mi="0" ci="4" mb="0" cb="0"/><line nr="276" mi="0" ci="4" mb="0" cb="0"/><line nr="277" mi="0" ci="4" mb="1" cb="1"/><line nr="278" mi="16" ci="0" mb="0" cb="0"/><line nr="280" mi="20" ci="0" mb="0" cb="0"/><line nr="282" mi="9" ci="0" mb="0" cb="0"/><line nr="283" mi="4" ci="0" mb="0" cb="0"/><line nr="288" mi="0" ci="7" mb="0" cb="0"/><line nr="289" mi="0" ci="9" mb="0" cb="4"/><line nr="291" mi="0" ci="8" mb="0" cb="2"/><line nr="292" mi="0" ci="6" mb="0" cb="4"/><line nr="293" mi="0" ci="10" mb="0" cb="2"/><line nr="295" mi="0" ci="7" mb="1" cb="5"/><line nr="297" mi="0" ci="1" mb="0" cb="0"/><line nr="298" mi="0" ci="2" mb="0" cb="0"/><line nr="299" mi="0" ci="2" mb="1" cb="1"/><line nr="300" mi="0" ci="11" mb="0" cb="2"/><line nr="301" mi="0" ci="8" mb="0" cb="4"/><line nr="302" mi="0" ci="3" mb="0" cb="0"/><line nr="303" mi="0" ci="3" mb="0" cb="0"/><line nr="304" mi="0" ci="4" mb="0" cb="0"/><line nr="305" mi="0" ci="2" mb="0" cb="2"/><line nr="307" mi="0" ci="6" mb="0" cb="0"/><line nr="309" mi="0" ci="4" mb="0" cb="0"/><line nr="311" mi="0" ci="1" mb="0" cb="0"/><line nr="314" mi="0" ci="9" mb="0" cb="4"/><line nr="315" mi="0" ci="3" mb="0" cb="0"/><line nr="316" mi="0" ci="3" mb="0" cb="0"/><line nr="318" mi="4" ci="7" mb="1" cb="1"/><line nr="319" mi="6" ci="0" mb="2" cb="0"/><line nr="320" mi="9" ci="0" mb="0" cb="0"/><line nr="324" mi="14" ci="0" mb="0" cb="0"/><line nr="325" mi="1" ci="0" mb="0" cb="0"/><line nr="329" mi="0" ci="6" mb="0" cb="0"/><line nr="330" mi="0" ci="8" mb="0" cb="0"/><line nr="332" mi="1" ci="5" mb="1" cb="1"/><line nr="333" mi="5" ci="3" mb="1" cb="1"/><line nr="334" mi="0" ci="4" mb="0" cb="0"/><line nr="337" mi="0" ci="3" mb="0" cb="2"/><line nr="338" mi="0" ci="5" mb="0" cb="0"/><line nr="341" mi="0" ci="2" mb="1" cb="1"/><line nr="342" mi="0" ci="3" mb="1" cb="1"/><line nr="343" mi="0" ci="6" mb="0" cb="0"/><line nr="345" mi="6" ci="0" mb="0" cb="0"/><line nr="349" mi="0" ci="4" mb="0" cb="2"/><line nr="350" mi="0" ci="7" mb="0" cb="0"/><line nr="351" mi="0" ci="2" mb="0" cb="2"/><line nr="352" mi="0" ci="6" mb="0" cb="0"/><line nr="353" mi="0" ci="6" mb="0" cb="0"/><line nr="354" mi="0" ci="2" mb="1" cb="1"/><line nr="355" mi="0" ci="4" mb="0" cb="0"/><line nr="356" mi="0" ci="3" mb="0" cb="0"/><line nr="361" mi="0" ci="6" mb="1" cb="3"/><line nr="362" mi="7" ci="0" mb="0" cb="0"/><line nr="363" mi="3" ci="0" mb="0" cb="0"/><line nr="366" mi="0" ci="4" mb="0" cb="0"/><line nr="368" mi="1" ci="0" mb="0" cb="0"/><line nr="369" mi="4" ci="0" mb="0" cb="0"/><line nr="370" mi="0" ci="1" mb="0" cb="0"/><line nr="372" mi="0" ci="2" mb="0" cb="0"/><line nr="376" mi="6" ci="0" mb="0" cb="0"/><line nr="379" mi="4" ci="0" mb="0" cb="0"/><line nr="380" mi="6" ci="0" mb="0" cb="0"/><line nr="381" mi="2" ci="0" mb="2" cb="0"/><line nr="382" mi="5" ci="0" mb="0" cb="0"/><line nr="385" mi="4" ci="0" mb="0" cb="0"/><line nr="387" mi="1" ci="0" mb="0" cb="0"/><line nr="388" mi="4" ci="0" mb="0" cb="0"/><line nr="389" mi="1" ci="0" mb="0" cb="0"/><line nr="390" mi="2" ci="0" mb="0" cb="0"/><line nr="395" mi="0" ci="5" mb="0" cb="0"/><line nr="396" mi="0" ci="11" mb="0" cb="4"/><line nr="401" mi="0" ci="6" mb="0" cb="0"/><line nr="402" mi="0" ci="2" mb="0" cb="2"/><line nr="403" mi="0" ci="2" mb="0" cb="0"/><line nr="405" mi="0" ci="6" mb="0" cb="0"/><line nr="406" mi="0" ci="5" mb="1" cb="3"/><line nr="407" mi="0" ci="2" mb="0" cb="0"/><line nr="410" mi="0" ci="4" mb="1" cb="1"/><line nr="412" mi="0" ci="2" mb="0" cb="0"/><line nr="415" mi="2" ci="0" mb="0" cb="0"/><line nr="419" mi="0" ci="6" mb="0" cb="0"/><line nr="420" mi="0" ci="6" mb="0" cb="0"/><line nr="421" mi="0" ci="2" mb="0" cb="2"/><line nr="422" mi="0" ci="3" mb="0" cb="0"/><line nr="424" mi="0" ci="2" mb="0" cb="0"/><line nr="428" mi="6" ci="0" mb="0" cb="0"/><line nr="429" mi="6" ci="0" mb="0" cb="0"/><line nr="430" mi="2" ci="0" mb="2" cb="0"/><line nr="431" mi="3" ci="0" mb="0" cb="0"/><line nr="433" mi="1" ci="0" mb="0" cb="0"/><line nr="436" mi="0" ci="4" mb="0" cb="0"/><line nr="437" mi="0" ci="3" mb="0" cb="0"/><line nr="438" mi="0" ci="4" mb="0" cb="0"/><line nr="439" mi="0" ci="4" mb="0" cb="0"/><line nr="440" mi="0" ci="4" mb="0" cb="0"/><line nr="441" mi="0" ci="4" mb="0" cb="0"/><line nr="443" mi="0" ci="7" mb="0" cb="0"/><line nr="444" mi="0" ci="3" mb="0" cb="2"/><line nr="445" mi="0" ci="4" mb="0" cb="0"/><line nr="446" mi="0" ci="5" mb="0" cb="0"/><line nr="447" mi="0" ci="7" mb="0" cb="0"/><line nr="448" mi="0" ci="7" mb="0" cb="0"/><line nr="450" mi="0" ci="5" mb="0" cb="0"/><line nr="451" mi="0" ci="2" mb="0" cb="2"/><line nr="452" mi="0" ci="6" mb="0" cb="0"/><line nr="453" mi="0" ci="4" mb="0" cb="2"/><line nr="454" mi="0" ci="18" mb="0" cb="0"/><line nr="456" mi="0" ci="5" mb="0" cb="0"/><line nr="459" mi="0" ci="1" mb="0" cb="0"/><line nr="464" mi="0" ci="4" mb="0" cb="0"/><line nr="465" mi="0" ci="7" mb="0" cb="0"/><line nr="467" mi="0" ci="4" mb="0" cb="0"/><line nr="469" mi="1" ci="0" mb="0" cb="0"/><line nr="470" mi="4" ci="0" mb="0" cb="0"/><line nr="473" mi="2" ci="0" mb="0" cb="0"/><line nr="479" mi="0" ci="4" mb="0" cb="0"/><line nr="480" mi="0" ci="7" mb="0" cb="0"/><line nr="482" mi="0" ci="4" mb="0" cb="0"/><line nr="484" mi="1" ci="0" mb="0" cb="0"/><line nr="485" mi="4" ci="0" mb="0" cb="0"/><line nr="487" mi="2" ci="0" mb="0" cb="0"/><line nr="491" mi="0" ci="4" mb="0" cb="0"/><line nr="492" mi="0" ci="2" mb="0" cb="0"/><line nr="494" mi="0" ci="5" mb="0" cb="0"/><line nr="495" mi="0" ci="3" mb="0" cb="2"/><line nr="496" mi="0" ci="4" mb="0" cb="0"/><line nr="497" mi="0" ci="4" mb="0" cb="0"/><line nr="499" mi="0" ci="5" mb="0" cb="0"/><line nr="500" mi="0" ci="2" mb="0" cb="2"/><line nr="501" mi="0" ci="3" mb="0" cb="0"/><line nr="502" mi="0" ci="2" mb="1" cb="2"/><line nr="504" mi="0" ci="4" mb="0" cb="0"/><line nr="505" mi="0" ci="1" mb="0" cb="0"/><line nr="507" mi="0" ci="2" mb="0" cb="0"/><line nr="510" mi="0" ci="3" mb="0" cb="0"/><line nr="511" mi="0" ci="1" mb="0" cb="0"/><line nr="513" mi="0" ci="1" mb="0" cb="0"/><line nr="514" mi="0" ci="2" mb="0" cb="0"/><line nr="522" mi="0" ci="4" mb="0" cb="0"/><line nr="523" mi="0" ci="3" mb="0" cb="0"/><line nr="524" mi="0" ci="3" mb="0" cb="0"/><line nr="525" mi="0" ci="3" mb="0" cb="0"/><line nr="526" mi="0" ci="4" mb="0" cb="0"/><line nr="528" mi="0" ci="9" mb="0" cb="0"/><line nr="529" mi="0" ci="1" mb="0" cb="0"/><line nr="534" mi="0" ci="4" mb="0" cb="0"/><line nr="535" mi="0" ci="4" mb="0" cb="0"/><line nr="536" mi="0" ci="4" mb="0" cb="0"/><line nr="538" mi="0" ci="4" mb="0" cb="0"/><line nr="539" mi="0" ci="10" mb="0" cb="2"/><line nr="540" mi="0" ci="3" mb="0" cb="0"/><line nr="541" mi="0" ci="3" mb="0" cb="0"/><line nr="543" mi="0" ci="7" mb="0" cb="0"/><line nr="545" mi="0" ci="6" mb="0" cb="0"/><line nr="546" mi="1" ci="8" mb="1" cb="1"/><line nr="551" mi="0" ci="5" mb="0" cb="0"/><line nr="553" mi="0" ci="2" mb="0" cb="0"/><line nr="554" mi="0" ci="2" mb="0" cb="0"/><line nr="555" mi="0" ci="6" mb="0" cb="0"/><line nr="556" mi="0" ci="3" mb="1" cb="1"/><line nr="557" mi="0" ci="5" mb="1" cb="1"/><line nr="558" mi="0" ci="7" mb="0" cb="2"/><line nr="559" mi="0" ci="2" mb="0" cb="0"/><line nr="561" mi="0" ci="7" mb="0" cb="0"/><line nr="562" mi="0" ci="9" mb="0" cb="2"/><line nr="566" mi="0" ci="4" mb="0" cb="2"/><line nr="567" mi="0" ci="5" mb="0" cb="0"/><line nr="568" mi="0" ci="4" mb="0" cb="0"/><line nr="572" mi="0" ci="3" mb="0" cb="0"/><line nr="573" mi="0" ci="2" mb="0" cb="2"/><line nr="574" mi="0" ci="7" mb="0" cb="0"/><line nr="575" mi="0" ci="4" mb="0" cb="0"/><line nr="579" mi="0" ci="2" mb="0" cb="2"/><line nr="580" mi="0" ci="6" mb="0" cb="0"/><line nr="581" mi="0" ci="2" mb="1" cb="1"/><line nr="582" mi="0" ci="4" mb="0" cb="0"/><line nr="583" mi="1" ci="8" mb="1" cb="1"/><line nr="587" mi="0" ci="3" mb="0" cb="2"/><line nr="588" mi="0" ci="5" mb="0" cb="0"/><line nr="589" mi="0" ci="4" mb="0" cb="0"/><line nr="594" mi="0" ci="4" mb="0" cb="0"/><line nr="595" mi="0" ci="1" mb="0" cb="0"/><line nr="596" mi="0" ci="4" mb="0" cb="0"/><line nr="598" mi="0" ci="1" mb="0" cb="0"/><line nr="600" mi="0" ci="4" mb="0" cb="0"/><line nr="602" mi="0" ci="7" mb="1" cb="3"/><line nr="603" mi="3" ci="0" mb="0" cb="0"/><line nr="606" mi="0" ci="4" mb="0" cb="0"/><line nr="608" mi="1" ci="0" mb="0" cb="0"/><line nr="609" mi="4" ci="0" mb="0" cb="0"/><line nr="610" mi="0" ci="1" mb="0" cb="0"/><line nr="611" mi="0" ci="1" mb="0" cb="0"/><line nr="614" mi="0" ci="5" mb="0" cb="0"/><line nr="615" mi="0" ci="3" mb="0" cb="2"/><line nr="616" mi="0" ci="4" mb="0" cb="0"/><line nr="618" mi="0" ci="4" mb="0" cb="0"/><line nr="619" mi="0" ci="4" mb="0" cb="0"/><line nr="621" mi="0" ci="10" mb="0" cb="2"/><line nr="622" mi="0" ci="5" mb="0" cb="0"/><line nr="623" mi="0" ci="2" mb="0" cb="2"/><line nr="624" mi="0" ci="5" mb="0" cb="0"/><line nr="626" mi="0" ci="1" mb="0" cb="0"/><line nr="628" mi="0" ci="3" mb="0" cb="2"/><line nr="629" mi="0" ci="4" mb="0" cb="0"/><line nr="630" mi="0" ci="2" mb="0" cb="0"/><line nr="633" mi="0" ci="10" mb="0" cb="2"/><line nr="634" mi="0" ci="5" mb="0" cb="0"/><line nr="636" mi="0" ci="2" mb="0" cb="2"/><line nr="637" mi="0" ci="7" mb="0" cb="2"/><line nr="639" mi="0" ci="4" mb="0" cb="2"/><line nr="640" mi="0" ci="6" mb="0" cb="0"/><line nr="644" mi="0" ci="1" mb="0" cb="0"/><line nr="645" mi="0" ci="1" mb="0" cb="0"/><line nr="646" mi="0" ci="1" mb="0" cb="0"/><line nr="649" mi="0" ci="6" mb="0" cb="0"/><line nr="650" mi="0" ci="2" mb="1" cb="1"/><line nr="651" mi="2" ci="0" mb="0" cb="0"/><line nr="654" mi="0" ci="4" mb="1" cb="1"/><line nr="655" mi="2" ci="0" mb="0" cb="0"/><line nr="658" mi="0" ci="13" mb="0" cb="2"/><line nr="662" mi="0" ci="4" mb="0" cb="0"/><line nr="663" mi="0" ci="2" mb="0" cb="0"/><line nr="664" mi="0" ci="2" mb="0" cb="0"/><line nr="665" mi="0" ci="4" mb="0" cb="0"/><line nr="666" mi="0" ci="4" mb="0" cb="0"/><line nr="667" mi="0" ci="3" mb="0" cb="0"/><line nr="669" mi="0" ci="4" mb="0" cb="0"/><line nr="670" mi="0" ci="3" mb="0" cb="0"/><line nr="674" mi="0" ci="4" mb="0" cb="0"/><line nr="675" mi="0" ci="6" mb="0" cb="0"/><line nr="676" mi="0" ci="2" mb="0" cb="2"/><line nr="677" mi="0" ci="7" mb="0" cb="0"/><line nr="678" mi="0" ci="2" mb="0" cb="0"/><line nr="680" mi="0" ci="5" mb="0" cb="0"/><line nr="682" mi="0" ci="10" mb="0" cb="2"/><line nr="683" mi="0" ci="6" mb="0" cb="0"/><line nr="684" mi="0" ci="3" mb="1" cb="1"/><line nr="685" mi="0" ci="7" mb="0" cb="0"/><line nr="686" mi="0" ci="7" mb="0" cb="0"/><line nr="687" mi="0" ci="4" mb="0" cb="0"/><line nr="688" mi="0" ci="2" mb="0" cb="0"/><line nr="689" mi="0" ci="4" mb="1" cb="1"/><line nr="690" mi="12" ci="0" mb="2" cb="0"/><line nr="691" mi="7" ci="0" mb="0" cb="0"/><line nr="692" mi="6" ci="0" mb="0" cb="0"/><line nr="693" mi="5" ci="0" mb="0" cb="0"/><line nr="694" mi="1" ci="0" mb="0" cb="0"/><line nr="697" mi="0" ci="1" mb="0" cb="0"/><line nr="700" mi="0" ci="4" mb="0" cb="0"/><line nr="702" mi="0" ci="1" mb="0" cb="0"/><line nr="703" mi="0" ci="4" mb="0" cb="0"/><line nr="704" mi="0" ci="1" mb="0" cb="0"/><line nr="706" mi="0" ci="5" mb="0" cb="0"/><line nr="708" mi="0" ci="4" mb="1" cb="3"/><line nr="710" mi="0" ci="2" mb="1" cb="1"/><line nr="711" mi="2" ci="0" mb="0" cb="0"/><line nr="714" mi="0" ci="7" mb="0" cb="0"/><line nr="716" mi="0" ci="4" mb="0" cb="2"/><line nr="717" mi="0" ci="2" mb="0" cb="0"/><line nr="720" mi="0" ci="4" mb="1" cb="1"/><line nr="721" mi="2" ci="0" mb="0" cb="0"/><line nr="724" mi="0" ci="8" mb="2" cb="2"/><line nr="725" mi="2" ci="0" mb="0" cb="0"/><line nr="728" mi="0" ci="2" mb="0" cb="0"/><line nr="730" mi="0" ci="11" mb="0" cb="2"/><line nr="731" mi="0" ci="5" mb="1" cb="1"/><line nr="732" mi="0" ci="5" mb="0" cb="2"/><line nr="733" mi="0" ci="2" mb="0" cb="0"/><line nr="734" mi="0" ci="1" mb="0" cb="0"/><line nr="736" mi="0" ci="1" mb="0" cb="0"/><line nr="738" mi="0" ci="2" mb="0" cb="2"/><line nr="739" mi="0" ci="2" mb="0" cb="0"/><line nr="742" mi="0" ci="11" mb="0" cb="2"/><line nr="743" mi="0" ci="3" mb="0" cb="0"/><line nr="744" mi="0" ci="11" mb="1" cb="5"/><line nr="745" mi="0" ci="1" mb="0" cb="0"/><line nr="749" mi="0" ci="11" mb="1" cb="1"/><line nr="750" mi="0" ci="6" mb="0" cb="2"/><line nr="751" mi="0" ci="4" mb="1" cb="1"/><line nr="752" mi="0" ci="5" mb="0" cb="0"/><line nr="753" mi="0" ci="5" mb="0" cb="0"/><line nr="754" mi="0" ci="6" mb="0" cb="0"/><line nr="755" mi="0" ci="1" mb="0" cb="0"/><line nr="758" mi="0" ci="1" mb="0" cb="0"/><line nr="760" mi="0" ci="1" mb="0" cb="0"/><line nr="762" mi="0" ci="2" mb="0" cb="0"/><line nr="765" mi="0" ci="2" mb="0" cb="0"/><line nr="770" mi="0" ci="3" mb="0" cb="0"/><line nr="771" mi="0" ci="12" mb="0" cb="2"/><line nr="772" mi="0" ci="5" mb="0" cb="0"/><line nr="773" mi="0" ci="5" mb="0" cb="0"/><line nr="774" mi="0" ci="6" mb="1" cb="1"/><line nr="775" mi="5" ci="0" mb="0" cb="0"/><line nr="776" mi="7" ci="0" mb="0" cb="0"/><line nr="777" mi="5" ci="0" mb="0" cb="0"/><line nr="779" mi="0" ci="1" mb="0" cb="0"/><line nr="780" mi="1" ci="0" mb="0" cb="0"/><line nr="781" mi="4" ci="0" mb="0" cb="0"/><line nr="782" mi="0" ci="1" mb="0" cb="0"/><line nr="783" mi="0" ci="1" mb="0" cb="0"/><line nr="786" mi="4" ci="0" mb="0" cb="0"/><line nr="787" mi="2" ci="0" mb="0" cb="0"/><line nr="788" mi="2" ci="0" mb="2" cb="0"/><line nr="791" mi="4" ci="0" mb="0" cb="0"/><line nr="792" mi="5" ci="0" mb="0" cb="0"/><line nr="794" mi="4" ci="0" mb="0" cb="0"/><line nr="796" mi="1" ci="0" mb="0" cb="0"/><line nr="797" mi="4" ci="0" mb="0" cb="0"/><line nr="798" mi="1" ci="0" mb="0" cb="0"/><line nr="801" mi="2" ci="0" mb="2" cb="0"/><line nr="802" mi="4" ci="0" mb="0" cb="0"/><line nr="803" mi="5" ci="0" mb="0" cb="0"/><line nr="804" mi="1" ci="0" mb="0" cb="0"/><line nr="806" mi="1" ci="0" mb="0" cb="0"/><line nr="809" mi="0" ci="4" mb="0" cb="0"/><line nr="810" mi="0" ci="2" mb="0" cb="0"/><line nr="811" mi="0" ci="2" mb="0" cb="0"/><line nr="812" mi="0" ci="2" mb="0" cb="2"/><line nr="815" mi="0" ci="4" mb="0" cb="0"/><line nr="816" mi="0" ci="12" mb="1" cb="1"/><line nr="817" mi="0" ci="6" mb="0" cb="2"/><line nr="818" mi="0" ci="4" mb="0" cb="0"/><line nr="819" mi="0" ci="1" mb="0" cb="0"/><line nr="821" mi="0" ci="1" mb="0" cb="0"/><line nr="823" mi="0" ci="2" mb="1" cb="1"/><line nr="824" mi="0" ci="5" mb="0" cb="0"/><line nr="827" mi="0" ci="4" mb="0" cb="0"/><line nr="829" mi="1" ci="0" mb="0" cb="0"/><line nr="830" mi="4" ci="0" mb="0" cb="0"/><line nr="831" mi="0" ci="1" mb="0" cb="0"/><line nr="834" mi="0" ci="2" mb="0" cb="2"/><line nr="835" mi="0" ci="4" mb="0" cb="0"/><line nr="836" mi="0" ci="5" mb="0" cb="0"/><line nr="837" mi="0" ci="1" mb="0" cb="0"/><line nr="839" mi="0" ci="1" mb="0" cb="0"/><line nr="843" mi="0" ci="4" mb="0" cb="0"/><line nr="844" mi="0" ci="4" mb="0" cb="0"/><line nr="846" mi="0" ci="12" mb="1" cb="1"/><line nr="847" mi="0" ci="4" mb="0" cb="0"/><line nr="848" mi="0" ci="6" mb="1" cb="1"/><line nr="849" mi="1" ci="0" mb="0" cb="0"/><line nr="852" mi="0" ci="12" mb="1" cb="1"/><line nr="853" mi="0" ci="4" mb="0" cb="0"/><line nr="854" mi="0" ci="4" mb="0" cb="0"/><line nr="855" mi="0" ci="5" mb="1" cb="1"/><line nr="856" mi="0" ci="4" mb="0" cb="0"/><line nr="857" mi="0" ci="3" mb="0" cb="0"/><line nr="858" mi="0" ci="2" mb="0" cb="0"/><line nr="860" mi="1" ci="0" mb="0" cb="0"/><line nr="861" mi="1" ci="0" mb="0" cb="0"/><line nr="863" mi="2" ci="0" mb="0" cb="0"/><line nr="869" mi="11" ci="0" mb="2" cb="0"/><line nr="870" mi="5" ci="0" mb="0" cb="0"/><line nr="871" mi="6" ci="0" mb="0" cb="0"/><line nr="872" mi="5" ci="0" mb="4" cb="0"/><line nr="873" mi="5" ci="0" mb="0" cb="0"/><line nr="874" mi="3" ci="0" mb="0" cb="0"/><line nr="876" mi="1" ci="0" mb="0" cb="0"/><line nr="877" mi="1" ci="0" mb="0" cb="0"/><line nr="883" mi="8" ci="0" mb="6" cb="0"/><line nr="884" mi="1" ci="0" mb="0" cb="0"/><line nr="887" mi="4" ci="0" mb="0" cb="0"/><line nr="888" mi="6" ci="0" mb="0" cb="0"/><line nr="889" mi="4" ci="0" mb="0" cb="0"/><line nr="890" mi="7" ci="0" mb="0" cb="0"/><line nr="891" mi="3" ci="0" mb="0" cb="0"/><line nr="892" mi="3" ci="0" mb="0" cb="0"/><line nr="894" mi="5" ci="0" mb="0" cb="0"/><line nr="895" mi="18" ci="0" mb="0" cb="0"/><line nr="896" mi="2" ci="0" mb="0" cb="0"/><line nr="897" mi="2" ci="0" mb="0" cb="0"/><line nr="898" mi="10" ci="0" mb="2" cb="0"/><line nr="899" mi="7" ci="0" mb="0" cb="0"/><line nr="900" mi="1" ci="0" mb="0" cb="0"/><line nr="901" mi="1" ci="0" mb="0" cb="0"/><line nr="904" mi="6" ci="0" mb="4" cb="0"/><line nr="906" mi="6" ci="0" mb="0" cb="0"/><line nr="910" mi="6" ci="0" mb="0" cb="0"/><line nr="911" mi="4" ci="0" mb="0" cb="0"/><line nr="912" mi="11" ci="0" mb="2" cb="0"/><line nr="913" mi="5" ci="0" mb="2" cb="0"/><line nr="914" mi="6" ci="0" mb="0" cb="0"/><line nr="916" mi="1" ci="0" mb="0" cb="0"/><line nr="917" mi="2" ci="0" mb="0" cb="0"/><line nr="924" mi="0" ci="4" mb="0" cb="0"/><line nr="925" mi="0" ci="3" mb="0" cb="0"/><line nr="927" mi="0" ci="7" mb="0" cb="0"/><line nr="928" mi="0" ci="5" mb="0" cb="0"/><line nr="929" mi="0" ci="3" mb="0" cb="2"/><line nr="930" mi="0" ci="4" mb="0" cb="0"/><line nr="931" mi="0" ci="7" mb="0" cb="0"/><line nr="932" mi="0" ci="1" mb="0" cb="0"/><line nr="936" mi="0" ci="7" mb="0" cb="0"/><line nr="937" mi="0" ci="5" mb="0" cb="0"/><line nr="938" mi="0" ci="3" mb="0" cb="2"/><line nr="939" mi="0" ci="4" mb="0" cb="0"/><line nr="940" mi="0" ci="7" mb="0" cb="0"/><line nr="941" mi="0" ci="1" mb="0" cb="0"/><line nr="945" mi="0" ci="7" mb="0" cb="0"/><line nr="946" mi="0" ci="5" mb="0" cb="0"/><line nr="947" mi="0" ci="3" mb="0" cb="2"/><line nr="948" mi="0" ci="4" mb="0" cb="0"/><line nr="949" mi="0" ci="7" mb="0" cb="0"/><line nr="950" mi="0" ci="1" mb="0" cb="0"/><line nr="954" mi="0" ci="7" mb="0" cb="0"/><line nr="955" mi="0" ci="5" mb="0" cb="0"/><line nr="956" mi="0" ci="3" mb="0" cb="2"/><line nr="957" mi="0" ci="4" mb="0" cb="0"/><line nr="958" mi="0" ci="7" mb="0" cb="0"/><line nr="959" mi="0" ci="1" mb="0" cb="0"/><line nr="962" mi="0" ci="4" mb="0" cb="0"/><line nr="964" mi="1" ci="0" mb="0" cb="0"/><line nr="965" mi="4" ci="0" mb="0" cb="0"/><line nr="966" mi="0" ci="1" mb="0" cb="0"/><line nr="967" mi="0" ci="1" mb="0" cb="0"/><line nr="970" mi="0" ci="4" mb="0" cb="0"/><line nr="973" mi="0" ci="4" mb="0" cb="0"/><line nr="974" mi="0" ci="12" mb="0" cb="2"/><line nr="975" mi="0" ci="6" mb="0" cb="0"/><line nr="976" mi="0" ci="7" mb="0" cb="0"/><line nr="977" mi="0" ci="1" mb="0" cb="0"/><line nr="979" mi="0" ci="7" mb="2" cb="2"/><line nr="980" mi="0" ci="5" mb="0" cb="0"/><line nr="981" mi="0" ci="3" mb="1" cb="1"/><line nr="982" mi="0" ci="7" mb="0" cb="0"/><line nr="983" mi="0" ci="3" mb="0" cb="0"/><line nr="984" mi="0" ci="5" mb="2" cb="2"/><line nr="985" mi="0" ci="4" mb="0" cb="0"/><line nr="986" mi="0" ci="7" mb="0" cb="0"/><line nr="987" mi="0" ci="1" mb="0" cb="0"/><line nr="989" mi="1" ci="0" mb="0" cb="0"/><line nr="992" mi="0" ci="4" mb="0" cb="0"/><line nr="994" mi="1" ci="0" mb="0" cb="0"/><line nr="995" mi="4" ci="0" mb="0" cb="0"/><line nr="996" mi="0" ci="1" mb="0" cb="0"/><line nr="998" mi="0" ci="2" mb="0" cb="0"/><line nr="1002" mi="0" ci="4" mb="0" cb="0"/><line nr="1005" mi="0" ci="4" mb="0" cb="0"/><line nr="1006" mi="0" ci="6" mb="0" cb="0"/><line nr="1007" mi="0" ci="10" mb="0" cb="2"/><line nr="1008" mi="0" ci="2" mb="0" cb="0"/><line nr="1009" mi="0" ci="3" mb="0" cb="0"/><line nr="1010" mi="0" ci="3" mb="0" cb="2"/><line nr="1011" mi="0" ci="4" mb="0" cb="0"/><line nr="1012" mi="0" ci="4" mb="0" cb="0"/><line nr="1013" mi="0" ci="4" mb="0" cb="0"/><line nr="1014" mi="0" ci="5" mb="0" cb="0"/><line nr="1015" mi="0" ci="2" mb="1" cb="1"/><line nr="1016" mi="0" ci="5" mb="0" cb="0"/><line nr="1018" mi="0" ci="1" mb="0" cb="0"/><line nr="1019" mi="0" ci="1" mb="0" cb="0"/><line nr="1021" mi="0" ci="4" mb="0" cb="0"/><line nr="1023" mi="1" ci="0" mb="0" cb="0"/><line nr="1024" mi="4" ci="0" mb="0" cb="0"/><line nr="1025" mi="0" ci="1" mb="0" cb="0"/><line nr="1027" mi="0" ci="2" mb="0" cb="0"/><line nr="1031" mi="0" ci="4" mb="0" cb="0"/><line nr="1034" mi="0" ci="4" mb="0" cb="0"/><line nr="1035" mi="0" ci="2" mb="0" cb="0"/><line nr="1036" mi="0" ci="3" mb="0" cb="0"/><line nr="1037" mi="0" ci="3" mb="0" cb="2"/><line nr="1038" mi="0" ci="4" mb="0" cb="0"/><line nr="1039" mi="0" ci="4" mb="0" cb="0"/><line nr="1040" mi="0" ci="4" mb="0" cb="0"/><line nr="1041" mi="0" ci="6" mb="2" cb="2"/><line nr="1042" mi="0" ci="7" mb="1" cb="1"/><line nr="1043" mi="5" ci="0" mb="0" cb="0"/><line nr="1045" mi="0" ci="1" mb="0" cb="0"/><line nr="1047" mi="0" ci="4" mb="0" cb="0"/><line nr="1049" mi="1" ci="0" mb="0" cb="0"/><line nr="1050" mi="4" ci="0" mb="0" cb="0"/><line nr="1051" mi="0" ci="1" mb="0" cb="0"/><line nr="1053" mi="0" ci="2" mb="0" cb="0"/><line nr="1057" mi="0" ci="4" mb="0" cb="0"/><line nr="1060" mi="0" ci="4" mb="0" cb="0"/><line nr="1061" mi="0" ci="2" mb="0" cb="0"/><line nr="1062" mi="0" ci="3" mb="0" cb="0"/><line nr="1063" mi="0" ci="3" mb="0" cb="2"/><line nr="1064" mi="0" ci="4" mb="0" cb="0"/><line nr="1065" mi="0" ci="4" mb="0" cb="0"/><line nr="1066" mi="0" ci="4" mb="0" cb="0"/><line nr="1067" mi="0" ci="6" mb="2" cb="2"/><line nr="1068" mi="0" ci="7" mb="1" cb="1"/><line nr="1069" mi="5" ci="0" mb="0" cb="0"/><line nr="1071" mi="0" ci="1" mb="0" cb="0"/><line nr="1073" mi="0" ci="4" mb="0" cb="0"/><line nr="1075" mi="1" ci="0" mb="0" cb="0"/><line nr="1076" mi="4" ci="0" mb="0" cb="0"/><line nr="1077" mi="0" ci="1" mb="0" cb="0"/><line nr="1079" mi="0" ci="2" mb="0" cb="0"/><line nr="1083" mi="0" ci="4" mb="0" cb="0"/><line nr="1086" mi="0" ci="4" mb="0" cb="0"/><line nr="1087" mi="0" ci="2" mb="0" cb="0"/><line nr="1088" mi="0" ci="3" mb="0" cb="0"/><line nr="1089" mi="0" ci="3" mb="0" cb="2"/><line nr="1090" mi="0" ci="4" mb="0" cb="0"/><line nr="1091" mi="0" ci="4" mb="0" cb="0"/><line nr="1092" mi="0" ci="4" mb="0" cb="0"/><line nr="1093" mi="0" ci="6" mb="2" cb="2"/><line nr="1094" mi="0" ci="8" mb="1" cb="1"/><line nr="1095" mi="0" ci="7" mb="1" cb="1"/><line nr="1096" mi="5" ci="0" mb="0" cb="0"/><line nr="1098" mi="0" ci="1" mb="0" cb="0"/><line nr="1100" mi="0" ci="4" mb="0" cb="0"/><line nr="1102" mi="1" ci="0" mb="0" cb="0"/><line nr="1103" mi="4" ci="0" mb="0" cb="0"/><line nr="1104" mi="0" ci="1" mb="0" cb="0"/><line nr="1106" mi="0" ci="2" mb="0" cb="0"/><line nr="1119" mi="0" ci="2" mb="0" cb="0"/><line nr="1120" mi="0" ci="3" mb="0" cb="0"/><line nr="1121" mi="0" ci="3" mb="0" cb="0"/><line nr="1122" mi="0" ci="3" mb="0" cb="0"/><line nr="1123" mi="0" ci="3" mb="0" cb="0"/><line nr="1124" mi="0" ci="3" mb="0" cb="0"/><line nr="1125" mi="0" ci="1" mb="0" cb="0"/><line nr="1128" mi="0" ci="3" mb="0" cb="0"/><line nr="1132" mi="3" ci="0" mb="0" cb="0"/><line nr="1133" mi="1" ci="0" mb="0" cb="0"/><line nr="1136" mi="0" ci="3" mb="0" cb="0"/><line nr="1140" mi="3" ci="0" mb="0" cb="0"/><line nr="1141" mi="1" ci="0" mb="0" cb="0"/><line nr="1144" mi="0" ci="3" mb="0" cb="0"/><line nr="1148" mi="3" ci="0" mb="0" cb="0"/><line nr="1149" mi="1" ci="0" mb="0" cb="0"/><line nr="1152" mi="0" ci="3" mb="0" cb="0"/><line nr="1156" mi="3" ci="0" mb="0" cb="0"/><line nr="1157" mi="1" ci="0" mb="0" cb="0"/><line nr="1160" mi="0" ci="3" mb="0" cb="0"/><line nr="1164" mi="3" ci="0" mb="0" cb="0"/><line nr="1165" mi="1" ci="0" mb="0" cb="0"/><line nr="1169" mi="0" ci="27" mb="0" cb="0"/><line nr="1179" mi="0" ci="2" mb="0" cb="0"/><line nr="1180" mi="0" ci="3" mb="0" cb="0"/><line nr="1181" mi="0" ci="3" mb="0" cb="0"/><line nr="1182" mi="0" ci="3" mb="0" cb="0"/><line nr="1183" mi="0" ci="1" mb="0" cb="0"/><line nr="1186" mi="3" ci="0" mb="0" cb="0"/><line nr="1190" mi="3" ci="0" mb="0" cb="0"/><line nr="1191" mi="1" ci="0" mb="0" cb="0"/><line nr="1194" mi="3" ci="0" mb="0" cb="0"/><line nr="1198" mi="3" ci="0" mb="0" cb="0"/><line nr="1199" mi="1" ci="0" mb="0" cb="0"/><line nr="1202" mi="3" ci="0" mb="0" cb="0"/><line nr="1206" mi="3" ci="0" mb="0" cb="0"/><line nr="1207" mi="1" ci="0" mb="0" cb="0"/><counter type="INSTRUCTION" missed="659" covered="2043"/><counter type="BRANCH" missed="105" covered="226"/><counter type="LINE" missed="168" covered="479"/><counter type="COMPLEXITY" missed="101" covered="126"/><counter type="METHOD" missed="18" covered="43"/><counter type="CLASS" missed="0" covered="3"/></sourcefile><sourcefile name="BrokerHousekeepingService.java"><line nr="27" mi="0" ci="4" mb="0" cb="0"/><line nr="30" mi="0" ci="2" mb="0" cb="0"/><line nr="31" mi="0" ci="3" mb="0" cb="0"/><line nr="32" mi="0" ci="1" mb="0" cb="0"/><line nr="36" mi="1" ci="0" mb="0" cb="0"/><line nr="40" mi="0" ci="5" mb="0" cb="0"/><line nr="41" mi="0" ci="1" mb="0" cb="0"/><line nr="45" mi="0" ci="5" mb="0" cb="0"/><line nr="46" mi="0" ci="1" mb="0" cb="0"/><line nr="50" mi="5" ci="0" mb="0" cb="0"/><line nr="51" mi="1" ci="0" mb="0" cb="0"/><counter type="INSTRUCTION" missed="7" covered="22"/><counter type="LINE" missed="3" covered="8"/><counter type="COMPLEXITY" missed="2" covered="4"/><counter type="METHOD" missed="2" covered="4"/><counter type="CLASS" missed="0" covered="1"/></sourcefile><counter type="INSTRUCTION" missed="666" covered="2131"/><counter type="BRANCH" missed="105" covered="230"/><counter type="LINE" missed="171" covered="506"/><counter type="COMPLEXITY" missed="103" covered="138"/><counter type="METHOD" missed="20" covered="53"/><counter type="CLASS" missed="0" covered="5"/></package><package name="org/apache/rocketmq/namesrv/processor"><class name="org/apache/rocketmq/namesrv/processor/DefaultRequestProcessor" sourcefilename="DefaultRequestProcessor.java"><method name="&lt;init&gt;" desc="(Lorg/apache/rocketmq/namesrv/NamesrvController;)V" line="75"><counter type="INSTRUCTION" missed="0" covered="6"/><counter type="LINE" missed="0" covered="3"/><counter type="COMPLEXITY" missed="0" covered="1"/><counter type="METHOD" missed="0" covered="1"/></method><method name="processRequest" desc="(Lio/netty/channel/ChannelHandlerContext;Lorg/apache/rocketmq/remoting/protocol/RemotingCommand;)Lorg/apache/rocketmq/remoting/protocol/RemotingCommand;" line="83"><counter type="INSTRUCTION" missed="30" covered="127"/><counter type="BRANCH" missed="6" covered="20"/><counter type="LINE" missed="6" covered="24"/><counter type="COMPLEXITY" missed="6" covered="19"/><counter type="METHOD" missed="0" covered="1"/></method><method name="rejectRequest" desc="()Z" line="144"><counter type="INSTRUCTION" missed="2" covered="0"/><counter type="LINE" missed="1" covered="0"/><counter type="COMPLEXITY" missed="1" covered="0"/><counter type="METHOD" missed="1" covered="0"/></method><method name="putKVConfig" desc="(Lio/netty/channel/ChannelHandlerContext;Lorg/apache/rocketmq/remoting/protocol/RemotingCommand;)Lorg/apache/rocketmq/remoting/protocol/RemotingCommand;" line="149"><counter type="INSTRUCTION" missed="8" covered="32"/><counter type="BRANCH" missed="2" covered="2"/><counter type="LINE" missed="3" covered="11"/><counter type="COMPLEXITY" missed="2" covered="1"/><counter type="METHOD" missed="0" covered="1"/></method><method name="getKVConfig" desc="(Lio/netty/channel/ChannelHandlerContext;Lorg/apache/rocketmq/remoting/protocol/RemotingCommand;)Lorg/apache/rocketmq/remoting/protocol/RemotingCommand;" line="171"><counter type="INSTRUCTION" missed="0" covered="55"/><counter type="BRANCH" missed="0" covered="2"/><counter type="LINE" missed="0" covered="15"/><counter type="COMPLEXITY" missed="0" covered="2"/><counter type="METHOD" missed="0" covered="1"/></method><method name="deleteKVConfig" desc="(Lio/netty/channel/ChannelHandlerContext;Lorg/apache/rocketmq/remoting/protocol/RemotingCommand;)Lorg/apache/rocketmq/remoting/protocol/RemotingCommand;" line="195"><counter type="INSTRUCTION" missed="0" covered="24"/><counter type="LINE" missed="0" covered="9"/><counter type="COMPLEXITY" missed="0" covered="1"/><counter type="METHOD" missed="0" covered="1"/></method><method name="registerBroker" desc="(Lio/netty/channel/ChannelHandlerContext;Lorg/apache/rocketmq/remoting/protocol/RemotingCommand;)Lorg/apache/rocketmq/remoting/protocol/RemotingCommand;" line="211"><counter type="INSTRUCTION" missed="12" covered="97"/><counter type="BRANCH" missed="3" covered="3"/><counter type="LINE" missed="4" covered="30"/><counter type="COMPLEXITY" missed="3" covered="1"/><counter type="METHOD" missed="0" covered="1"/></method><method name="extractRegisterTopicConfigFromRequest" desc="(Lorg/apache/rocketmq/remoting/protocol/RemotingCommand;)Lorg/apache/rocketmq/common/protocol/body/TopicConfigSerializeWrapper;" line="263"><counter type="INSTRUCTION" missed="31" covered="0"/><counter type="BRANCH" missed="2" covered="0"/><counter type="LINE" missed="7" covered="0"/><counter type="COMPLEXITY" missed="2" covered="0"/><counter type="METHOD" missed="1" covered="0"/></method><method name="extractRegisterBrokerBodyFromRequest" desc="(Lorg/apache/rocketmq/remoting/protocol/RemotingCommand;Lorg/apache/rocketmq/common/protocol/header/namesrv/RegisterBrokerRequestHeader;)Lorg/apache/rocketmq/common/protocol/body/RegisterBrokerBody;" line="276"><counter type="INSTRUCTION" missed="14" covered="27"/><counter type="BRANCH" missed="1" covered="1"/><counter type="LINE" missed="4" covered="6"/><counter type="COMPLEXITY" missed="1" covered="1"/><counter type="METHOD" missed="0" covered="1"/></method><method name="getBrokerMemberGroup" desc="(Lio/netty/channel/ChannelHandlerContext;Lorg/apache/rocketmq/remoting/protocol/RemotingCommand;)Lorg/apache/rocketmq/remoting/protocol/RemotingCommand;" line="294"><counter type="INSTRUCTION" missed="33" covered="0"/><counter type="LINE" missed="9" covered="0"/><counter type="COMPLEXITY" missed="1" covered="0"/><counter type="METHOD" missed="1" covered="0"/></method><method name="checksum" desc="(Lio/netty/channel/ChannelHandlerContext;Lorg/apache/rocketmq/remoting/protocol/RemotingCommand;Lorg/apache/rocketmq/common/protocol/header/namesrv/RegisterBrokerRequestHeader;)Z" line="310"><counter type="INSTRUCTION" missed="23" covered="6"/><counter type="BRANCH" missed="3" covered="1"/><counter type="LINE" missed="5" covered="2"/><counter type="COMPLEXITY" missed="2" covered="1"/><counter type="METHOD" missed="0" covered="1"/></method><method name="queryBrokerTopicConfig" desc="(Lio/netty/channel/ChannelHandlerContext;Lorg/apache/rocketmq/remoting/protocol/RemotingCommand;)Lorg/apache/rocketmq/remoting/protocol/RemotingCommand;" line="323"><counter type="INSTRUCTION" missed="63" covered="0"/><counter type="BRANCH" missed="2" covered="0"/><counter type="LINE" missed="16" covered="0"/><counter type="COMPLEXITY" missed="2" covered="0"/><counter type="METHOD" missed="1" covered="0"/></method><method name="unregisterBroker" desc="(Lio/netty/channel/ChannelHandlerContext;Lorg/apache/rocketmq/remoting/protocol/RemotingCommand;)Lorg/apache/rocketmq/remoting/protocol/RemotingCommand;" line="347"><counter type="INSTRUCTION" missed="4" covered="22"/><counter type="BRANCH" missed="1" covered="1"/><counter type="LINE" missed="1" covered="7"/><counter type="COMPLEXITY" missed="1" covered="1"/><counter type="METHOD" missed="0" covered="1"/></method><method name="brokerHeartbeat" desc="(Lio/netty/channel/ChannelHandlerContext;Lorg/apache/rocketmq/remoting/protocol/RemotingCommand;)Lorg/apache/rocketmq/remoting/protocol/RemotingCommand;" line="362"><counter type="INSTRUCTION" missed="24" covered="0"/><counter type="LINE" missed="7" covered="0"/><counter type="COMPLEXITY" missed="1" covered="0"/><counter type="METHOD" missed="1" covered="0"/></method><method name="getBrokerClusterInfo" desc="(Lio/netty/channel/ChannelHandlerContext;Lorg/apache/rocketmq/remoting/protocol/RemotingCommand;)Lorg/apache/rocketmq/remoting/protocol/RemotingCommand;" line="374"><counter type="INSTRUCTION" missed="0" covered="20"/><counter type="LINE" missed="0" covered="6"/><counter type="COMPLEXITY" missed="0" covered="1"/><counter type="METHOD" missed="0" covered="1"/></method><method name="wipeWritePermOfBroker" desc="(Lio/netty/channel/ChannelHandlerContext;Lorg/apache/rocketmq/remoting/protocol/RemotingCommand;)Lorg/apache/rocketmq/remoting/protocol/RemotingCommand;" line="386"><counter type="INSTRUCTION" missed="0" covered="54"/><counter type="BRANCH" missed="1" covered="1"/><counter type="LINE" missed="0" covered="14"/><counter type="COMPLEXITY" missed="1" covered="1"/><counter type="METHOD" missed="0" covered="1"/></method><method name="addWritePermOfBroker" desc="(Lio/netty/channel/ChannelHandlerContext;Lorg/apache/rocketmq/remoting/protocol/RemotingCommand;)Lorg/apache/rocketmq/remoting/protocol/RemotingCommand;" line="408"><counter type="INSTRUCTION" missed="52" covered="0"/><counter type="LINE" missed="12" covered="0"/><counter type="COMPLEXITY" missed="1" covered="0"/><counter type="METHOD" missed="1" covered="0"/></method><method name="getAllTopicListFromNameserver" desc="(Lio/netty/channel/ChannelHandlerContext;Lorg/apache/rocketmq/remoting/protocol/RemotingCommand;)Lorg/apache/rocketmq/remoting/protocol/RemotingCommand;" line="426"><counter type="INSTRUCTION" missed="0" covered="42"/><counter type="BRANCH" missed="0" covered="2"/><counter type="LINE" missed="0" covered="12"/><counter type="COMPLEXITY" missed="0" covered="2"/><counter type="METHOD" missed="0" covered="1"/></method><method name="registerTopicToNamesrv" desc="(Lio/netty/channel/ChannelHandlerContext;Lorg/apache/rocketmq/remoting/protocol/RemotingCommand;)Lorg/apache/rocketmq/remoting/protocol/RemotingCommand;" line="444"><counter type="INSTRUCTION" missed="39" covered="0"/><counter type="BRANCH" missed="6" covered="0"/><counter type="LINE" missed="9" covered="0"/><counter type="COMPLEXITY" missed="4" covered="0"/><counter type="METHOD" missed="1" covered="0"/></method><method name="deleteTopicInNamesrv" desc="(Lio/netty/channel/ChannelHandlerContext;Lorg/apache/rocketmq/remoting/protocol/RemotingCommand;)Lorg/apache/rocketmq/remoting/protocol/RemotingCommand;" line="461"><counter type="INSTRUCTION" missed="6" covered="32"/><counter type="BRANCH" missed="2" covered="2"/><counter type="LINE" missed="1" covered="9"/><counter type="COMPLEXITY" missed="2" covered="1"/><counter type="METHOD" missed="0" covered="1"/></method><method name="getKVListByNamespace" desc="(Lio/netty/channel/ChannelHandlerContext;Lorg/apache/rocketmq/remoting/protocol/RemotingCommand;)Lorg/apache/rocketmq/remoting/protocol/RemotingCommand;" line="479"><counter type="INSTRUCTION" missed="0" covered="45"/><counter type="BRANCH" missed="0" covered="2"/><counter type="LINE" missed="0" covered="13"/><counter type="COMPLEXITY" missed="0" covered="2"/><counter type="METHOD" missed="0" covered="1"/></method><method name="getTopicsByCluster" desc="(Lio/netty/channel/ChannelHandlerContext;Lorg/apache/rocketmq/remoting/protocol/RemotingCommand;)Lorg/apache/rocketmq/remoting/protocol/RemotingCommand;" line="499"><counter type="INSTRUCTION" missed="6" covered="37"/><counter type="BRANCH" missed="1" covered="1"/><counter type="LINE" missed="2" covered="12"/><counter type="COMPLEXITY" missed="1" covered="1"/><counter type="METHOD" missed="0" covered="1"/></method><method name="getSystemTopicListFromNs" desc="(Lio/netty/channel/ChannelHandlerContext;Lorg/apache/rocketmq/remoting/protocol/RemotingCommand;)Lorg/apache/rocketmq/remoting/protocol/RemotingCommand;" line="521"><counter type="INSTRUCTION" missed="0" covered="22"/><counter type="LINE" missed="0" covered="7"/><counter type="COMPLEXITY" missed="0" covered="1"/><counter type="METHOD" missed="0" covered="1"/></method><method name="getUnitTopicList" desc="(Lio/netty/channel/ChannelHandlerContext;Lorg/apache/rocketmq/remoting/protocol/RemotingCommand;)Lorg/apache/rocketmq/remoting/protocol/RemotingCommand;" line="534"><counter type="INSTRUCTION" missed="6" covered="30"/><counter type="BRANCH" missed="1" covered="1"/><counter type="LINE" missed="2" covered="10"/><counter type="COMPLEXITY" missed="1" covered="1"/><counter type="METHOD" missed="0" covered="1"/></method><method name="getHasUnitSubTopicList" desc="(Lio/netty/channel/ChannelHandlerContext;Lorg/apache/rocketmq/remoting/protocol/RemotingCommand;)Lorg/apache/rocketmq/remoting/protocol/RemotingCommand;" line="554"><counter type="INSTRUCTION" missed="6" covered="30"/><counter type="BRANCH" missed="1" covered="1"/><counter type="LINE" missed="2" covered="10"/><counter type="COMPLEXITY" missed="1" covered="1"/><counter type="METHOD" missed="0" covered="1"/></method><method name="getHasUnitSubUnUnitTopicList" desc="(Lio/netty/channel/ChannelHandlerContext;Lorg/apache/rocketmq/remoting/protocol/RemotingCommand;)Lorg/apache/rocketmq/remoting/protocol/RemotingCommand;" line="573"><counter type="INSTRUCTION" missed="6" covered="30"/><counter type="BRANCH" missed="1" covered="1"/><counter type="LINE" missed="2" covered="10"/><counter type="COMPLEXITY" missed="1" covered="1"/><counter type="METHOD" missed="0" covered="1"/></method><method name="updateConfig" desc="(Lio/netty/channel/ChannelHandlerContext;Lorg/apache/rocketmq/remoting/protocol/RemotingCommand;)Lorg/apache/rocketmq/remoting/protocol/RemotingCommand;" line="592"><counter type="INSTRUCTION" missed="32" covered="41"/><counter type="BRANCH" missed="3" covered="3"/><counter type="LINE" missed="9" covered="13"/><counter type="COMPLEXITY" missed="3" covered="1"/><counter type="METHOD" missed="0" covered="1"/></method><method name="getConfig" desc="(Lio/netty/channel/ChannelHandlerContext;Lorg/apache/rocketmq/remoting/protocol/RemotingCommand;)Lorg/apache/rocketmq/remoting/protocol/RemotingCommand;" line="627"><counter type="INSTRUCTION" missed="20" covered="27"/><counter type="BRANCH" missed="2" covered="2"/><counter type="LINE" missed="5" covered="8"/><counter type="COMPLEXITY" missed="2" covered="1"/><counter type="METHOD" missed="0" covered="1"/></method><method name="getClientConfigs" desc="(Lio/netty/channel/ChannelHandlerContext;Lorg/apache/rocketmq/remoting/protocol/RemotingCommand;)Lorg/apache/rocketmq/remoting/protocol/RemotingCommand;" line="647"><counter type="INSTRUCTION" missed="53" covered="0"/><counter type="BRANCH" missed="2" covered="0"/><counter type="LINE" missed="14" covered="0"/><counter type="COMPLEXITY" missed="2" covered="0"/><counter type="METHOD" missed="1" covered="0"/></method><method name="&lt;clinit&gt;" desc="()V" line="71"><counter type="INSTRUCTION" missed="0" covered="4"/><counter type="LINE" missed="0" covered="1"/><counter type="COMPLEXITY" missed="0" covered="1"/><counter type="METHOD" missed="0" covered="1"/></method><counter type="INSTRUCTION" missed="470" covered="810"/><counter type="BRANCH" missed="40" covered="46"/><counter type="LINE" missed="121" covered="232"/><counter type="COMPLEXITY" missed="41" covered="43"/><counter type="METHOD" missed="8" covered="22"/><counter type="CLASS" missed="0" covered="1"/></class><class name="org/apache/rocketmq/namesrv/processor/ClusterTestRequestProcessor" sourcefilename="ClusterTestRequestProcessor.java"><method name="&lt;init&gt;" desc="(Lorg/apache/rocketmq/namesrv/NamesrvController;Ljava/lang/String;)V" line="40"><counter type="INSTRUCTION" missed="5" covered="31"/><counter type="LINE" missed="2" covered="8"/><counter type="COMPLEXITY" missed="0" covered="1"/><counter type="METHOD" missed="0" covered="1"/></method><method name="getRouteInfoByTopic" desc="(Lio/netty/channel/ChannelHandlerContext;Lorg/apache/rocketmq/remoting/protocol/RemotingCommand;)Lorg/apache/rocketmq/remoting/protocol/RemotingCommand;" line="55"><counter type="INSTRUCTION" missed="33" covered="44"/><counter type="BRANCH" missed="2" covered="2"/><counter type="LINE" missed="12" covered="12"/><counter type="COMPLEXITY" missed="2" covered="1"/><counter type="METHOD" missed="0" covered="1"/></method><method name="&lt;clinit&gt;" desc="()V" line="35"><counter type="INSTRUCTION" missed="0" covered="4"/><counter type="LINE" missed="0" covered="1"/><counter type="COMPLEXITY" missed="0" covered="1"/><counter type="METHOD" missed="0" covered="1"/></method><counter type="INSTRUCTION" missed="38" covered="79"/><counter type="BRANCH" missed="2" covered="2"/><counter type="LINE" missed="14" covered="21"/><counter type="COMPLEXITY" missed="2" covered="3"/><counter type="METHOD" missed="0" covered="3"/><counter type="CLASS" missed="0" covered="1"/></class><class name="org/apache/rocketmq/namesrv/processor/ClientRequestProcessor" sourcefilename="ClientRequestProcessor.java"><method name="&lt;init&gt;" desc="(Lorg/apache/rocketmq/namesrv/NamesrvController;)V" line="35"><counter type="INSTRUCTION" missed="0" covered="6"/><counter type="LINE" missed="0" covered="3"/><counter type="COMPLEXITY" missed="0" covered="1"/><counter type="METHOD" missed="0" covered="1"/></method><method name="processRequest" desc="(Lio/netty/channel/ChannelHandlerContext;Lorg/apache/rocketmq/remoting/protocol/RemotingCommand;)Lorg/apache/rocketmq/remoting/protocol/RemotingCommand;" line="42"><counter type="INSTRUCTION" missed="0" covered="5"/><counter type="LINE" missed="0" covered="1"/><counter type="COMPLEXITY" missed="0" covered="1"/><counter type="METHOD" missed="0" covered="1"/></method><method name="getRouteInfoByTopic" desc="(Lio/netty/channel/ChannelHandlerContext;Lorg/apache/rocketmq/remoting/protocol/RemotingCommand;)Lorg/apache/rocketmq/remoting/protocol/RemotingCommand;" line="47"><counter type="INSTRUCTION" missed="79" covered="60"/><counter type="BRANCH" missed="8" covered="4"/><counter type="LINE" missed="19" covered="16"/><counter type="COMPLEXITY" missed="5" covered="2"/><counter type="METHOD" missed="0" covered="1"/></method><method name="rejectRequest" desc="()Z" line="100"><counter type="INSTRUCTION" missed="2" covered="0"/><counter type="LINE" missed="1" covered="0"/><counter type="COMPLEXITY" missed="1" covered="0"/><counter type="METHOD" missed="1" covered="0"/></method><counter type="INSTRUCTION" missed="81" covered="71"/><counter type="BRANCH" missed="8" covered="4"/><counter type="LINE" missed="20" covered="20"/><counter type="COMPLEXITY" missed="6" covered="4"/><counter type="METHOD" missed="1" covered="3"/><counter type="CLASS" missed="0" covered="1"/></class><sourcefile name="ClusterTestRequestProcessor.java"><line nr="35" mi="0" ci="4" mb="0" cb="0"/><line nr="40" mi="0" ci="3" mb="0" cb="0"/><line nr="41" mi="0" ci="3" mb="0" cb="0"/><line nr="42" mi="0" ci="5" mb="0" cb="0"/><line nr="43" mi="0" ci="11" mb="0" cb="0"/><line nr="44" mi="0" ci="4" mb="0" cb="0"/><line nr="46" mi="0" ci="3" mb="0" cb="0"/><line nr="47" mi="1" ci="0" mb="0" cb="0"/><line nr="48" mi="4" ci="0" mb="0" cb="0"/><line nr="49" mi="0" ci="1" mb="0" cb="0"/><line nr="50" mi="0" ci="1" mb="0" cb="0"/><line nr="55" mi="0" ci="3" mb="0" cb="0"/><line nr="56" mi="0" ci="2" mb="0" cb="0"/><line nr="57" mi="0" ci="3" mb="0" cb="0"/><line nr="59" mi="0" ci="7" mb="0" cb="0"/><line nr="60" mi="0" ci="2" mb="1" cb="1"/><line nr="61" mi="2" ci="0" mb="0" cb="0"/><line nr="62" mi="5" ci="0" mb="0" cb="0"/><line nr="63" mi="1" ci="0" mb="0" cb="0"/><line nr="64" mi="3" ci="0" mb="0" cb="0"/><line nr="65" mi="1" ci="0" mb="0" cb="0"/><line nr="67" mi="6" ci="0" mb="0" cb="0"/><line nr="68" mi="0" ci="1" mb="0" cb="0"/><line nr="69" mi="0" ci="5" mb="0" cb="0"/><line nr="70" mi="1" ci="0" mb="0" cb="0"/><line nr="73" mi="0" ci="2" mb="1" cb="1"/><line nr="74" mi="3" ci="0" mb="0" cb="0"/><line nr="75" mi="3" ci="0" mb="0" cb="0"/><line nr="76" mi="3" ci="0" mb="0" cb="0"/><line nr="77" mi="3" ci="0" mb="0" cb="0"/><line nr="78" mi="2" ci="0" mb="0" cb="0"/><line nr="81" mi="0" ci="3" mb="0" cb="0"/><line nr="82" mi="0" ci="11" mb="0" cb="0"/><line nr="83" mi="0" ci="3" mb="0" cb="0"/><line nr="84" mi="0" ci="2" mb="0" cb="0"/><counter type="INSTRUCTION" missed="38" covered="79"/><counter type="BRANCH" missed="2" covered="2"/><counter type="LINE" missed="14" covered="21"/><counter type="COMPLEXITY" missed="2" covered="3"/><counter type="METHOD" missed="0" covered="3"/><counter type="CLASS" missed="0" covered="1"/></sourcefile><sourcefile name="ClientRequestProcessor.java"><line nr="35" mi="0" ci="2" mb="0" cb="0"/><line nr="36" mi="0" ci="3" mb="0" cb="0"/><line nr="37" mi="0" ci="1" mb="0" cb="0"/><line nr="42" mi="0" ci="5" mb="0" cb="0"/><line nr="47" mi="0" ci="3" mb="0" cb="0"/><line nr="48" mi="0" ci="2" mb="0" cb="0"/><line nr="49" mi="0" ci="3" mb="0" cb="0"/><line nr="51" mi="0" ci="5" mb="1" cb="1"/><line nr="52" mi="0" ci="7" mb="0" cb="0"/><line nr="54" mi="0" ci="2" mb="0" cb="2"/><line nr="55" mi="0" ci="5" mb="1" cb="1"/><line nr="56" mi="2" ci="0" mb="0" cb="0"/><line nr="57" mi="5" ci="0" mb="0" cb="0"/><line nr="58" mi="1" ci="0" mb="0" cb="0"/><line nr="59" mi="3" ci="0" mb="0" cb="0"/><line nr="62" mi="0" ci="3" mb="0" cb="0"/><line nr="63" mi="0" ci="3" mb="0" cb="0"/><line nr="64" mi="0" ci="3" mb="0" cb="0"/><line nr="65" mi="0" ci="3" mb="0" cb="0"/><line nr="66" mi="0" ci="2" mb="0" cb="0"/><line nr="69" mi="0" ci="3" mb="0" cb="0"/><line nr="70" mi="0" ci="11" mb="0" cb="0"/><line nr="71" mi="0" ci="3" mb="0" cb="0"/><line nr="72" mi="0" ci="2" mb="0" cb="0"/><line nr="75" mi="6" ci="0" mb="0" cb="0"/><line nr="76" mi="4" ci="0" mb="0" cb="0"/><line nr="78" mi="16" ci="0" mb="2" cb="0"/><line nr="79" mi="6" ci="0" mb="0" cb="0"/><line nr="80" mi="2" ci="0" mb="2" cb="0"/><line nr="81" mi="1" ci="0" mb="0" cb="0"/><line nr="84" mi="5" ci="0" mb="2" cb="0"/><line nr="85" mi="2" ci="0" mb="0" cb="0"/><line nr="86" mi="5" ci="0" mb="0" cb="0"/><line nr="87" mi="3" ci="0" mb="0" cb="0"/><line nr="90" mi="6" ci="0" mb="0" cb="0"/><line nr="92" mi="4" ci="0" mb="0" cb="0"/><line nr="93" mi="3" ci="0" mb="0" cb="0"/><line nr="94" mi="3" ci="0" mb="0" cb="0"/><line nr="95" mi="2" ci="0" mb="0" cb="0"/><line nr="100" mi="2" ci="0" mb="0" cb="0"/><counter type="INSTRUCTION" missed="81" covered="71"/><counter type="BRANCH" missed="8" covered="4"/><counter type="LINE" missed="20" covered="20"/><counter type="COMPLEXITY" missed="6" covered="4"/><counter type="METHOD" missed="1" covered="3"/><counter type="CLASS" missed="0" covered="1"/></sourcefile><sourcefile name="DefaultRequestProcessor.java"><line nr="71" mi="0" ci="4" mb="0" cb="0"/><line nr="75" mi="0" ci="2" mb="0" cb="0"/><line nr="76" mi="0" ci="3" mb="0" cb="0"/><line nr="77" mi="0" ci="1" mb="0" cb="0"/><line nr="83" mi="0" ci="2" mb="0" cb="2"/><line nr="84" mi="0" ci="8" mb="0" cb="0"/><line nr="85" mi="0" ci="6" mb="0" cb="0"/><line nr="86" mi="0" ci="7" mb="0" cb="0"/><line nr="90" mi="0" ci="3" mb="6" cb="18"/><line nr="92" mi="0" ci="5" mb="0" cb="0"/><line nr="94" mi="0" ci="5" mb="0" cb="0"/><line nr="96" mi="0" ci="5" mb="0" cb="0"/><line nr="98" mi="5" ci="0" mb="0" cb="0"/><line nr="100" mi="0" ci="5" mb="0" cb="0"/><line nr="102" mi="0" ci="5" mb="0" cb="0"/><line nr="104" mi="5" ci="0" mb="0" cb="0"/><line nr="106" mi="5" ci="0" mb="0" cb="0"/><line nr="108" mi="0" ci="5" mb="0" cb="0"/><line nr="110" mi="0" ci="5" mb="0" cb="0"/><line nr="112" mi="5" ci="0" mb="0" cb="0"/><line nr="114" mi="0" ci="5" mb="0" cb="0"/><line nr="116" mi="0" ci="5" mb="0" cb="0"/><line nr="118" mi="5" ci="0" mb="0" cb="0"/><line nr="120" mi="0" ci="5" mb="0" cb="0"/><line nr="122" mi="0" ci="5" mb="0" cb="0"/><line nr="124" mi="0" ci="5" mb="0" cb="0"/><line nr="126" mi="0" ci="5" mb="0" cb="0"/><line nr="128" mi="0" ci="5" mb="0" cb="0"/><line nr="130" mi="0" ci="5" mb="0" cb="0"/><line nr="132" mi="0" ci="5" mb="0" cb="0"/><line nr="134" mi="0" ci="5" mb="0" cb="0"/><line nr="136" mi="5" ci="0" mb="0" cb="0"/><line nr="138" mi="0" ci="12" mb="0" cb="0"/><line nr="139" mi="0" ci="4" mb="0" cb="0"/><line nr="144" mi="2" ci="0" mb="0" cb="0"/><line nr="149" mi="0" ci="3" mb="0" cb="0"/><line nr="150" mi="0" ci="2" mb="0" cb="0"/><line nr="151" mi="0" ci="3" mb="0" cb="0"/><line nr="153" mi="0" ci="6" mb="2" cb="2"/><line nr="154" mi="3" ci="0" mb="0" cb="0"/><line nr="155" mi="3" ci="0" mb="0" cb="0"/><line nr="156" mi="2" ci="0" mb="0" cb="0"/><line nr="158" mi="0" ci="5" mb="0" cb="0"/><line nr="159" mi="0" ci="2" mb="0" cb="0"/><line nr="160" mi="0" ci="2" mb="0" cb="0"/><line nr="161" mi="0" ci="1" mb="0" cb="0"/><line nr="164" mi="0" ci="3" mb="0" cb="0"/><line nr="165" mi="0" ci="3" mb="0" cb="0"/><line nr="166" mi="0" ci="2" mb="0" cb="0"/><line nr="171" mi="0" ci="3" mb="0" cb="0"/><line nr="172" mi="0" ci="4" mb="0" cb="0"/><line nr="173" mi="0" ci="2" mb="0" cb="0"/><line 
[...]
0"/><line nr="116" mi="0" ci="6" mb="0" cb="0"/><line nr="117" mi="0" ci="3" mb="0" cb="0"/><line nr="118" mi="0" ci="11" mb="0" cb="0"/><line nr="122" mi="0" ci="12" mb="0" cb="0"/><line nr="125" mi="6" ci="0" mb="0" cb="0"/><line nr="129" mi="0" ci="8" mb="0" cb="0"/><line nr="130" mi="0" ci="6" mb="0" cb="0"/><line nr="131" mi="0" ci="3" mb="0" cb="0"/><line nr="132" mi="0" ci="11" mb="0" cb="0"/><line nr="136" mi="0" ci="12" mb="0" cb="0"/><line nr="139" mi="6" ci="0" mb="0" cb="0"/><line nr="142" mi="0" ci="7" mb="0" cb="0"/><line nr="143" mi="0" ci="21" mb="0" cb="0"/><line nr="145" mi="0" ci="2" mb="0" cb="0"/><line nr="147" mi="0" ci="13" mb="0" cb="0"/><line nr="148" mi="0" ci="2" mb="0" cb="0"/><line nr="150" mi="0" ci="13" mb="0" cb="0"/><line nr="153" mi="0" ci="9" mb="0" cb="0"/><line nr="155" mi="2" ci="0" mb="0" cb="0"/><line nr="156" mi="1" ci="0" mb="0" cb="0"/><line nr="157" mi="4" ci="0" mb="0" cb="0"/><line nr="158" mi="1" ci="0" mb="0" cb="0"/><line nr="159" mi="1" ci="0" mb="0" cb="0"/><line nr="161" mi="0" ci="3" mb="1" cb="1"/><line nr="164" mi="0" ci="23" mb="0" cb="0"/><line nr="170" mi="0" ci="5" mb="0" cb="0"/><line nr="171" mi="0" ci="4" mb="0" cb="0"/><line nr="175" mi="4" ci="0" mb="2" cb="0"/><line nr="176" mi="3" ci="0" mb="0" cb="0"/><line nr="177" mi="2" ci="0" mb="0" cb="0"/><line nr="179" mi="4" ci="0" mb="2" cb="0"/><line nr="180" mi="3" ci="0" mb="0" cb="0"/><line nr="182" mi="4" ci="0" mb="2" cb="0"/><line nr="183" mi="3" ci="0" mb="0" cb="0"/><line nr="185" mi="6" ci="0" mb="4" cb="0"/><line nr="186" mi="3" ci="0" mb="0" cb="0"/><line nr="187" mi="6" ci="0" mb="0" cb="0"/><line nr="188" mi="2" ci="0" mb="0" cb="0"/><line nr="190" mi="1" ci="0" mb="0" cb="0"/><line nr="193" mi="5" ci="0" mb="0" cb="0"/><line nr="194" mi="1" ci="0" mb="0" cb="0"/><line nr="196" mi="1" ci="0" mb="0" cb="0"/><line nr="197" mi="3" ci="0" mb="0" cb="0"/><line nr="198" mi="0" ci="1" mb="0" cb="0"/><line nr="201" mi="0" ci="2" mb="0" cb="0"/><line nr="205" mi="9" ci="0" mb="0" cb="0"/><line nr="207" mi="15" ci="0" mb="0" cb="0"/><line nr="208" mi="11" ci="0" mb="0" cb="0"/><line nr="209" mi="1" ci="0" mb="0" cb="0"/><line nr="212" mi="2" ci="0" mb="0" cb="0"/><line nr="213" mi="4" ci="0" mb="0" cb="0"/><line nr="215" mi="3" ci="0" mb="2" cb="0"/><line nr="216" mi="4" ci="0" mb="0" cb="0"/><line nr="217" mi="3" ci="0" mb="2" cb="0"/><line nr="218" mi="6" ci="0" mb="0" cb="0"/><line nr="222" mi="4" ci="0" mb="2" cb="0"/><line nr="223" mi="2" ci="0" mb="0" cb="0"/><line nr="226" mi="2" ci="0" mb="0" cb="0"/><line nr="230" mi="0" ci="4" mb="1" cb="1"/><line nr="232" mi="13" ci="0" mb="0" cb="0"/><line nr="236" mi="0" ci="5" mb="0" cb="0"/><line nr="237" mi="0" ci="7" mb="0" cb="0"/><line nr="239" mi="0" ci="9" mb="0" cb="0"/><line nr="241" mi="0" ci="1" mb="0" cb="0"/><line nr="244" mi="0" ci="3" mb="0" cb="0"/><line nr="245" mi="0" ci="3" mb="0" cb="0"/><line nr="247" mi="0" ci="3" mb="1" cb="1"/><line nr="248" mi="0" ci="3" mb="0" cb="0"/><line nr="251" mi="0" ci="3" mb="0" cb="0"/><line nr="252" mi="0" ci="1" mb="0" cb="0"/><line nr="255" mi="0" ci="3" mb="0" cb="0"/><line nr="256" mi="0" ci="3" mb="0" cb="0"/><line nr="257" mi="0" ci="3" mb="0" cb="0"/><line nr="258" mi="0" ci="3" mb="0" cb="0"/><line nr="259" mi="0" ci="3" mb="0" cb="0"/><line nr="260" mi="0" ci="3" mb="0" cb="0"/><line nr="261" mi="0" ci="3" mb="0" cb="0"/><line nr="263" mi="0" ci="3" mb="1" cb="1"/><line nr="264" mi="0" ci="3" mb="0" cb="0"/><line nr="266" mi="0" ci="1" mb="0" cb="0"/><line nr="269" mi="0" ci="3" mb="0" cb="0"/><line nr="273" mi="0" ci="3" mb="0" cb="0"/><line nr="277" mi="0" ci="3" mb="0" cb="0"/><line nr="281" mi="0" ci="3" mb="0" cb="0"/><line nr="285" mi="0" ci="3" mb="0" cb="0"/><line nr="289" mi="3" ci="0" mb="0" cb="0"/><line nr="293" mi="0" ci="3" mb="0" cb="0"/><line nr="294" mi="0" ci="1" mb="0" cb="0"/><line nr="297" mi="0" ci="3" mb="0" cb="0"/><counter type="INSTRUCTION" missed="154" covered="387"/><counter type="BRANCH" missed="20" covered="4"/><counter type="LINE" missed="38" covered="76"/><counter type="COMPLEXITY" missed="20" covered="17"/><counter type="METHOD" missed="8" covered="17"/><counter type="CLASS" missed="0" covered="4"/></sourcefile><sourcefile name="NamesrvStartup.java"><line nr="47" mi="3" ci="0" mb="0" cb="0"/><line nr="50" mi="0" ci="2" mb="0" cb="0"/><line nr="51" mi="0" ci="2" mb="0" cb="0"/><line nr="52" mi="0" ci="2" mb="0" cb="0"/><line nr="53" mi="0" ci="2" mb="0" cb="0"/><line nr="54" mi="0" ci="2" mb="0" cb="0"/><line nr="55" mi="0" ci="3" mb="0" cb="0"/><line nr="59" mi="2" ci="0" mb="0" cb="0"/><line nr="60" mi="2" ci="0" mb="0" cb="0"/><line nr="61" mi="3" ci="0" mb="2" cb="0"/><line nr="62" mi="2" ci="0" mb="0" cb="0"/><line nr="64" mi="1" ci="0" mb="0" cb="0"/><line nr="65" mi="2" ci="0" mb="0" cb="0"/><line nr="66" mi="2" ci="0" mb="0" cb="0"/><line nr="67" mi="1" ci="0" mb="0" cb="0"/><line nr="68" mi="1" ci="0" mb="0" cb="0"/><line nr="72" mi="2" ci="0" mb="0" cb="0"/><line nr="73" mi="2" ci="0" mb="0" cb="0"/><line nr="74" mi="2" ci="0" mb="0" cb="0"/><line nr="75" mi="1" ci="0" mb="0" cb="0"/><line nr="76" mi="2" ci="0" mb="0" cb="0"/><line nr="77" mi="2" ci="0" mb="0" cb="0"/><line nr="80" mi="2" ci="0" mb="0" cb="0"/><line nr="84" mi="5" ci="0" mb="0" cb="0"/><line nr="86" mi="5" ci="0" mb="0" cb="0"/><line nr="87" mi="9" ci="0" mb="0" cb="0"/><line nr="88" mi="3" ci="0" mb="2" cb="0"/><line nr="89" mi="2" ci="0" mb="0" cb="0"/><line nr="90" mi="1" ci="0" mb="0" cb="0"/><line nr="93" mi="4" ci="0" mb="0" cb="0"/><line nr="94" mi="4" ci="0" mb="0" cb="0"/><line nr="95" mi="4" ci="0" mb="0" cb="0"/><line nr="96" mi="3" ci="0" mb="0" cb="0"/><line nr="97" mi="4" ci="0" mb="0" cb="0"/><line nr="98" mi="4" ci="0" mb="2" cb="0"/><line nr="99" mi="4" ci="0" mb="0" cb="0"/><line nr="100" mi="2" ci="0" mb="2" cb="0"/><line nr="101" mi="10" ci="0" mb="0" cb="0"/><line nr="102" mi="4" ci="0" mb="0" cb="0"/><line nr="103" mi="3" ci="0" mb="0" cb="0"/><line nr="104" mi="3" ci="0" mb="0" cb="0"/><line nr="105" mi="3" ci="0" mb="0" cb="0"/><line nr="106" mi="3" ci="0" mb="0" cb="0"/><line nr="107" mi="3" ci="0" mb="0" cb="0"/><line nr="109" mi="3" ci="0" mb="0" cb="0"/><line nr="111" mi="10" ci="0" mb="0" cb="0"/><line nr="116" mi="4" ci="0" mb="2" cb="0"/><line nr="117" mi="3" ci="0" mb="0" cb="0"/><line nr="118" mi="3" ci="0" mb="0" cb="0"/><line nr="119" mi="3" ci="0" mb="0" cb="0"/><line nr="120" mi="3" ci="0" mb="0" cb="0"/><line nr="121" mi="2" ci="0" mb="0" cb="0"/><line nr="124" mi="4" ci="0" mb="0" cb="0"/><line nr="126" mi="4" ci="0" mb="2" cb="0"/><line nr="127" mi="10" ci="0" mb="0" cb="0"/><line nr="128" mi="2" ci="0" mb="0" cb="0"/><line nr="131" mi="3" ci="0" mb="0" cb="0"/><line nr="132" mi="4" ci="0" mb="0" cb="0"/><line nr="133" mi="3" ci="0" mb="0" cb="0"/><line nr="134" mi="2" ci="0" mb="0" cb="0"/><line nr="135" mi="11" ci="0" mb="0" cb="0"/><line nr="137" mi="3" ci="0" mb="0" cb="0"/><line nr="139" mi="3" ci="0" mb="0" cb="0"/><line nr="140" mi="3" ci="0" mb="0" cb="0"/><line nr="142" mi="1" ci="0" mb="0" cb="0"/><line nr="146" mi="2" ci="0" mb="0" cb="0"/><line nr="147" mi="3" ci="0" mb="0" cb="0"/><line nr="148" mi="9" ci="0" mb="0" cb="0"/><line nr="149" mi="3" ci="0" mb="0" cb="0"/><line nr="150" mi="10" ci="0" mb="0" cb="0"/><line nr="151" mi="2" ci="0" mb="0" cb="0"/><line nr="156" mi="7" ci="0" mb="0" cb="0"/><line nr="157" mi="5" ci="0" mb="0" cb="0"/><line nr="158" mi="2" ci="0" mb="0" cb="0"/><line nr="163" mi="0" ci="3" mb="1" cb="1"/><line nr="164" mi="5" ci="0" mb="0" cb="0"/><line nr="167" mi="0" ci="3" mb="0" cb="0"/><line nr="168" mi="0" ci="2" mb="1" cb="1"/><line nr="169" mi="2" ci="0" mb="0" cb="0"/><line nr="170" mi="2" ci="0" mb="0" cb="0"/><line nr="173" mi="0" ci="8" mb="0" cb="0"/><line nr="174" mi="2" ci="0" mb="0" cb="0"/><line nr="175" mi="2" ci="0" mb="0" cb="0"/><line nr="178" mi="0" ci="2" mb="0" cb="0"/><line nr="180" mi="0" ci="2" mb="0" cb="0"/><line nr="184" mi="2" ci="0" mb="0" cb="0"/><line nr="185" mi="3" ci="0" mb="0" cb="0"/><line nr="186" mi="9" ci="0" mb="0" cb="0"/><line nr="187" mi="3" ci="0" mb="0" cb="0"/><line nr="188" mi="10" ci="0" mb="0" cb="0"/><line nr="189" mi="2" ci="0" mb="0" cb="0"/><line nr="193" mi="4" ci="0" mb="0" cb="0"/><line nr="194" mi="7" ci="0" mb="0" cb="0"/><line nr="196" mi="5" ci="0" mb="0" cb="0"/><line nr="197" mi="2" ci="0" mb="0" cb="0"/><line nr="202" mi="3" ci="0" mb="2" cb="0"/><line nr="203" mi="5" ci="0" mb="0" cb="0"/><line nr="206" mi="3" ci="0" mb="0" cb="0"/><line nr="207" mi="2" ci="0" mb="2" cb="0"/><line nr="208" mi="2" ci="0" mb="0" cb="0"/><line nr="209" mi="2" ci="0" mb="0" cb="0"/><line nr="212" mi="8" ci="0" mb="0" cb="0"/><line nr="213" mi="2" ci="0" mb="0" cb="0"/><line nr="214" mi="2" ci="0" mb="0" cb="0"/><line nr="217" mi="2" ci="0" mb="0" cb="0"/><line nr="219" mi="2" ci="0" mb="0" cb="0"/><line nr="223" mi="0" ci="2" mb="0" cb="0"/><line nr="224" mi="0" ci="1" mb="0" cb="0"/><line nr="227" mi="2" ci="0" mb="0" cb="0"/><line nr="228" mi="1" ci="0" mb="0" cb="0"/><line nr="231" mi="0" ci="8" mb="0" cb="0"/><line nr="232" mi="0" ci="3" mb="0" cb="0"/><line nr="233" mi="0" ci="4" mb="0" cb="0"/><line nr="235" mi="0" ci="8" mb="0" cb="0"/><line nr="236" mi="0" ci="3" mb="0" cb="0"/><line nr="237" mi="0" ci="4" mb="0" cb="0"/><line nr="239" mi="0" ci="2" mb="0" cb="0"/><line nr="243" mi="0" ci="2" mb="0" cb="0"/><counter type="INSTRUCTION" missed="338" covered="70"/><counter type="BRANCH" missed="18" covered="2"/><counter type="LINE" missed="96" covered="22"/><counter type="COMPLEXITY" missed="22" covered="5"/><counter type="METHOD" missed="12" covered="5"/><counter type="CLASS" missed="0" covered="1"/></sourcefile><counter type="INSTRUCTION" missed="492" covered="457"/><counter type="BRANCH" missed="38" covered="6"/><counter type="LINE" missed="134" covered="98"/><counter type="COMPLEXITY" missed="42" covered="22"/><counter type="METHOD" missed="20" covered="22"/><counter type="CLASS" missed="0" covered="5"/></package><package name="org/apache/rocketmq/namesrv/kvconfig"><class name="org/apache/rocketmq/namesrv/kvconfig/KVConfigManager" sourcefilename="KVConfigManager.java"><method name="&lt;init&gt;" desc="(Lorg/apache/rocketmq/namesrv/NamesrvController;)V" line="36"><counter type="INSTRUCTION" missed="0" covered="16"/><counter type="LINE" missed="0" covered="5"/><counter type="COMPLEXITY" missed="0" covered="1"/><counter type="METHOD" missed="0" covered="1"/></method><method name="load" desc="()V" line="45"><counter type="INSTRUCTION" missed="5" covered="28"/><counter type="BRANCH" missed="2" covered="2"/><counter type="LINE" missed="2" covered="10"/><counter type="COMPLEXITY" missed="2" covered="1"/><counter type="METHOD" missed="0" covered="1"/></method><method name="putKVConfig" desc="(Ljava/lang/String;Ljava/lang/String;Ljava/lang/String;)V" line="63"><counter type="INSTRUCTION" missed="23" covered="61"/><counter type="BRANCH" missed="2" covered="2"/><counter type="LINE" missed="3" covered="13"/><counter type="COMPLEXITY" missed="2" covered="1"/><counter type="METHOD" missed="0" covered="1"/></method><method name="persist" desc="()V" line="92"><counter type="INSTRUCTION" missed="20" covered="30"/><counter type="BRANCH" missed="1" covered="1"/><counter type="LINE" missed="5" covered="9"/><counter type="COMPLEXITY" missed="1" covered="1"/><counter type="METHOD" missed="0" covered="1"/></method><method name="deleteKVConfig" desc="(Ljava/lang/String;Ljava/lang/String;)V" line="116"><counter type="INSTRUCTION" missed="5" covered="43"/><counter type="BRANCH" missed="0" covered="2"/><counter type="LINE" missed="2" covered="9"/><counter type="COMPLEXITY" missed="0" covered="2"/><counter type="METHOD" missed="0" covered="1"/></method><method name="getKVListByNamespace" desc="(Ljava/lang/String;)[B" line="136"><counter type="INSTRUCTION" missed="5" covered="32"/><counter type="BRANCH" missed="0" covered="2"/><counter type="LINE" missed="2" covered="9"/><counter type="COMPLEXITY" missed="0" covered="2"/><counter type="METHOD" missed="0" covered="1"/></method><method name="getKVConfig" desc="(Ljava/lang/String;Ljava/lang/String;)Ljava/lang/String;" line="156"><counter type="INSTRUCTION" missed="5" covered="27"/><counter type="BRANCH" missed="0" covered="2"/><counter type="LINE" missed="2" covered="7"/><counter type="COMPLEXITY" missed="0" covered="2"/><counter type="METHOD" missed="0" covered="1"/></method><method name="printAllPeriodically" desc="()V" line="174"><counter type="INSTRUCTION" missed="72" covered="0"/><counter type="BRANCH" missed="4" covered="0"/><counter type="LINE" missed="13" covered="0"/><counter type="COMPLEXITY" missed="3" covered="0"/><counter type="METHOD" missed="1" covered="0"/></method><method name="&lt;clinit&gt;" desc="()V" line="32"><counter type="INSTRUCTION" missed="0" covered="4"/><counter type="LINE" missed="0" covered="1"/><counter type="COMPLEXITY" missed="0" covered="1"/><counter type="METHOD" missed="0" covered="1"/></method><counter type="INSTRUCTION" missed="135" covered="241"/><counter type="BRANCH" missed="9" covered="11"/><counter type="LINE" missed="29" covered="63"/><counter type="COMPLEXITY" missed="8" covered="11"/><counter type="METHOD" missed="1" covered="8"/><counter type="CLASS" missed="0" covered="1"/></class><class name="org/apache/rocketmq/namesrv/kvconfig/KVConfigSerializeWrapper" sourcefilename="KVConfigSerializeWrapper.java"><method name="&lt;init&gt;" desc="()V" line="22"><counter type="INSTRUCTION" missed="0" covered="3"/><counter type="LINE" missed="0" covered="1"/><counter type="COMPLEXITY" missed="0" covered="1"/><counter type="METHOD" missed="0" covered="1"/></method><method name="getConfigTable" desc="()Ljava/util/HashMap;" line="26"><counter type="INSTRUCTION" missed="0" covered="3"/><counter type="LINE" missed="0" covered="1"/><counter type="COMPLEXITY" missed="0" covered="1"/><counter type="METHOD" missed="0" covered="1"/></method><method name="setConfigTable" desc="(Ljava/util/HashMap;)V" line="30"><counter type="INSTRUCTION" missed="0" covered="4"/><counter type="LINE" missed="0" covered="2"/><counter type="COMPLEXITY" missed="0" covered="1"/><counter type="METHOD" missed="0" covered="1"/></method><counter type="INSTRUCTION" missed="0" covered="10"/><counter type="LINE" missed="0" covered="4"/><counter type="COMPLEXITY" missed="0" covered="3"/><counter type="METHOD" missed="0" covered="3"/><counter type="CLASS" missed="0" covered="1"/></class><sourcefile name="KVConfigSerializeWrapper.java"><line nr="22" mi="0" ci="3" mb="0" cb="0"/><line nr="26" mi="0" ci="3" mb="0" cb="0"/><line nr="30" mi="0" ci="3" mb="0" cb="0"/><line nr="31" mi="0" ci="1" mb="0" cb="0"/><counter type="INSTRUCTION" missed="0" covered="10"/><counter type="LINE" missed="0" covered="4"/><counter type="COMPLEXITY" missed="0" covered="3"/><counter type="METHOD" missed="0" covered="3"/><counter type="CLASS" missed="0" covered="1"/></sourcefile><sourcefile name="KVConfigManager.java"><line nr="32" mi="0" ci="4" mb="0" cb="0"/><line nr="36" mi="0" ci="5" mb="0" cb="0"/><line nr="37" mi="0" ci="5" mb="0" cb="0"/><line nr="40" mi="0" ci="2" mb="0" cb="0"/><line nr="41" mi="0" ci="3" mb="0" cb="0"/><line nr="42" mi="0" ci="1" mb="0" cb="0"/><line nr="45" mi="0" ci="2" mb="0" cb="0"/><line nr="47" mi="0" ci="6" mb="0" cb="0"/><line nr="48" mi="1" ci="0" mb="0" cb="0"/><line nr="49" mi="4" ci="0" mb="0" cb="0"/><line nr="50" mi="0" ci="1" mb="0" cb="0"/><line nr="51" mi="0" ci="2" mb="1" cb="1"/><line nr="52" mi="0" ci="2" mb="0" cb="0"/><line nr="53" mi="0" ci="3" mb="0" cb="0"/><line nr="54" mi="0" ci="3" mb="1" cb="1"/><line nr="55" mi="0" ci="5" mb="0" cb="0"/><line nr="56" mi="0" ci="3" mb="0" cb="0"/><line nr="59" mi="0" ci="1" mb="0" cb="0"/><line nr="63" mi="0" ci="4" mb="0" cb="0"/><line nr="65" mi="0" ci="6" mb="0" cb="0"/><line nr="66" mi="0" ci="3" mb="1" cb="1"/><line nr="67" mi="0" ci="4" mb="0" cb="0"/><line nr="68" mi="0" ci="6" mb="0" cb="0"/><line nr="69" mi="0" ci="4" mb="0" cb="0"/><line nr="72" mi="0" ci="6" mb="0" cb="0"/><line nr="73" mi="0" ci="3" mb="1" cb="1"/><line nr="74" mi="18" ci="0" mb="0" cb="0"/><line nr="77" mi="0" ci="17" mb="0" cb="0"/><line nr="81" mi="0" ci="4" mb="0" cb="0"/><line nr="83" mi="1" ci="0" mb="0" cb="0"/><line nr="84" mi="4" ci="0" mb="0" cb="0"/><line nr="85" mi="0" ci="1" mb="0" cb="0"/><line nr="87" mi="0" ci="2" mb="0" cb="0"/><line nr="88" mi="0" ci="1" mb="0" cb="0"/><line nr="92" mi="0" ci="4" mb="0" cb="0"/><line nr="94" mi="0" ci="4" mb="0" cb="0"/><line nr="95" mi="0" ci="4" mb="0" cb="0"/><line nr="97" mi="0" ci="3" mb="0" cb="0"/><line nr="99" mi="0" ci="3" mb="1" cb="1"/><line nr="100" mi="0" ci="6" mb="0" cb="0"/><line nr="102" mi="1" ci="0" mb="0" cb="0"/><line nr="103" mi="9" ci="0" mb="0" cb="0"/><line nr="104" mi="5" ci="0" mb="0" cb="0"/><line nr="106" mi="0" ci="4" mb="0" cb="0"/><line nr="108" mi="1" ci="0" mb="0" cb="0"/><line nr="109" mi="4" ci="0" mb="0" cb="0"/><line nr="110" mi="0" ci="1" mb="0" cb="0"/><line nr="112" mi="0" ci="1" mb="0" cb="0"/><line nr="116" mi="0" ci="4" mb="0" cb="0"/><line nr="118" mi="0" ci="6" mb="0" cb="0"/><line nr="119" mi="0" ci="3" mb="0" cb="2"/><line nr="120" mi="0" ci="5" mb="0" cb="0"/><line nr="121" mi="0" ci="17" mb="0" cb="0"/><line nr="125" mi="0" ci="4" mb="0" cb="0"/><line nr="127" mi="1" ci="0" mb="0" cb="0"/><line nr="128" mi="4" ci="0" mb="0" cb="0"/><line nr="129" mi="0" ci="1" mb="0" cb="0"/><line nr="131" mi="0" ci="2" mb="0" cb="0"/><line nr="132" mi="0" ci="1" mb="0" cb="0"/><line nr="136" mi="0" ci="4" mb="0" cb="0"/><line nr="138" mi="0" ci="6" mb="0" cb="0"/><line nr="139" mi="0" ci="3" mb="0" cb="2"/><line nr="140" mi="0" ci="4" mb="0" cb="0"/><line nr="141" mi="0" ci="3" mb="0" cb="0"/><line nr="142" mi="0" ci="5" mb="0" cb="0"/><line nr="145" mi="0" ci="4" mb="0" cb="0"/><line nr="147" mi="1" ci="0" mb="0" cb="0"/><line nr="148" mi="4" ci="0" mb="0" cb="0"/><line nr="149" mi="0" ci="1" mb="0" cb="0"/><line nr="151" mi="0" ci="2" mb="0" cb="0"/><line nr="156" mi="0" ci="4" mb="0" cb="0"/><line nr="158" mi="0" ci="6" mb="0" cb="0"/><line nr="159" mi="0" ci="3" mb="0" cb="2"/><line nr="160" mi="0" ci="7" mb="0" cb="0"/><line nr="163" mi="0" ci="4" mb="0" cb="0"/><line nr="165" mi="1" ci="0" mb="0" cb="0"/><line nr="166" mi="4" ci="0" mb="0" cb="0"/><line nr="167" mi="0" ci="1" mb="0" cb="0"/><line nr="169" mi="0" ci="2" mb="0" cb="0"/><line nr="174" mi="4" ci="0" mb="0" cb="0"/><line nr="176" mi="3" ci="0" mb="0" cb="0"/><line nr="179" mi="7" ci="0" mb="0" cb="0"/><line nr="180" mi="12" ci="0" mb="2" cb="0"/><line nr="181" mi="13" ci="0" mb="2" cb="0"/><line nr="182" mi="20" ci="0" mb="0" cb="0"/><line nr="183" mi="1" ci="0" mb="0" cb="0"/><line nr="184" mi="1" ci="0" mb="0" cb="0"/><line nr="187" mi="4" ci="0" mb="0" cb="0"/><line nr="189" mi="1" ci="0" mb="0" cb="0"/><line nr="190" mi="4" ci="0" mb="0" cb="0"/><line nr="191" mi="1" ci="0" mb="0" cb="0"/><line nr="192" mi="1" ci="0" mb="0" cb="0"/><counter type="INSTRUCTION" missed="135" covered="241"/><counter type="BRANCH" missed="9" covered="11"/><counter type="LINE" missed="29" covered="63"/><counter type="COMPLEXITY" missed="8" covered="11"/><counter type="METHOD" missed="1" covered="8"/><counter type="CLASS" missed="0" covered="1"/></sourcefile><counter type="INSTRUCTION" missed="135" covered="251"/><counter type="BRANCH" missed="9" covered="11"/><counter type="LINE" missed="29" covered="67"/><counter type="COMPLEXITY" missed="8" covered="14"/><counter type="METHOD" missed="1" covered="11"/><counter type="CLASS" missed="0" covered="2"/></package><counter type="INSTRUCTION" missed="1882" covered="3799"/><counter type="BRANCH" missed="202" covered="299"/><counter type="LINE" missed="489" covered="944"/><counter type="COMPLEXITY" missed="202" covered="224"/><counter type="METHOD" missed="50" covered="114"/><counter type="CLASS" missed="0" covered="15"/></report>