GROUP,PACKAGE,CLASS,INSTRUCTION_MISSED,INSTRUCTION_COVERED,BRANCH_MISSED,BRANCH_COVERED,LINE_MISSED,LINE_COVERED,COMPLEXITY_MISSED,COMPLEXITY_COVERED,METHOD_MISSED,METHOD_COVERED
rocketmq-common 5.0.0-SNAPSHOT,org.apache.rocketmq.common,TopicConfig,255,381,24,14,47,86,26,23,8,22
rocketmq-common 5.0.0-SNAPSHOT,org.apache.rocketmq.common,BrokerIdentity,159,72,8,0,36,23,12,10,8,10
rocketmq-common 5.0.0-SNAPSHOT,org.apache.rocketmq.common,BrokerAddrInfo,137,0,22,0,25,0,18,0,7,0
rocketmq-common 5.0.0-SNAPSHOT,org.apache.rocketmq.common,PlainAccessConfig,59,0,0,0,25,0,17,0,17,0
rocketmq-common 5.0.0-SNAPSHOT,org.apache.rocketmq.common,KeyBuilder,62,0,2,0,7,0,6,0,5,0
rocketmq-common 5.0.0-SNAPSHOT,org.apache.rocketmq.common,BrokerConfigSingleton,30,0,4,0,9,0,6,0,4,0
rocketmq-common 5.0.0-SNAPSHOT,org.apache.rocketmq.common,PopAckConstants,19,0,0,0,5,0,3,0,3,0
rocketmq-common 5.0.0-SNAPSHOT,org.apache.rocketmq.common,CountDownLatch2.Sync,1,46,1,7,1,14,1,8,0,5
rocketmq-common 5.0.0-SNAPSHOT,org.apache.rocketmq.common,AclConfig,17,0,0,0,7,0,5,0,5,0
rocketmq-common 5.0.0-SNAPSHOT,org.apache.rocketmq.common,ServiceThread,16,286,5,17,8,64,6,20,1,14
rocketmq-common 5.0.0-SNAPSHOT,org.apache.rocketmq.common,MQVersion.Version,0,6134,0,0,0,614,0,1,0,1
rocketmq-common 5.0.0-SNAPSHOT,org.apache.rocketmq.common,Pair,23,0,0,0,10,0,5,0,5,0
rocketmq-common 5.0.0-SNAPSHOT,org.apache.rocketmq.common,TopicAttributes,3,44,0,0,1,9,1,1,1,1
rocketmq-common 5.0.0-SNAPSHOT,org.apache.rocketmq.common,ServiceState,44,0,0,0,5,0,1,0,1,0
rocketmq-common 5.0.0-SNAPSHOT,org.apache.rocketmq.common,CountDownLatch2,0,60,0,2,0,14,0,8,0,7
rocketmq-common 5.0.0-SNAPSHOT,org.apache.rocketmq.common,ThreadFactoryImpl,38,42,4,0,8,10,4,3,2,3
rocketmq-common 5.0.0-SNAPSHOT,org.apache.rocketmq.common,MixAll,444,503,69,57,99,122,62,31,14,16
rocketmq-common 5.0.0-SNAPSHOT,org.apache.rocketmq.common,ControllerConfig,161,0,0,0,54,0,29,0,29,0
rocketmq-common 5.0.0-SNAPSHOT,org.apache.rocketmq.common,Configuration,604,0,50,0,147,0,44,0,19,0
rocketmq-common 5.0.0-SNAPSHOT,org.apache.rocketmq.common,EpochEntry,82,51,6,6,16,11,13,4,7,4
rocketmq-common 5.0.0-SNAPSHOT,org.apache.rocketmq.common,MQVersion,3,38,0,4,1,9,1,5,1,3
rocketmq-common 5.0.0-SNAPSHOT,org.apache.rocketmq.common,UtilAll,838,723,97,85,212,167,91,55,28,27
rocketmq-common 5.0.0-SNAPSHOT,org.apache.rocketmq.common,TopicConfig.new TypeReference() {...},0,3,0,0,0,1,0,1,0,1
rocketmq-common 5.0.0-SNAPSHOT,org.apache.rocketmq.common,BrokerConfig,859,457,0,0,368,145,245,11,245,11
rocketmq-common 5.0.0-SNAPSHOT,org.apache.rocketmq.common,ConfigManager,53,95,3,7,12,25,5,7,2,5
rocketmq-common 5.0.0-SNAPSHOT,org.apache.rocketmq.common,UtilAll.new PrivilegedAction() {...},18,18,0,0,3,3,0,2,0,2
rocketmq-common 5.0.0-SNAPSHOT,org.apache.rocketmq.common,TopicFilterType,0,24,0,0,0,3,0,1,0,1
rocketmq-common 5.0.0-SNAPSHOT,org.apache.rocketmq.common,DataVersion,146,106,19,15,32,27,16,15,4,10
rocketmq-common 5.0.0-SNAPSHOT,org.apache.rocketmq.common,AbstractBrokerRunnable,18,0,2,0,7,0,3,0,2,0
rocketmq-common 5.0.0-SNAPSHOT,org.apache.rocketmq.common,SystemClock,5,0,0,0,2,0,2,0,2,0
rocketmq-common 5.0.0-SNAPSHOT,org.apache.rocketmq.common,TopicQueueId,86,0,10,0,17,0,9,0,4,0
rocketmq-common 5.0.0-SNAPSHOT,org.apache.rocketmq.common,BrokerSyncInfo,57,0,0,0,15,0,8,0,8,0
rocketmq-common 5.0.0-SNAPSHOT,org.apache.rocketmq.common.compression,ZstdCompressor,16,88,0,2,8,29,0,5,0,4
rocketmq-common 5.0.0-SNAPSHOT,org.apache.rocketmq.common.compression,CompressorFactory,3,32,0,0,1,6,1,2,1,2
rocketmq-common 5.0.0-SNAPSHOT,org.apache.rocketmq.common.compression,CompressionType,25,93,4,8,6,17,5,10,2,4
rocketmq-common 5.0.0-SNAPSHOT,org.apache.rocketmq.common.compression,ZlibCompressor,24,97,0,2,12,33,0,5,0,4
rocketmq-common 5.0.0-SNAPSHOT,org.apache.rocketmq.common.compression,Lz4Compressor,16,87,0,2,8,29,0,5,0,4
rocketmq-common 5.0.0-SNAPSHOT,org.apache.rocketmq.common.protocol.heartbeat,SubscriptionData,93,283,27,25,19,66,25,23,1,21
rocketmq-common 5.0.0-SNAPSHOT,org.apache.rocketmq.common.protocol.heartbeat,HeartbeatData,56,0,0,0,13,0,8,0,8,0
rocketmq-common 5.0.0-SNAPSHOT,org.apache.rocketmq.common.protocol.heartbeat,ProducerData,22,0,0,0,5,0,4,0,4,0
rocketmq-common 5.0.0-SNAPSHOT,org.apache.rocketmq.common.protocol.heartbeat,ConsumerData,87,0,0,0,21,0,14,0,14,0
rocketmq-common 5.0.0-SNAPSHOT,org.apache.rocketmq.common.protocol.heartbeat,MessageModel,3,34,0,0,1,6,1,2,1,2
rocketmq-common 5.0.0-SNAPSHOT,org.apache.rocketmq.common.protocol.heartbeat,ConsumeType,3,34,0,0,1,6,1,2,1,2
rocketmq-common 5.0.0-SNAPSHOT,org.apache.rocketmq.common.filter.impl,Operand,4,0,0,0,2,0,1,0,1,0
rocketmq-common 5.0.0-SNAPSHOT,org.apache.rocketmq.common.filter.impl,Type,54,0,0,0,6,0,1,0,1,0
rocketmq-common 5.0.0-SNAPSHOT,org.apache.rocketmq.common.filter.impl,Op,12,0,0,0,5,0,3,0,3,0
rocketmq-common 5.0.0-SNAPSHOT,org.apache.rocketmq.common.filter.impl,PolishExpr,434,0,94,0,86,0,55,0,8,0
rocketmq-common 5.0.0-SNAPSHOT,org.apache.rocketmq.common.filter.impl,Operator,106,0,12,0,25,0,13,0,7,0
rocketmq-common 5.0.0-SNAPSHOT,org.apache.rocketmq.common.protocol.header.namesrv,RegisterTopicRequestHeader,11,0,0,0,5,0,4,0,4,0
rocketmq-common 5.0.0-SNAPSHOT,org.apache.rocketmq.common.protocol.header.namesrv,UnRegisterBrokerRequestHeader,32,0,0,0,14,0,10,0,10,0
rocketmq-common 5.0.0-SNAPSHOT,org.apache.rocketmq.common.protocol.header.namesrv,QueryDataVersionResponseHeader,30,0,0,0,9,0,5,0,5,0
rocketmq-common 5.0.0-SNAPSHOT,org.apache.rocketmq.common.protocol.header.namesrv,RegisterBrokerResponseHeader,18,0,0,0,8,0,6,0,6,0
rocketmq-common 5.0.0-SNAPSHOT,org.apache.rocketmq.common.protocol.header.namesrv,GetKVListByNamespaceRequestHeader,11,0,0,0,5,0,4,0,4,0
rocketmq-common 5.0.0-SNAPSHOT,org.apache.rocketmq.common.protocol.header.namesrv,QueryDataVersionRequestHeader,32,0,0,0,14,0,10,0,10,0
rocketmq-common 5.0.0-SNAPSHOT,org.apache.rocketmq.common.protocol.header.namesrv,GetKVConfigResponseHeader,11,0,0,0,5,0,4,0,4,0
rocketmq-common 5.0.0-SNAPSHOT,org.apache.rocketmq.common.protocol.header.namesrv,WipeWritePermOfBrokerRequestHeader,11,0,0,0,5,0,4,0,4,0
rocketmq-common 5.0.0-SNAPSHOT,org.apache.rocketmq.common.protocol.header.namesrv,PutKVConfigRequestHeader,25,0,0,0,11,0,8,0,8,0
rocketmq-common 5.0.0-SNAPSHOT,org.apache.rocketmq.common.protocol.header.namesrv,DeleteKVConfigRequestHeader,18,0,0,0,8,0,6,0,6,0
rocketmq-common 5.0.0-SNAPSHOT,org.apache.rocketmq.common.protocol.header.namesrv,AddWritePermOfBrokerResponseHeader,11,0,0,0,5,0,4,0,4,0
rocketmq-common 5.0.0-SNAPSHOT,org.apache.rocketmq.common.protocol.header.namesrv,WipeWritePermOfBrokerResponseHeader,11,0,0,0,5,0,4,0,4,0
rocketmq-common 5.0.0-SNAPSHOT,org.apache.rocketmq.common.protocol.header.namesrv,RegisterOrderTopicRequestHeader,18,0,0,0,8,0,6,0,6,0
rocketmq-common 5.0.0-SNAPSHOT,org.apache.rocketmq.common.protocol.header.namesrv,RegisterBrokerRequestHeader,71,0,0,0,30,0,20,0,20,0
rocketmq-common 5.0.0-SNAPSHOT,org.apache.rocketmq.common.protocol.header.namesrv,GetKVConfigRequestHeader,18,0,0,0,8,0,6,0,6,0
rocketmq-common 5.0.0-SNAPSHOT,org.apache.rocketmq.common.protocol.header.namesrv,BrokerHeartbeatRequestHeader,25,0,0,0,11,0,8,0,8,0
rocketmq-common 5.0.0-SNAPSHOT,org.apache.rocketmq.common.protocol.header.namesrv,GetRouteInfoRequestHeader,21,0,0,0,9,0,7,0,7,0
rocketmq-common 5.0.0-SNAPSHOT,org.apache.rocketmq.common.protocol.header.namesrv,AddWritePermOfBrokerRequestHeader,11,0,0,0,5,0,4,0,4,0
rocketmq-common 5.0.0-SNAPSHOT,org.apache.rocketmq.common.protocol.header.namesrv,DeleteTopicFromNamesrvRequestHeader,18,0,0,0,8,0,6,0,6,0
rocketmq-common 5.0.0-SNAPSHOT,org.apache.rocketmq.common.protocol.header.namesrv.controller,AlterSyncStateSetResponseHeader,23,0,0,0,7,0,5,0,5,0
rocketmq-common 5.0.0-SNAPSHOT,org.apache.rocketmq.common.protocol.header.namesrv.controller,RegisterBrokerToControllerRequestHeader,72,0,0,0,21,0,12,0,12,0
rocketmq-common 5.0.0-SNAPSHOT,org.apache.rocketmq.common.protocol.header.namesrv.controller,ElectMasterRequestHeader,31,0,0,0,10,0,6,0,6,0
rocketmq-common 5.0.0-SNAPSHOT,org.apache.rocketmq.common.protocol.header.namesrv.controller,GetReplicaInfoRequestHeader,54,0,0,0,17,0,9,0,9,0
rocketmq-common 5.0.0-SNAPSHOT,org.apache.rocketmq.common.protocol.header.namesrv.controller,RegisterBrokerToControllerResponseHeader,61,0,0,0,16,0,11,0,11,0
rocketmq-common 5.0.0-SNAPSHOT,org.apache.rocketmq.common.protocol.header.namesrv.controller,AlterSyncStateSetRequestHeader,63,0,0,0,18,0,10,0,10,0
rocketmq-common 5.0.0-SNAPSHOT,org.apache.rocketmq.common.protocol.header.namesrv.controller,GetMetaDataResponseHeader,97,0,0,0,26,0,14,0,14,0
rocketmq-common 5.0.0-SNAPSHOT,org.apache.rocketmq.common.protocol.header.namesrv.controller,ElectMasterResponseHeader,61,0,0,0,16,0,11,0,11,0
rocketmq-common 5.0.0-SNAPSHOT,org.apache.rocketmq.common.protocol.header.namesrv.controller,GetReplicaInfoResponseHeader,52,0,0,0,14,0,9,0,9,0
rocketmq-common 5.0.0-SNAPSHOT,org.apache.rocketmq.common.running,RunningStats,54,0,0,0,6,0,1,0,1,0
rocketmq-common 5.0.0-SNAPSHOT,org.apache.rocketmq.common.consistenthash,ConsistentHashRouter,172,0,22,0,39,0,17,0,6,0
rocketmq-common 5.0.0-SNAPSHOT,org.apache.rocketmq.common.consistenthash,VirtualNode,33,0,0,0,7,0,4,0,4,0
rocketmq-common 5.0.0-SNAPSHOT,org.apache.rocketmq.common.consistenthash,ConsistentHashRouter.MD5Hash,45,0,2,0,13,0,3,0,2,0
rocketmq-common 5.0.0-SNAPSHOT,org.apache.rocketmq.common.statictopic,TopicQueueMappingOne,161,24,42,0,23,9,26,3,5,3
rocketmq-common 5.0.0-SNAPSHOT,org.apache.rocketmq.common.statictopic,TopicQueueMappingInfo,225,86,42,0,19,32,24,16,3,16
rocketmq-common 5.0.0-SNAPSHOT,org.apache.rocketmq.common.statictopic,TopicQueueMappingDetail,225,44,32,2,39,12,25,6,8,6
rocketmq-common 5.0.0-SNAPSHOT,org.apache.rocketmq.common.statictopic,LogicQueueMappingItem,198,173,22,4,27,55,21,21,8,21
rocketmq-common 5.0.0-SNAPSHOT,org.apache.rocketmq.common.statictopic,TopicQueueMappingUtils.MappingAllocator.new Comparator() {...},0,42,0,4,0,7,0,4,0,2
rocketmq-common 5.0.0-SNAPSHOT,org.apache.rocketmq.common.statictopic,TopicQueueMappingContext,79,0,4,0,28,0,17,0,15,0
rocketmq-common 5.0.0-SNAPSHOT,org.apache.rocketmq.common.statictopic,TopicRemappingDetailWrapper,51,45,0,0,17,14,10,4,10,4
rocketmq-common 5.0.0-SNAPSHOT,org.apache.rocketmq.common.statictopic,TopicQueueMappingUtils,716,1311,153,137,122,246,108,61,10,14
rocketmq-common 5.0.0-SNAPSHOT,org.apache.rocketmq.common.statictopic,TopicQueueMappingUtils.new Comparator() {...},0,10,0,0,0,2,0,2,0,2
rocketmq-common 5.0.0-SNAPSHOT,org.apache.rocketmq.common.statictopic,TopicQueueMappingUtils.MappingAllocator,8,184,3,15,2,40,3,12,0,6
rocketmq-common 5.0.0-SNAPSHOT,org.apache.rocketmq.common.statictopic,TopicConfigAndQueueMapping,47,10,4,0,15,4,6,2,4,2
rocketmq-common 5.0.0-SNAPSHOT,org.apache.rocketmq.common.attribute,LongRangeAttribute,3,48,0,4,1,9,1,4,1,2
rocketmq-common 5.0.0-SNAPSHOT,org.apache.rocketmq.common.attribute,Attribute,11,12,0,0,5,5,3,2,3,2
rocketmq-common 5.0.0-SNAPSHOT,org.apache.rocketmq.common.attribute,CQType,24,0,0,0,3,0,1,0,1,0
rocketmq-common 5.0.0-SNAPSHOT,org.apache.rocketmq.common.attribute,AttributeParser,27,143,2,18,3,28,3,10,1,2
rocketmq-common 5.0.0-SNAPSHOT,org.apache.rocketmq.common.attribute,BooleanAttribute,3,25,0,4,1,7,1,4,1,2
rocketmq-common 5.0.0-SNAPSHOT,org.apache.rocketmq.common.attribute,TopicMessageType,0,99,0,0,0,11,0,4,0,4
rocketmq-common 5.0.0-SNAPSHOT,org.apache.rocketmq.common.attribute,EnumAttribute,3,30,0,2,1,7,1,3,1,2
rocketmq-common 5.0.0-SNAPSHOT,org.apache.rocketmq.common.thread,ThreadPoolQueueSizeMonitor,25,0,2,0,6,0,5,0,4,0
rocketmq-common 5.0.0-SNAPSHOT,org.apache.rocketmq.common.thread,ThreadPoolWrapper,111,0,12,0,27,0,17,0,11,0
rocketmq-common 5.0.0-SNAPSHOT,org.apache.rocketmq.common.thread,ThreadPoolWrapper.ThreadPoolWrapperBuilder,50,0,0,0,10,0,6,0,6,0
rocketmq-common 5.0.0-SNAPSHOT,org.apache.rocketmq.common.thread,ThreadPoolMonitor,200,0,10,0,48,0,14,0,9,0
rocketmq-common 5.0.0-SNAPSHOT,org.apache.rocketmq.common.statistics,StatisticsItemScheduledIncrementPrinter.new Runnable() {...},34,0,4,0,8,0,4,0,2,0
rocketmq-common 5.0.0-SNAPSHOT,org.apache.rocketmq.common.statistics,StatisticsItemScheduledIncrementPrinter.new Runnable() {...},98,0,12,0,18,0,8,0,2,0
rocketmq-common 5.0.0-SNAPSHOT,org.apache.rocketmq.common.statistics,StatisticsManager,183,0,12,0,43,0,16,0,10,0
rocketmq-common 5.0.0-SNAPSHOT,org.apache.rocketmq.common.statistics,StatisticsBriefInterceptor,124,0,10,0,25,0,12,0,7,0
rocketmq-common 5.0.0-SNAPSHOT,org.apache.rocketmq.common.statistics,StatisticsItemPrinter,67,0,4,0,14,0,6,0,4,0
rocketmq-common 5.0.0-SNAPSHOT,org.apache.rocketmq.common.statistics,StatisticsKindMeta,24,0,0,0,10,0,7,0,7,0
rocketmq-common 5.0.0-SNAPSHOT,org.apache.rocketmq.common.statistics,StatisticsItemScheduledIncrementPrinter.StatisticsItemSampleBrief,138,0,12,0,25,0,10,0,4,0
rocketmq-common 5.0.0-SNAPSHOT,org.apache.rocketmq.common.statistics,StatisticsItemScheduledPrinter.new Runnable() {...},25,0,2,0,4,0,3,0,2,0
rocketmq-common 5.0.0-SNAPSHOT,org.apache.rocketmq.common.statistics,StatisticsItemScheduledIncrementPrinter.ItemSampleBrief,77,0,4,0,18,0,10,0,8,0
rocketmq-common 5.0.0-SNAPSHOT,org.apache.rocketmq.common.statistics,StatisticsItem,311,0,30,0,57,0,29,0,14,0
rocketmq-common 5.0.0-SNAPSHOT,org.apache.rocketmq.common.statistics,StatisticsItemFormatter,55,0,2,0,9,0,3,0,2,0
rocketmq-common 5.0.0-SNAPSHOT,org.apache.rocketmq.common.statistics,StatisticsManager.new Runnable() {...},74,0,14,0,17,0,9,0,2,0
rocketmq-common 5.0.0-SNAPSHOT,org.apache.rocketmq.common.statistics,StatisticsItemScheduledPrinter,71,0,6,0,17,0,9,0,6,0
rocketmq-common 5.0.0-SNAPSHOT,org.apache.rocketmq.common.statistics,FutureHolder,71,0,8,0,19,0,8,0,4,0
rocketmq-common 5.0.0-SNAPSHOT,org.apache.rocketmq.common.statistics,StatisticsBrief,414,0,44,0,77,0,36,0,14,0
rocketmq-common 5.0.0-SNAPSHOT,org.apache.rocketmq.common.statistics,StatisticsItemScheduledIncrementPrinter,265,0,22,0,57,0,19,0,8,0
rocketmq-common 5.0.0-SNAPSHOT,org.apache.rocketmq.common.sysflag,TopicSysFlag,53,0,8,0,13,0,12,0,8,0
rocketmq-common 5.0.0-SNAPSHOT,org.apache.rocketmq.common.sysflag,PullSysFlag,63,35,12,8,11,11,15,5,7,3
rocketmq-common 5.0.0-SNAPSHOT,org.apache.rocketmq.common.sysflag,SubscriptionSysFlag,31,0,4,0,9,0,8,0,6,0
rocketmq-common 5.0.0-SNAPSHOT,org.apache.rocketmq.common.sysflag,MessageSysFlag,18,14,1,1,4,2,5,2,4,2
rocketmq-common 5.0.0-SNAPSHOT,org.apache.rocketmq.common.filter,FilterContext,10,0,0,0,4,0,3,0,3,0
rocketmq-common 5.0.0-SNAPSHOT,org.apache.rocketmq.common.filter,ExpressionType,5,12,3,3,2,2,4,1,1,1
rocketmq-common 5.0.0-SNAPSHOT,org.apache.rocketmq.common.filter,FilterAPI,45,110,10,14,11,22,12,5,3,2
rocketmq-common 5.0.0-SNAPSHOT,org.apache.rocketmq.common.rpchook,StreamTypeRPCHook,11,0,0,0,4,0,3,0,3,0
rocketmq-common 5.0.0-SNAPSHOT,org.apache.rocketmq.common.future,FutureTaskExt,18,0,0,0,7,0,3,0,3,0
rocketmq-common 5.0.0-SNAPSHOT,org.apache.rocketmq.common.help,FAQUrl,56,0,4,0,16,0,5,0,3,0
rocketmq-common 5.0.0-SNAPSHOT,org.apache.rocketmq.common.protocol.route,QueueData,127,84,12,10,26,29,14,13,4,12
rocketmq-common 5.0.0-SNAPSHOT,org.apache.rocketmq.common.protocol.route,TopicRouteData,369,150,49,17,68,44,39,11,6,11
rocketmq-common 5.0.0-SNAPSHOT,org.apache.rocketmq.common.protocol.route,BrokerData,177,69,14,6,36,24,16,11,7,10
rocketmq-common 5.0.0-SNAPSHOT,org.apache.rocketmq.common.protocol.route,MessageQueueRouteState,44,0,0,0,5,0,1,0,1,0
rocketmq-common 5.0.0-SNAPSHOT,org.apache.rocketmq.common.protocol.route,TopicRouteDatas,15,0,0,0,5,0,3,0,3,0
rocketmq-common 5.0.0-SNAPSHOT,org.apache.rocketmq.common.stats,MomentStatsItemSet,84,79,10,4,22,20,10,6,5,4
rocketmq-common 5.0.0-SNAPSHOT,org.apache.rocketmq.common.stats,CallSnapshot,0,21,0,0,0,8,0,4,0,4
rocketmq-common 5.0.0-SNAPSHOT,org.apache.rocketmq.common.stats,StatsItem.new Runnable() {...},12,0,0,0,5,0,2,0,2,0
rocketmq-common 5.0.0-SNAPSHOT,org.apache.rocketmq.common.stats,StatsItem.new Runnable() {...},12,0,0,0,5,0,2,0,2,0
rocketmq-common 5.0.0-SNAPSHOT,org.apache.rocketmq.common.stats,StatsItem.new Runnable() {...},12,0,0,0,5,0,2,0,2,0
rocketmq-common 5.0.0-SNAPSHOT,org.apache.rocketmq.common.stats,StatsItem.new Runnable() {...},12,0,0,0,5,0,2,0,2,0
rocketmq-common 5.0.0-SNAPSHOT,org.apache.rocketmq.common.stats,StatsItem.new Runnable() {...},12,0,0,0,5,0,2,0,2,0
rocketmq-common 5.0.0-SNAPSHOT,org.apache.rocketmq.common.stats,StatsItem.new Runnable() {...},12,0,0,0,5,0,2,0,2,0
rocketmq-common 5.0.0-SNAPSHOT,org.apache.rocketmq.common.stats,StatsItemSet.new Runnable() {...},1,11,0,0,1,4,0,2,0,2
rocketmq-common 5.0.0-SNAPSHOT,org.apache.rocketmq.common.stats,StatsItemSet.new Runnable() {...},6,6,0,0,4,1,1,1,1,1
rocketmq-common 5.0.0-SNAPSHOT,org.apache.rocketmq.common.stats,StatsItemSet.new Runnable() {...},1,11,0,0,1,4,0,2,0,2
rocketmq-common 5.0.0-SNAPSHOT,org.apache.rocketmq.common.stats,StatsItemSet.new Runnable() {...},1,11,0,0,1,4,0,2,0,2
rocketmq-common 5.0.0-SNAPSHOT,org.apache.rocketmq.common.stats,StatsItemSet.new Runnable() {...},6,6,0,0,4,1,1,1,1,1
rocketmq-common 5.0.0-SNAPSHOT,org.apache.rocketmq.common.stats,StatsItemSet.new Runnable() {...},6,6,0,0,4,1,1,1,1,1
rocketmq-common 5.0.0-SNAPSHOT,org.apache.rocketmq.common.stats,StatsItemSet,197,253,26,12,55,55,23,17,7,14
rocketmq-common 5.0.0-SNAPSHOT,org.apache.rocketmq.common.stats,MomentStatsItem,46,24,0,0,8,8,4,2,4,2
rocketmq-common 5.0.0-SNAPSHOT,org.apache.rocketmq.common.stats,Stats,3,0,0,0,1,0,1,0,1,0
rocketmq-common 5.0.0-SNAPSHOT,org.apache.rocketmq.common.stats,MomentStatsItem.new Runnable() {...},17,0,0,0,6,0,2,0,2,0
rocketmq-common 5.0.0-SNAPSHOT,org.apache.rocketmq.common.stats,StatsItem,212,270,8,8,28,60,15,10,7,10
rocketmq-common 5.0.0-SNAPSHOT,org.apache.rocketmq.common.stats,RTStatsItem,17,7,0,0,1,2,1,1,1,1
rocketmq-common 5.0.0-SNAPSHOT,org.apache.rocketmq.common.stats,MomentStatsItemSet.new Runnable() {...},6,6,0,0,4,1,1,1,1,1
rocketmq-common 5.0.0-SNAPSHOT,org.apache.rocketmq.common.stats,StatsSnapshot,6,25,0,0,2,11,2,7,2,7
rocketmq-common 5.0.0-SNAPSHOT,org.apache.rocketmq.common.protocol.topic,OffsetMovedEvent,27,31,0,0,1,13,1,9,1,9
rocketmq-common 5.0.0-SNAPSHOT,org.apache.rocketmq.common.subscription,GroupRetryPolicy,16,60,0,8,5,21,1,13,1,9
rocketmq-common 5.0.0-SNAPSHOT,org.apache.rocketmq.common.subscription,CustomizedRetryPolicy,133,139,0,4,9,27,4,4,4,2
rocketmq-common 5.0.0-SNAPSHOT,org.apache.rocketmq.common.subscription,GroupForbidden,130,0,12,0,29,0,16,0,10,0
rocketmq-common 5.0.0-SNAPSHOT,org.apache.rocketmq.common.subscription,ExponentialRetryPolicy,62,39,0,4,19,10,8,4,8,2
rocketmq-common 5.0.0-SNAPSHOT,org.apache.rocketmq.common.subscription,SubscriptionGroupConfig,246,132,16,0,32,52,11,27,3,27
rocketmq-common 5.0.0-SNAPSHOT,org.apache.rocketmq.common.subscription,GroupRetryPolicyType,0,24,0,0,0,3,0,1,0,1
rocketmq-common 5.0.0-SNAPSHOT,org.apache.rocketmq.common.protocol,MQProtosHelper,41,0,4,0,13,0,5,0,3,0
rocketmq-common 5.0.0-SNAPSHOT,org.apache.rocketmq.common.protocol,NamespaceUtil,39,216,20,42,16,46,21,22,2,10
rocketmq-common 5.0.0-SNAPSHOT,org.apache.rocketmq.common.protocol,ResponseCode,3,0,0,0,1,0,1,0,1,0
rocketmq-common 5.0.0-SNAPSHOT,org.apache.rocketmq.common.protocol,RequestCode,3,0,0,0,1,0,1,0,1,0
rocketmq-common 5.0.0-SNAPSHOT,org.apache.rocketmq.common.topic,TopicValidator,3,263,1,33,1,67,2,26,1,10
rocketmq-common 5.0.0-SNAPSHOT,org.apache.rocketmq.common.rpc,RpcResponse,49,0,0,0,21,0,10,0,10,0
rocketmq-common 5.0.0-SNAPSHOT,org.apache.rocketmq.common.rpc,RpcClientImpl.new InvokeCallback() {...},104,0,4,0,17,0,4,0,2,0
rocketmq-common 5.0.0-SNAPSHOT,org.apache.rocketmq.common.rpc,RpcRequestHeader,28,3,0,0,12,1,8,1,8,1
rocketmq-common 5.0.0-SNAPSHOT,org.apache.rocketmq.common.rpc,TopicRequestHeader,7,3,0,0,3,1,2,1,2,1
rocketmq-common 5.0.0-SNAPSHOT,org.apache.rocketmq.common.rpc,ClientMetadata,403,0,58,0,83,0,38,0,9,0
rocketmq-common 5.0.0-SNAPSHOT,org.apache.rocketmq.common.rpc,RpcException,22,0,0,0,9,0,4,0,4,0
rocketmq-common 5.0.0-SNAPSHOT,org.apache.rocketmq.common.rpc,ClientMetadata.new Comparator() {...},14,0,0,0,2,0,2,0,2,0
rocketmq-common 5.0.0-SNAPSHOT,org.apache.rocketmq.common.rpc,RequestBuilder,138,0,4,0,29,0,10,0,8,0
rocketmq-common 5.0.0-SNAPSHOT,org.apache.rocketmq.common.rpc,RpcRequest,21,0,0,0,8,0,4,0,4,0
rocketmq-common 5.0.0-SNAPSHOT,org.apache.rocketmq.common.rpc,RpcClientHook,3,0,0,0,1,0,1,0,1,0
rocketmq-common 5.0.0-SNAPSHOT,org.apache.rocketmq.common.rpc,RpcClientUtils,92,0,10,0,22,0,9,0,4,0
rocketmq-common 5.0.0-SNAPSHOT,org.apache.rocketmq.common.rpc,TopicQueueRequestHeader,0,3,0,0,0,1,0,1,0,1
rocketmq-common 5.0.0-SNAPSHOT,org.apache.rocketmq.common.rpc,RpcClientImpl,696,0,69,0,146,0,55,0,16,0
rocketmq-common 5.0.0-SNAPSHOT,org.apache.rocketmq.common.queue,ConcurrentTreeMap,87,0,4,0,20,0,6,0,4,0
rocketmq-common 5.0.0-SNAPSHOT,org.apache.rocketmq.common.queue,RoundQueue,37,0,4,0,11,0,4,0,2,0
rocketmq-common 5.0.0-SNAPSHOT,org.apache.rocketmq.common.protocol.header.filtersrv,RegisterFilterServerRequestHeader,11,0,0,0,5,0,4,0,4,0
rocketmq-common 5.0.0-SNAPSHOT,org.apache.rocketmq.common.protocol.header.filtersrv,RegisterMessageFilterClassRequestHeader,32,0,0,0,14,0,10,0,10,0
rocketmq-common 5.0.0-SNAPSHOT,org.apache.rocketmq.common.protocol.header.filtersrv,RegisterFilterServerResponseHeader,18,0,0,0,8,0,6,0,6,0
rocketmq-common 5.0.0-SNAPSHOT,org.apache.rocketmq.common.consumer,ConsumeFromWhere,0,64,0,0,0,7,0,1,0,1
rocketmq-common 5.0.0-SNAPSHOT,org.apache.rocketmq.common.consumer,ReceiptHandle.ReceiptHandleBuilder,139,0,0,0,24,0,13,0,13,0
rocketmq-common 5.0.0-SNAPSHOT,org.apache.rocketmq.common.consumer,ReceiptHandle,249,0,8,0,56,0,22,0,18,0
rocketmq-common 5.0.0-SNAPSHOT,org.apache.rocketmq.common.protocol.body,RegisterBrokerBody,70,371,11,21,16,93,11,17,0,12
rocketmq-common 5.0.0-SNAPSHOT,org.apache.rocketmq.common.protocol.body,ConsumerConnection,0,71,0,4,0,24,0,14,0,12
rocketmq-common 5.0.0-SNAPSHOT,org.apache.rocketmq.common.protocol.body,LockBatchRequestBody,39,0,0,0,15,0,9,0,9,0
rocketmq-common 5.0.0-SNAPSHOT,org.apache.rocketmq.common.protocol.body,Connection,12,19,0,0,6,7,3,6,3,6
rocketmq-common 5.0.0-SNAPSHOT,org.apache.rocketmq.common.protocol.body,ConsumeMessageDirectlyResult,32,44,0,0,1,18,1,11,1,11
rocketmq-common 5.0.0-SNAPSHOT,org.apache.rocketmq.common.protocol.body,QueryConsumeTimeSpanBody,0,15,0,0,0,5,0,3,0,3
rocketmq-common 5.0.0-SNAPSHOT,org.apache.rocketmq.common.protocol.body,QueryAssignmentResponseBody,10,0,0,0,4,0,3,0,3,0
rocketmq-common 5.0.0-SNAPSHOT,org.apache.rocketmq.common.protocol.body,TopicQueueMappingSerializeWrapper,22,0,0,0,8,0,5,0,5,0
rocketmq-common 5.0.0-SNAPSHOT,org.apache.rocketmq.common.protocol.body,GetBrokerMemberGroupResponseBody,10,0,0,0,4,0,3,0,3,0
rocketmq-common 5.0.0-SNAPSHOT,org.apache.rocketmq.common.protocol.body,QueryAssignmentRequestBody,38,0,0,0,16,0,11,0,11,0
rocketmq-common 5.0.0-SNAPSHOT,org.apache.rocketmq.common.protocol.body,PopProcessQueueInfo,46,0,0,0,11,0,8,0,8,0
rocketmq-common 5.0.0-SNAPSHOT,org.apache.rocketmq.common.protocol.body,BrokerStatsData,0,24,0,0,0,10,0,7,0,7
rocketmq-common 5.0.0-SNAPSHOT,org.apache.rocketmq.common.protocol.body,ConsumeStatus,0,45,0,0,0,19,0,13,0,13
rocketmq-common 5.0.0-SNAPSHOT,org.apache.rocketmq.common.protocol.body,ConsumerRunningInfo,644,176,46,8,109,51,28,17,1,17
rocketmq-common 5.0.0-SNAPSHOT,org.apache.rocketmq.common.protocol.body,CMResult,0,64,0,0,0,7,0,1,0,1
rocketmq-common 5.0.0-SNAPSHOT,org.apache.rocketmq.common.protocol.body,ConsumeStatsList,0,29,0,0,0,11,0,7,0,7
rocketmq-common 5.0.0-SNAPSHOT,org.apache.rocketmq.common.protocol.body,HARuntimeInfo.HAConnectionRuntimeInfo,45,0,0,0,19,0,13,0,13,0
rocketmq-common 5.0.0-SNAPSHOT,org.apache.rocketmq.common.protocol.body,InSyncStateData,22,0,0,0,8,0,4,0,4,0
rocketmq-common 5.0.0-SNAPSHOT,org.apache.rocketmq.common.protocol.body,BrokerStatsItem,0,24,0,0,0,10,0,7,0,7
rocketmq-common 5.0.0-SNAPSHOT,org.apache.rocketmq.common.protocol.body,ClusterInfo,47,72,12,4,7,17,9,8,2,7
rocketmq-common 5.0.0-SNAPSHOT,org.apache.rocketmq.common.protocol.body,ProcessQueueInfo,80,101,0,0,4,43,1,29,1,29
rocketmq-common 5.0.0-SNAPSHOT,org.apache.rocketmq.common.protocol.body,MessageRequestModeSerializeWrapper,0,15,0,0,0,5,0,3,0,3
rocketmq-common 5.0.0-SNAPSHOT,org.apache.rocketmq.common.protocol.body,HARuntimeInfo.HAClientRuntimeInfo,48,0,0,0,20,0,13,0,13,0
rocketmq-common 5.0.0-SNAPSHOT,org.apache.rocketmq.common.protocol.body,TopicList,22,0,0,0,8,0,5,0,5,0
rocketmq-common 5.0.0-SNAPSHOT,org.apache.rocketmq.common.protocol.body,QueueTimeSpan,0,62,0,0,0,19,0,14,0,14
rocketmq-common 5.0.0-SNAPSHOT,org.apache.rocketmq.common.protocol.body,ProducerTableInfo,13,0,0,0,6,0,3,0,3,0
rocketmq-common 5.0.0-SNAPSHOT,org.apache.rocketmq.common.protocol.body,QueryConsumeQueueResponseBody,0,38,0,0,0,16,0,11,0,11
rocketmq-common 5.0.0-SNAPSHOT,org.apache.rocketmq.common.protocol.body,SubscriptionGroupWrapper,0,28,0,0,0,9,0,5,0,5
rocketmq-common 5.0.0-SNAPSHOT,org.apache.rocketmq.common.protocol.body,InSyncStateData.InSyncStateSet,43,0,0,0,18,0,9,0,9,0
rocketmq-common 5.0.0-SNAPSHOT,org.apache.rocketmq.common.protocol.body,ResetOffsetBodyForC,10,0,0,0,4,0,3,0,3,0
rocketmq-common 5.0.0-SNAPSHOT,org.apache.rocketmq.common.protocol.body,ConsumeByWho,48,0,0,0,18,0,11,0,11,0
rocketmq-common 5.0.0-SNAPSHOT,org.apache.rocketmq.common.protocol.body,ResetOffsetBody,0,10,0,0,0,4,0,3,0,3
rocketmq-common 5.0.0-SNAPSHOT,org.apache.rocketmq.common.protocol.body,BrokerMemberGroup,114,0,14,0,29,0,18,0,11,0
rocketmq-common 5.0.0-SNAPSHOT,org.apache.rocketmq.common.protocol.body,QuerySubscriptionResponseBody,24,0,0,0,10,0,7,0,7,0
rocketmq-common 5.0.0-SNAPSHOT,org.apache.rocketmq.common.protocol.body,GroupList,0,15,0,0,0,5,0,3,0,3
rocketmq-common 5.0.0-SNAPSHOT,org.apache.rocketmq.common.protocol.body,ProducerConnection,15,0,0,0,5,0,3,0,3,0
rocketmq-common 5.0.0-SNAPSHOT,org.apache.rocketmq.common.protocol.body,ClusterAclVersionInfo,38,0,0,0,16,0,11,0,11,0
rocketmq-common 5.0.0-SNAPSHOT,org.apache.rocketmq.common.protocol.body,GetConsumerStatusBody,27,0,0,0,9,0,5,0,5,0
rocketmq-common 5.0.0-SNAPSHOT,org.apache.rocketmq.common.protocol.body,InSyncStateData.InSyncMember,42,0,0,0,11,0,6,0,6,0
rocketmq-common 5.0.0-SNAPSHOT,org.apache.rocketmq.common.protocol.body,QueryCorrectionOffsetBody,0,15,0,0,0,5,0,3,0,3
rocketmq-common 5.0.0-SNAPSHOT,org.apache.rocketmq.common.protocol.body,GetRemoteClientConfigBody,15,0,0,0,5,0,3,0,3,0
rocketmq-common 5.0.0-SNAPSHOT,org.apache.rocketmq.common.protocol.body,KVTable,0,15,0,0,0,5,0,3,0,3
rocketmq-common 5.0.0-SNAPSHOT,org.apache.rocketmq.common.protocol.body,ConsumerOffsetSerializeWrapper,23,0,0,0,8,0,5,0,5,0
rocketmq-common 5.0.0-SNAPSHOT,org.apache.rocketmq.common.protocol.body,CheckClientRequestBody,4,27,0,0,2,11,1,8,1,8
rocketmq-common 5.0.0-SNAPSHOT,org.apache.rocketmq.common.protocol.body,TopicConfigSerializeWrapper,0,27,0,0,0,9,0,5,0,5
rocketmq-common 5.0.0-SNAPSHOT,org.apache.rocketmq.common.protocol.body,LockBatchResponseBody,15,0,0,0,5,0,3,0,3,0
rocketmq-common 5.0.0-SNAPSHOT,org.apache.rocketmq.common.protocol.body,EpochEntryCache,89,0,0,0,23,0,12,0,12,0
rocketmq-common 5.0.0-SNAPSHOT,org.apache.rocketmq.common.protocol.body,SyncStateSet,49,0,0,0,11,0,6,0,6,0
rocketmq-common 5.0.0-SNAPSHOT,org.apache.rocketmq.common.protocol.body,HARuntimeInfo,48,0,0,0,18,0,11,0,11,0
rocketmq-common 5.0.0-SNAPSHOT,org.apache.rocketmq.common.protocol.body,ProducerInfo,86,0,0,0,24,0,12,0,12,0
rocketmq-common 5.0.0-SNAPSHOT,org.apache.rocketmq.common.protocol.body,TopicConfigAndMappingSerializeWrapper,28,31,2,0,10,9,4,5,3,5
rocketmq-common 5.0.0-SNAPSHOT,org.apache.rocketmq.common.protocol.body,ConsumeQueueData,52,48,0,0,3,20,2,14,2,14
rocketmq-common 5.0.0-SNAPSHOT,org.apache.rocketmq.common.protocol.body,UnlockBatchRequestBody,39,0,0,0,15,0,9,0,9,0
rocketmq-common 5.0.0-SNAPSHOT,org.apache.rocketmq.common.protocol.body,SetMessageRequestModeRequestBody,0,37,0,0,0,16,0,9,0,9
rocketmq-common 5.0.0-SNAPSHOT,org.apache.rocketmq.common.utils,HttpTinyClient.HttpResult,9,0,0,0,4,0,1,0,1,0
rocketmq-common 5.0.0-SNAPSHOT,org.apache.rocketmq.common.utils,BinaryUtil,38,0,0,0,12,0,4,0,4,0
rocketmq-common 5.0.0-SNAPSHOT,org.apache.rocketmq.common.utils,NameServerAddressUtils,12,37,2,2,4,7,4,4,2,4
rocketmq-common 5.0.0-SNAPSHOT,org.apache.rocketmq.common.utils,HttpTinyClient,240,0,20,0,53,0,15,0,5,0
rocketmq-common 5.0.0-SNAPSHOT,org.apache.rocketmq.common.utils,DataConverter,51,0,4,0,9,0,7,0,5,0
rocketmq-common 5.0.0-SNAPSHOT,org.apache.rocketmq.common.utils,CheckpointFile,48,189,7,15,9,46,7,9,0,5
rocketmq-common 5.0.0-SNAPSHOT,org.apache.rocketmq.common.utils,FastJsonSerializer,93,0,6,0,15,0,8,0,5,0
rocketmq-common 5.0.0-SNAPSHOT,org.apache.rocketmq.common.utils,ThreadUtils.new ThreadFactory() {...},42,0,0,0,5,0,2,0,2,0
rocketmq-common 5.0.0-SNAPSHOT,org.apache.rocketmq.common.utils,ThreadUtils.new Thread.UncaughtExceptionHandler() {...},18,0,0,0,3,0,2,0,2,0
rocketmq-common 5.0.0-SNAPSHOT,org.apache.rocketmq.common.utils,ThreadUtils.new ThreadFactory() {...},51,0,0,0,5,0,2,0,2,0
rocketmq-common 5.0.0-SNAPSHOT,org.apache.rocketmq.common.utils,ChannelUtil,22,0,4,0,6,0,4,0,2,0
rocketmq-common 5.0.0-SNAPSHOT,org.apache.rocketmq.common.utils,MessageUtils,49,0,4,0,11,0,6,0,4,0
rocketmq-common 5.0.0-SNAPSHOT,org.apache.rocketmq.common.utils,IOTinyUtils,62,204,12,22,12,53,13,14,1,9
rocketmq-common 5.0.0-SNAPSHOT,org.apache.rocketmq.common.utils,CorrelationIdUtil,6,0,0,0,2,0,2,0,2,0
rocketmq-common 5.0.0-SNAPSHOT,org.apache.rocketmq.common.utils,ServiceProvider,271,0,26,0,77,0,22,0,9,0
rocketmq-common 5.0.0-SNAPSHOT,org.apache.rocketmq.common.utils,PositiveAtomicCounter,21,0,0,0,6,0,3,0,3,0
rocketmq-common 5.0.0-SNAPSHOT,org.apache.rocketmq.common.utils,QueueTypeUtils,46,0,8,0,11,0,7,0,3,0
rocketmq-common 5.0.0-SNAPSHOT,org.apache.rocketmq.common.utils,ThreadUtils,140,0,10,0,38,0,20,0,15,0
rocketmq-common 5.0.0-SNAPSHOT,org.apache.rocketmq.common.admin,RollbackStats,45,0,0,0,19,0,13,0,13,0
rocketmq-common 5.0.0-SNAPSHOT,org.apache.rocketmq.common.admin,ConsumeStats,31,25,2,0,8,9,2,5,1,5
rocketmq-common 5.0.0-SNAPSHOT,org.apache.rocketmq.common.admin,TopicOffset,22,24,0,0,1,10,1,7,1,7
rocketmq-common 5.0.0-SNAPSHOT,org.apache.rocketmq.common.admin,TopicStatsTable,0,15,0,0,0,5,0,3,0,3
rocketmq-common 5.0.0-SNAPSHOT,org.apache.rocketmq.common.admin,OffsetWrapper,24,0,0,0,10,0,7,0,7,0
rocketmq-common 5.0.0-SNAPSHOT,org.apache.rocketmq.common.constant,LoggerName,3,0,0,0,1,0,1,0,1,0
rocketmq-common 5.0.0-SNAPSHOT,org.apache.rocketmq.common.constant,ConsumeInitMode,3,0,0,0,1,0,1,0,1,0
rocketmq-common 5.0.0-SNAPSHOT,org.apache.rocketmq.common.constant,PermName,74,0,14,0,13,0,13,0,6,0
rocketmq-common 5.0.0-SNAPSHOT,org.apache.rocketmq.common.constant,DBMsgConstants,3,0,0,0,1,0,1,0,1,0
rocketmq-common 5.0.0-SNAPSHOT,org.apache.rocketmq.common.fastjson,GenericMapSuperclassDeserializer,64,0,2,0,15,0,5,0,4,0
rocketmq-common 5.0.0-SNAPSHOT,org.apache.rocketmq.common.message,MessageType,95,0,4,0,14,0,6,0,4,0
rocketmq-common 5.0.0-SNAPSHOT,org.apache.rocketmq.common.message,MessageQueueForC,229,0,36,0,61,0,31,0,13,0
rocketmq-common 5.0.0-SNAPSHOT,org.apache.rocketmq.common.message,MessageId,8,15,0,0,4,6,2,3,2,3
rocketmq-common 5.0.0-SNAPSHOT,org.apache.rocketmq.common.message,MessageQueue,67,131,16,12,18,37,16,11,2,11
rocketmq-common 5.0.0-SNAPSHOT,org.apache.rocketmq.common.message,MessageClientIDSetter,53,276,10,6,16,68,12,7,4,7
rocketmq-common 5.0.0-SNAPSHOT,org.apache.rocketmq.common.message,MessageDecoder,504,969,45,55,123,239,44,32,12,14
rocketmq-common 5.0.0-SNAPSHOT,org.apache.rocketmq.common.message,MessageRequestMode,3,34,0,0,1,6,1,2,1,2
rocketmq-common 5.0.0-SNAPSHOT,org.apache.rocketmq.common.message,MessageQueueAssignment,114,0,12,0,26,0,16,0,10,0
rocketmq-common 5.0.0-SNAPSHOT,org.apache.rocketmq.common.message,MessageVersion.new MessageVersion() {...},22,0,0,0,6,0,5,0,5,0
rocketmq-common 5.0.0-SNAPSHOT,org.apache.rocketmq.common.message,MessageExtBrokerInner,40,0,4,0,13,0,11,0,9,0
rocketmq-common 5.0.0-SNAPSHOT,org.apache.rocketmq.common.message,MessageClientExt,21,0,2,0,9,0,6,0,5,0
rocketmq-common 5.0.0-SNAPSHOT,org.apache.rocketmq.common.message,MessageBatch,18,103,5,17,2,25,7,9,2,3
rocketmq-common 5.0.0-SNAPSHOT,org.apache.rocketmq.common.message,MessageConst,3,158,0,0,1,40,1,1,1,1
rocketmq-common 5.0.0-SNAPSHOT,org.apache.rocketmq.common.message,MessageAccessor,97,0,0,0,32,0,19,0,19,0
rocketmq-common 5.0.0-SNAPSHOT,org.apache.rocketmq.common.message,MessageExtBatch,45,0,6,0,10,0,10,0,7,0
rocketmq-common 5.0.0-SNAPSHOT,org.apache.rocketmq.common.message,MessageExt,232,168,24,4,45,58,26,34,14,32
rocketmq-common 5.0.0-SNAPSHOT,org.apache.rocketmq.common.message,Message,125,166,8,20,30,49,21,26,14,19
rocketmq-common 5.0.0-SNAPSHOT,org.apache.rocketmq.common.message,MessageVersion,60,0,4,0,10,0,6,0,4,0
rocketmq-common 5.0.0-SNAPSHOT,org.apache.rocketmq.common.protocol.header,NotifyMinBrokerIdChangeRequestHeader,39,0,0,0,17,0,12,0,12,0
rocketmq-common 5.0.0-SNAPSHOT,org.apache.rocketmq.common.protocol.header,RemoveBrokerRequestHeader,25,0,0,0,11,0,8,0,8,0
rocketmq-common 5.0.0-SNAPSHOT,org.apache.rocketmq.common.protocol.header,PopMessageRequestHeader,162,0,8,0,53,0,31,0,27,0
rocketmq-common 5.0.0-SNAPSHOT,org.apache.rocketmq.common.protocol.header,SendMessageRequestHeader,361,0,19,0,115,0,42,0,32,0
rocketmq-common 5.0.0-SNAPSHOT,org.apache.rocketmq.common.protocol.header,SearchOffsetRequestHeader,41,0,0,0,16,0,9,0,9,0
rocketmq-common 5.0.0-SNAPSHOT,org.apache.rocketmq.common.protocol.header,UpdateGlobalWhiteAddrsConfigRequestHeader,18,0,0,0,8,0,6,0,6,0
rocketmq-common 5.0.0-SNAPSHOT,org.apache.rocketmq.common.protocol.header,CreateAccessConfigRequestHeader,96,0,0,0,36,0,19,0,19,0
rocketmq-common 5.0.0-SNAPSHOT,org.apache.rocketmq.common.protocol.header,UpdateConsumerOffsetRequestHeader,52,0,0,0,20,0,11,0,11,0
rocketmq-common 5.0.0-SNAPSHOT,org.apache.rocketmq.common.protocol.header,PollingInfoRequestHeader,30,0,2,0,13,0,9,0,8,0
rocketmq-common 5.0.0-SNAPSHOT,org.apache.rocketmq.common.protocol.header,NotifyConsumerIdsChangedRequestHeader,11,0,0,0,5,0,4,0,4,0
rocketmq-common 5.0.0-SNAPSHOT,org.apache.rocketmq.common.protocol.header,GetMinOffsetResponseHeader,11,0,0,0,5,0,4,0,4,0
rocketmq-common 5.0.0-SNAPSHOT,org.apache.rocketmq.common.protocol.header,PullMessageResponseHeader,105,101,8,8,33,27,25,3,17,3
rocketmq-common 5.0.0-SNAPSHOT,org.apache.rocketmq.common.protocol.header,UnregisterClientResponseHeader,4,0,0,0,2,0,2,0,2,0
rocketmq-common 5.0.0-SNAPSHOT,org.apache.rocketmq.common.protocol.header,GetConsumerConnectionListRequestHeader,11,0,0,0,5,0,4,0,4,0
rocketmq-common 5.0.0-SNAPSHOT,org.apache.rocketmq.common.protocol.header,ChangeInvisibleTimeResponseHeader,25,0,0,0,11,0,8,0,8,0
rocketmq-common 5.0.0-SNAPSHOT,org.apache.rocketmq.common.protocol.header,GetConsumerRunningInfoRequestHeader,41,0,0,0,16,0,9,0,9,0
rocketmq-common 5.0.0-SNAPSHOT,org.apache.rocketmq.common.protocol.header,ViewBrokerStatsDataRequestHeader,18,0,0,0,8,0,6,0,6,0
rocketmq-common 5.0.0-SNAPSHOT,org.apache.rocketmq.common.protocol.header,DeleteAccessConfigRequestHeader,11,0,0,0,5,0,4,0,4,0
rocketmq-common 5.0.0-SNAPSHOT,org.apache.rocketmq.common.protocol.header,ReplyMessageRequestHeader,105,0,0,0,45,0,30,0,30,0
rocketmq-common 5.0.0-SNAPSHOT,org.apache.rocketmq.common.protocol.header,SendMessageResponseHeader,66,59,5,5,21,18,16,3,11,3
rocketmq-common 5.0.0-SNAPSHOT,org.apache.rocketmq.common.protocol.header,GetBrokerMemberGroupRequestHeader,18,0,0,0,8,0,6,0,6,0
rocketmq-common 5.0.0-SNAPSHOT,org.apache.rocketmq.common.protocol.header,DeleteTopicRequestHeader,11,0,0,0,5,0,4,0,4,0
rocketmq-common 5.0.0-SNAPSHOT,org.apache.rocketmq.common.protocol.header,ExchangeHAInfoResponseHeader,25,0,0,0,11,0,8,0,8,0
rocketmq-common 5.0.0-SNAPSHOT,org.apache.rocketmq.common.protocol.header,GetBrokerClusterAclConfigResponseHeader,11,0,0,0,5,0,4,0,4,0
rocketmq-common 5.0.0-SNAPSHOT,org.apache.rocketmq.common.protocol.header,ConsumerSendMsgBackRequestHeader,88,0,0,0,33,0,17,0,17,0
rocketmq-common 5.0.0-SNAPSHOT,org.apache.rocketmq.common.protocol.header,QueryTopicsByConsumerRequestHeader,11,0,0,0,5,0,4,0,4,0
rocketmq-common 5.0.0-SNAPSHOT,org.apache.rocketmq.common.protocol.header,QueryConsumerOffsetResponseHeader,11,0,0,0,5,0,4,0,4,0
rocketmq-common 5.0.0-SNAPSHOT,org.apache.rocketmq.common.protocol.header,GetSubscriptionGroupConfigRequestHeader,11,0,0,0,5,0,4,0,4,0
rocketmq-common 5.0.0-SNAPSHOT,org.apache.rocketmq.common.protocol.header,NotifyBrokerRoleChangedRequestHeader,76,0,0,0,22,0,12,0,12,0
rocketmq-common 5.0.0-SNAPSHOT,org.apache.rocketmq.common.protocol.header,SearchOffsetResponseHeader,11,0,0,0,5,0,4,0,4,0
rocketmq-common 5.0.0-SNAPSHOT,org.apache.rocketmq.common.protocol.header,PullMessageRequestHeader,260,176,17,17,73,49,43,3,26,3
rocketmq-common 5.0.0-SNAPSHOT,org.apache.rocketmq.common.protocol.header,UnregisterClientRequestHeader,25,0,0,0,11,0,8,0,8,0
rocketmq-common 5.0.0-SNAPSHOT,org.apache.rocketmq.common.protocol.header,GetConsumeStatsInBrokerHeader,11,0,0,0,5,0,4,0,4,0
rocketmq-common 5.0.0-SNAPSHOT,org.apache.rocketmq.common.protocol.header,AddBrokerRequestHeader,11,0,0,0,5,0,4,0,4,0
rocketmq-common 5.0.0-SNAPSHOT,org.apache.rocketmq.common.protocol.header,GetConsumerListByGroupRequestHeader,19,0,0,0,8,0,5,0,5,0
rocketmq-common 5.0.0-SNAPSHOT,org.apache.rocketmq.common.protocol.header,EndTransactionResponseHeader,4,0,0,0,2,0,2,0,2,0
rocketmq-common 5.0.0-SNAPSHOT,org.apache.rocketmq.common.protocol.header,ChangeInvisibleTimeRequestHeader,74,0,0,0,28,0,15,0,15,0
rocketmq-common 5.0.0-SNAPSHOT,org.apache.rocketmq.common.protocol.header,QueryConsumerOffsetRequestHeader,32,0,0,0,14,0,10,0,10,0
rocketmq-common 5.0.0-SNAPSHOT,org.apache.rocketmq.common.protocol.header,NotificationResponseHeader,14,0,0,0,6,0,4,0,4,0
rocketmq-common 5.0.0-SNAPSHOT,org.apache.rocketmq.common.protocol.header,CloneGroupOffsetRequestHeader,52,0,0,0,20,0,11,0,11,0
rocketmq-common 5.0.0-SNAPSHOT,org.apache.rocketmq.common.protocol.header,ExchangeHAInfoRequestHeader,25,0,0,0,11,0,8,0,8,0
rocketmq-common 5.0.0-SNAPSHOT,org.apache.rocketmq.common.protocol.header,QuerySubscriptionByConsumerRequestHeader,18,0,0,0,8,0,6,0,6,0
rocketmq-common 5.0.0-SNAPSHOT,org.apache.rocketmq.common.protocol.header,GetBrokerConfigResponseHeader,11,0,0,0,5,0,4,0,4,0
rocketmq-common 5.0.0-SNAPSHOT,org.apache.rocketmq.common.protocol.header,GetTopicsByClusterRequestHeader,11,0,0,0,5,0,4,0,4,0
rocketmq-common 5.0.0-SNAPSHOT,org.apache.rocketmq.common.protocol.header,GetConsumerListByGroupResponseBody,10,0,0,0,4,0,3,0,3,0
rocketmq-common 5.0.0-SNAPSHOT,org.apache.rocketmq.common.protocol.header,CheckTransactionStateResponseHeader,48,0,4,0,18,0,12,0,10,0
rocketmq-common 5.0.0-SNAPSHOT,org.apache.rocketmq.common.protocol.header,CheckTransactionStateRequestHeader,63,0,0,0,24,0,13,0,13,0
rocketmq-common 5.0.0-SNAPSHOT,org.apache.rocketmq.common.protocol.header,GetBrokerAclConfigResponseHeader,39,0,0,0,17,0,12,0,12,0
rocketmq-common 5.0.0-SNAPSHOT,org.apache.rocketmq.common.protocol.header,GetTopicConfigRequestHeader,11,0,0,0,5,0,4,0,4,0
rocketmq-common 5.0.0-SNAPSHOT,org.apache.rocketmq.common.protocol.header,GetAllProducerInfoRequestHeader,4,0,0,0,2,0,2,0,2,0
rocketmq-common 5.0.0-SNAPSHOT,org.apache.rocketmq.common.protocol.header,QueryCorrectionOffsetHeader,25,0,0,0,11,0,8,0,8,0
rocketmq-common 5.0.0-SNAPSHOT,org.apache.rocketmq.common.protocol.header,UpdateConsumerOffsetResponseHeader,4,0,0,0,2,0,2,0,2,0
rocketmq-common 5.0.0-SNAPSHOT,org.apache.rocketmq.common.protocol.header,UpdateGroupForbiddenRequestHeader,25,0,0,0,11,0,8,0,8,0
rocketmq-common 5.0.0-SNAPSHOT,org.apache.rocketmq.common.protocol.header,ExtraInfoUtil,806,0,118,0,115,0,78,0,19,0
rocketmq-common 5.0.0-SNAPSHOT,org.apache.rocketmq.common.protocol.header,GetEarliestMsgStoretimeResponseHeader,11,0,0,0,5,0,4,0,4,0
rocketmq-common 5.0.0-SNAPSHOT,org.apache.rocketmq.common.protocol.header,GetMinOffsetRequestHeader,30,0,0,0,12,0,7,0,7,0
rocketmq-common 5.0.0-SNAPSHOT,org.apache.rocketmq.common.protocol.header,ResetMasterFlushOffsetHeader,11,0,0,0,5,0,4,0,4,0
rocketmq-common 5.0.0-SNAPSHOT,org.apache.rocketmq.common.protocol.header,SendMessageRequestHeaderV2,344,151,13,13,98,42,43,3,30,3
rocketmq-common 5.0.0-SNAPSHOT,org.apache.rocketmq.common.protocol.header,ResetOffsetRequestHeader,32,0,0,0,14,0,10,0,10,0
rocketmq-common 5.0.0-SNAPSHOT,org.apache.rocketmq.common.protocol.header,GetMaxOffsetResponseHeader,11,0,0,0,5,0,4,0,4,0
rocketmq-common 5.0.0-SNAPSHOT,org.apache.rocketmq.common.protocol.header,ViewMessageRequestHeader,11,0,0,0,5,0,4,0,4,0
rocketmq-common 5.0.0-SNAPSHOT,org.apache.rocketmq.common.protocol.header,PollingInfoResponseHeader,11,0,0,0,5,0,4,0,4,0
rocketmq-common 5.0.0-SNAPSHOT,org.apache.rocketmq.common.protocol.header,EndTransactionRequestHeader,111,0,6,0,40,0,20,0,17,0
rocketmq-common 5.0.0-SNAPSHOT,org.apache.rocketmq.common.protocol.header,QueryConsumeTimeSpanRequestHeader,18,0,0,0,8,0,6,0,6,0
rocketmq-common 5.0.0-SNAPSHOT,org.apache.rocketmq.common.protocol.header,GetConsumerListByGroupResponseHeader,4,0,0,0,2,0,2,0,2,0
rocketmq-common 5.0.0-SNAPSHOT,org.apache.rocketmq.common.protocol.header,GetEarliestMsgStoretimeRequestHeader,18,0,0,0,8,0,6,0,6,0
rocketmq-common 5.0.0-SNAPSHOT,org.apache.rocketmq.common.protocol.header,GetConsumeStatsRequestHeader,30,0,0,0,12,0,7,0,7,0
rocketmq-common 5.0.0-SNAPSHOT,org.apache.rocketmq.common.protocol.header,GetAllTopicConfigResponseHeader,4,0,0,0,2,0,2,0,2,0
rocketmq-common 5.0.0-SNAPSHOT,org.apache.rocketmq.common.protocol.header,DeleteSubscriptionGroupRequestHeader,21,0,0,0,9,0,6,0,6,0
rocketmq-common 5.0.0-SNAPSHOT,org.apache.rocketmq.common.protocol.header,ResumeCheckHalfMessageRequestHeader,23,0,0,0,6,0,5,0,5,0
rocketmq-common 5.0.0-SNAPSHOT,org.apache.rocketmq.common.protocol.header,GetProducerConnectionListRequestHeader,11,0,0,0,5,0,4,0,4,0
rocketmq-common 5.0.0-SNAPSHOT,org.apache.rocketmq.common.protocol.header,PeekMessageRequestHeader,32,0,0,0,14,0,10,0,10,0
rocketmq-common 5.0.0-SNAPSHOT,org.apache.rocketmq.common.protocol.header,QueryTopicConsumeByWhoRequestHeader,11,0,0,0,5,0,4,0,4,0
rocketmq-common 5.0.0-SNAPSHOT,org.apache.rocketmq.common.protocol.header,GetMaxOffsetRequestHeader,44,0,0,0,17,0,9,0,9,0
rocketmq-common 5.0.0-SNAPSHOT,org.apache.rocketmq.common.protocol.header,QueryMessageResponseHeader,18,0,0,0,8,0,6,0,6,0
rocketmq-common 5.0.0-SNAPSHOT,org.apache.rocketmq.common.protocol.header,GetBrokerClusterAclConfigResponseBody,17,0,0,0,7,0,5,0,5,0
rocketmq-common 5.0.0-SNAPSHOT,org.apache.rocketmq.common.protocol.header,PopMessageResponseHeader,53,0,0,0,23,0,16,0,16,0
rocketmq-common 5.0.0-SNAPSHOT,org.apache.rocketmq.common.protocol.header,GetTopicStatsInfoRequestHeader,11,0,0,0,5,0,4,0,4,0
rocketmq-common 5.0.0-SNAPSHOT,org.apache.rocketmq.common.protocol.header,ViewMessageResponseHeader,4,0,0,0,2,0,2,0,2,0
rocketmq-common 5.0.0-SNAPSHOT,org.apache.rocketmq.common.protocol.header,AckMessageRequestHeader,63,0,0,0,24,0,13,0,13,0
rocketmq-common 5.0.0-SNAPSHOT,org.apache.rocketmq.common.protocol.header,GetConsumerStatusRequestHeader,41,0,0,0,16,0,9,0,9,0
rocketmq-common 5.0.0-SNAPSHOT,org.apache.rocketmq.common.protocol.header,QueryConsumeQueueRequestHeader,39,0,0,0,17,0,12,0,12,0
rocketmq-common 5.0.0-SNAPSHOT,org.apache.rocketmq.common.protocol.header,CreateTopicRequestHeader,152,0,0,0,53,0,24,0,24,0
rocketmq-common 5.0.0-SNAPSHOT,org.apache.rocketmq.common.protocol.header,StatisticsMessagesRequestHeader,44,0,2,0,19,0,13,0,12,0
rocketmq-common 5.0.0-SNAPSHOT,org.apache.rocketmq.common.protocol.header,InitConsumerOffsetRequestHeader,18,0,0,0,8,0,6,0,6,0
rocketmq-common 5.0.0-SNAPSHOT,org.apache.rocketmq.common.protocol.header,ConsumeMessageDirectlyResultRequestHeader,85,0,0,0,32,0,17,0,17,0
rocketmq-common 5.0.0-SNAPSHOT,org.apache.rocketmq.common.protocol.header,QueryMessageRequestHeader,39,0,0,0,17,0,12,0,12,0
rocketmq-common 5.0.0-SNAPSHOT,org.apache.rocketmq.common.protocol.header,NotificationRequestHeader,44,0,2,0,19,0,13,0,12,0
rocketmq-common 5.0.0-SNAPSHOT,org.apache.rocketmq.common.namesrv,NamesrvUtil,3,0,0,0,1,0,1,0,1,0
rocketmq-common 5.0.0-SNAPSHOT,org.apache.rocketmq.common.namesrv,DefaultTopAddressing,315,0,34,0,72,0,28,0,11,0
rocketmq-common 5.0.0-SNAPSHOT,org.apache.rocketmq.common.namesrv,NamesrvConfig,204,0,0,0,69,0,35,0,35,0
rocketmq-common 5.0.0-SNAPSHOT,org.apache.rocketmq.common.namesrv,RegisterBrokerResult,24,0,0,0,10,0,7,0,7,0
